
====================================================================================================
Cloud Node Log - Cloud-AS
Started at: 2025-05-26 14:19:50
Node Configuration:
    MIPS: 9000
    Memory: 9024 MB
    Bandwidth: 9000 Mbps
    Location: 1.3521, 103.8198
====================================================================================================

[2025-05-26 14:19:50.495] Calculated processing time: 143.22ms for task size 300MB
Power Consumption:
    Total Power: 80.00W
    CPU Power: 50.00W (0.0% utilization)
    Memory Power: 20.00W (0.0% utilization)
    Network Power: 10.00W (0.0% utilization)
Node Metrics:
    Tasks Processed: 0
    Current Queue Size: 0
    Active Tasks: 0
    Throughput: 0.00 tasks/second
    Average Task Interval: N/A
Resource Utilization:
    Memory: 0.0%
    MIPS: 0.0%
    Bandwidth: 0.0%
----------------------------------------------------------------------------------------------------
[2025-05-26 14:19:50.495] Starting task processing
Task Details:
    Task ID: 1431298777664
    Node: Cloud-AS
    Timing Metrics:
        Total Time: 0.00ms
        Response Time: 0.00ms
        Processing Time: 143.22ms
        Queue Time: 0.00ms
        Transmission Time: 0.00ms
    Resource Usage:
        Memory Used: 0MB
        Bandwidth Used: 0Mbps
        RAM Required: 0MB
        Task Size: 0MB
    Network Metrics:
        Distance: 0.00km
        Queue Size: 0
    System Load:
        System Load: 0.0%
        Bandwidth Utilization: 0.0%
        MIPS Utilization: 0.0%
Power Consumption:
    Total Power: 80.00W
    CPU Power: 50.00W (0.0% utilization)
    Memory Power: 20.00W (0.0% utilization)
    Network Power: 10.00W (0.0% utilization)
Node Metrics:
    Tasks Processed: 0
    Current Queue Size: 0
    Active Tasks: 0
    Throughput: 0.00 tasks/second
    Average Task Interval: N/A
Resource Utilization:
    Memory: 0.0%
    MIPS: 0.0%
    Bandwidth: 0.0%
----------------------------------------------------------------------------------------------------
[2025-05-26 14:19:50.498] Task 1431298777664 started parallel processing. Expected time: 143.22ms
Power Consumption:
    Total Power: 134.89W
    CPU Power: 71.48W (14.3% utilization)
    Memory Power: 52.96W (41.2% utilization)
    Network Power: 10.44W (1.1% utilization)
Node Metrics:
    Tasks Processed: 1
    Current Queue Size: 1
    Active Tasks: 1
    Throughput: 6.98 tasks/second
    Average Task Interval: 143.22ms
Resource Utilization:
    Memory: 41.2%
    MIPS: 14.3%
    Bandwidth: 1.1%
----------------------------------------------------------------------------------------------------
[2025-05-26 14:19:50.656] Task 1431298777664 completed parallel processing. Processing time: 143.22ms. Remaining active tasks: 0, Total Memory Used: 0MB/9024MB, Total MIPS Used: 0/9000, Total Bandwidth Used: 0Mbps/9000Mbps
Power Consumption:
    Total Power: 80.00W
    CPU Power: 50.00W (0.0% utilization)
    Memory Power: 20.00W (0.0% utilization)
    Network Power: 10.00W (0.0% utilization)
Node Metrics:
    Tasks Processed: 1
    Current Queue Size: 0
    Active Tasks: 0
    Throughput: 6.98 tasks/second
    Average Task Interval: 143.22ms
Resource Utilization:
    Memory: 0.0%
    MIPS: 0.0%
    Bandwidth: 0.0%
----------------------------------------------------------------------------------------------------
[2025-05-26 14:19:50.657] Task completed
Task Details:
    Task ID: 1431298777664
    Node: Cloud-AS
    Timing Metrics:
        Total Time: 274.02ms
        Response Time: 0.00ms
        Processing Time: 143.22ms
        Queue Time: 0.05ms
        Transmission Time: 130.75ms
    Resource Usage:
        Memory Used: 0MB
        Bandwidth Used: 0Mbps
        RAM Required: 0MB
        Task Size: 0MB
    Network Metrics:
        Distance: 4817.13km
        Queue Size: 0
    System Load:
        System Load: 0.0%
        Bandwidth Utilization: 0.0%
        MIPS Utilization: 0.0%
Power Consumption:
    Total Power: 80.00W
    CPU Power: 50.00W (0.0% utilization)
    Memory Power: 20.00W (0.0% utilization)
    Network Power: 10.00W (0.0% utilization)
Node Metrics:
    Tasks Processed: 1
    Current Queue Size: 0
    Active Tasks: 0
    Throughput: 6.98 tasks/second
    Average Task Interval: 143.22ms
Resource Utilization:
    Memory: 0.0%
    MIPS: 0.0%
    Bandwidth: 0.0%
----------------------------------------------------------------------------------------------------
====================================================================================================
SUMMARY REPORT - Cloud-AS
====================================================================================================

Task Processing Summary:
    Total Tasks Processed: 1
    Total Processing Time: 143.22ms
    Total Queue Time: 0.05ms
    Total Transmission Time: 130.75ms

Power Consumption Summary:
    Total Energy Consumed: 0.23 kWh
    Average Power: 89.15W
    Peak Power: 134.89W
    Current Power: 80.00W
    CPU Power: 50.00W
    Memory Power: 20.00W
    Network Power: 10.00W

Average Metrics:
    Processing Time: 143.22ms
    Queue Time: 0.05ms
    Transmission Time: 130.75ms
    Total Time per Task: 274.02ms

Resource Utilization Summary:
    Peak Memory Usage: 0MB
    Peak MIPS Usage: 0
    Peak Bandwidth Usage: 0Mbps

Performance Summary:
    Average Memory per Task: 0.00MB
    Average MIPS per Task: 0.00
    Average Bandwidth per Task: 0.00Mbps

Queue Analysis:
    Average Queue Size: 0.0 tasks
    Maximum Queue Size: 1
    Queue Time Distribution:
        Min Queue Time: 0.05ms
        Max Queue Time: 0.05ms
        Average Queue Time: 0.05ms

====================================================================================================
