
====================================================================================================
Cloud Node Log - Cloud-NA
Started at: 2025-05-26 14:19:50
Node Configuration:
    MIPS: 9000
    Memory: 9024 MB
    Bandwidth: 2000 Mbps
    Location: 39.0997, -94.5786
====================================================================================================

[2025-05-26 14:19:50.494] Calculated processing time: 125.17ms for task size 270MB
Power Consumption:
    Total Power: 80.00W
    CPU Power: 50.00W (0.0% utilization)
    Memory Power: 20.00W (0.0% utilization)
    Network Power: 10.00W (0.0% utilization)
Node Metrics:
    Tasks Processed: 0
    Current Queue Size: 0
    Active Tasks: 0
    Throughput: 0.00 tasks/second
    Average Task Interval: N/A
Resource Utilization:
    Memory: 0.0%
    MIPS: 0.0%
    Bandwidth: 0.0%
----------------------------------------------------------------------------------------------------
[2025-05-26 14:19:50.494] Starting task processing
Task Details:
    Task ID: 1431298774784
    Node: Cloud-NA
    Timing Metrics:
        Total Time: 0.00ms
        Response Time: 0.00ms
        Processing Time: 125.17ms
        Queue Time: 0.00ms
        Transmission Time: 0.00ms
    Resource Usage:
        Memory Used: 0MB
        Bandwidth Used: 0Mbps
        RAM Required: 0MB
        Task Size: 0MB
    Network Metrics:
        Distance: 0.00km
        Queue Size: 0
    System Load:
        System Load: 0.0%
        Bandwidth Utilization: 0.0%
        MIPS Utilization: 0.0%
Power Consumption:
    Total Power: 80.00W
    CPU Power: 50.00W (0.0% utilization)
    Memory Power: 20.00W (0.0% utilization)
    Network Power: 10.00W (0.0% utilization)
Node Metrics:
    Tasks Processed: 0
    Current Queue Size: 0
    Active Tasks: 0
    Throughput: 0.00 tasks/second
    Average Task Interval: N/A
Resource Utilization:
    Memory: 0.0%
    MIPS: 0.0%
    Bandwidth: 0.0%
----------------------------------------------------------------------------------------------------
[2025-05-26 14:19:50.496] Calculated processing time: 98.41ms for task size 170MB
Power Consumption:
    Total Power: 143.14W
    CPU Power: 68.78W (12.5% utilization)
    Memory Power: 62.37W (53.0% utilization)
    Network Power: 12.00W (5.0% utilization)
Node Metrics:
    Tasks Processed: 1
    Current Queue Size: 1
    Active Tasks: 1
    Throughput: 7.99 tasks/second
    Average Task Interval: 125.17ms
Resource Utilization:
    Memory: 53.0%
    MIPS: 12.5%
    Bandwidth: 5.0%
----------------------------------------------------------------------------------------------------
[2025-05-26 14:19:50.496] Starting task processing
Task Details:
    Task ID: 1431298778816
    Node: Cloud-NA
    Timing Metrics:
        Total Time: 0.00ms
        Response Time: 0.00ms
        Processing Time: 98.41ms
        Queue Time: 0.00ms
        Transmission Time: 0.00ms
    Resource Usage:
        Memory Used: 0MB
        Bandwidth Used: 0Mbps
        RAM Required: 0MB
        Task Size: 0MB
    Network Metrics:
        Distance: 0.00km
        Queue Size: 0
    System Load:
        System Load: 0.0%
        Bandwidth Utilization: 0.0%
        MIPS Utilization: 0.0%
Power Consumption:
    Total Power: 143.14W
    CPU Power: 68.78W (12.5% utilization)
    Memory Power: 62.37W (53.0% utilization)
    Network Power: 12.00W (5.0% utilization)
Node Metrics:
    Tasks Processed: 1
    Current Queue Size: 1
    Active Tasks: 1
    Throughput: 7.99 tasks/second
    Average Task Interval: 125.17ms
Resource Utilization:
    Memory: 53.0%
    MIPS: 12.5%
    Bandwidth: 5.0%
----------------------------------------------------------------------------------------------------
[2025-05-26 14:19:50.498] Task 1431298774784 started parallel processing. Expected time: 125.17ms
Power Consumption:
    Total Power: 187.61W
    CPU Power: 83.54W (22.4% utilization)
    Memory Power: 90.07W (87.6% utilization)
    Network Power: 14.00W (10.0% utilization)
Node Metrics:
    Tasks Processed: 2
    Current Queue Size: 2
    Active Tasks: 2
    Throughput: 8.95 tasks/second
    Average Task Interval: 111.79ms
Resource Utilization:
    Memory: 87.6%
    MIPS: 22.4%
    Bandwidth: 10.0%
----------------------------------------------------------------------------------------------------
[2025-05-26 14:19:50.498] Task 1431298778816 started parallel processing. Expected time: 98.41ms
Power Consumption:
    Total Power: 187.61W
    CPU Power: 83.54W (22.4% utilization)
    Memory Power: 90.07W (87.6% utilization)
    Network Power: 14.00W (10.0% utilization)
Node Metrics:
    Tasks Processed: 2
    Current Queue Size: 2
    Active Tasks: 2
    Throughput: 8.95 tasks/second
    Average Task Interval: 111.79ms
Resource Utilization:
    Memory: 87.6%
    MIPS: 22.4%
    Bandwidth: 10.0%
----------------------------------------------------------------------------------------------------
[2025-05-26 14:19:50.607] Task 1431298778816 completed parallel processing. Processing time: 98.41ms. Remaining active tasks: 1, Total Memory Used: 4779MB/9024MB, Total MIPS Used: 1126.5334773904683/9000, Total Bandwidth Used: 100Mbps/2000Mbps
Power Consumption:
    Total Power: 139.13W
    CPU Power: 64.76W (9.8% utilization)
    Memory Power: 62.37W (53.0% utilization)
    Network Power: 12.00W (5.0% utilization)
Node Metrics:
    Tasks Processed: 2
    Current Queue Size: 1
    Active Tasks: 1
    Throughput: 8.95 tasks/second
    Average Task Interval: 111.79ms
Resource Utilization:
    Memory: 53.0%
    MIPS: 9.8%
    Bandwidth: 5.0%
----------------------------------------------------------------------------------------------------
[2025-05-26 14:19:50.607] Task completed
Task Details:
    Task ID: 1431298778816
    Node: Cloud-NA
    Timing Metrics:
        Total Time: 380.69ms
        Response Time: 0.00ms
        Processing Time: 98.41ms
        Queue Time: 0.05ms
        Transmission Time: 282.23ms
    Resource Usage:
        Memory Used: 0MB
        Bandwidth Used: 0Mbps
        RAM Required: 0MB
        Task Size: 0MB
    Network Metrics:
        Distance: 7930.68km
        Queue Size: 1
    System Load:
        System Load: 0.0%
        Bandwidth Utilization: 0.0%
        MIPS Utilization: 0.0%
Power Consumption:
    Total Power: 139.13W
    CPU Power: 64.76W (9.8% utilization)
    Memory Power: 62.37W (53.0% utilization)
    Network Power: 12.00W (5.0% utilization)
Node Metrics:
    Tasks Processed: 2
    Current Queue Size: 1
    Active Tasks: 1
    Throughput: 8.95 tasks/second
    Average Task Interval: 111.79ms
Resource Utilization:
    Memory: 53.0%
    MIPS: 9.8%
    Bandwidth: 5.0%
----------------------------------------------------------------------------------------------------
[2025-05-26 14:19:50.625] Task 1431298774784 completed parallel processing. Processing time: 125.17ms. Remaining active tasks: 0, Total Memory Used: 0MB/9024MB, Total MIPS Used: 0/9000, Total Bandwidth Used: 0Mbps/2000Mbps
Power Consumption:
    Total Power: 75.99W
    CPU Power: 45.99W (-2.7% utilization)
    Memory Power: 20.00W (0.0% utilization)
    Network Power: 10.00W (0.0% utilization)
Node Metrics:
    Tasks Processed: 2
    Current Queue Size: 0
    Active Tasks: 0
    Throughput: 8.95 tasks/second
    Average Task Interval: 111.79ms
Resource Utilization:
    Memory: 0.0%
    MIPS: -2.7%
    Bandwidth: 0.0%
----------------------------------------------------------------------------------------------------
[2025-05-26 14:19:50.625] Task completed
Task Details:
    Task ID: 1431298774784
    Node: Cloud-NA
    Timing Metrics:
        Total Time: 178.64ms
        Response Time: 0.00ms
        Processing Time: 125.17ms
        Queue Time: 0.06ms
        Transmission Time: 53.41ms
    Resource Usage:
        Memory Used: 0MB
        Bandwidth Used: 0Mbps
        RAM Required: 0MB
        Task Size: 0MB
    Network Metrics:
        Distance: 1100.60km
        Queue Size: 0
    System Load:
        System Load: 0.0%
        Bandwidth Utilization: 0.0%
        MIPS Utilization: 0.0%
Power Consumption:
    Total Power: 75.99W
    CPU Power: 45.99W (-2.7% utilization)
    Memory Power: 20.00W (0.0% utilization)
    Network Power: 10.00W (0.0% utilization)
Node Metrics:
    Tasks Processed: 2
    Current Queue Size: 0
    Active Tasks: 0
    Throughput: 8.95 tasks/second
    Average Task Interval: 111.79ms
Resource Utilization:
    Memory: 0.0%
    MIPS: -2.7%
    Bandwidth: 0.0%
----------------------------------------------------------------------------------------------------
====================================================================================================
SUMMARY REPORT - Cloud-NA
====================================================================================================

Task Processing Summary:
    Total Tasks Processed: 2
    Total Processing Time: 223.58ms
    Total Queue Time: 0.12ms
    Total Transmission Time: 335.64ms

Power Consumption Summary:
    Total Energy Consumed: 0.22 kWh
    Average Power: 120.70W
    Peak Power: 187.61W
    Current Power: 75.99W
    CPU Power: 45.99W
    Memory Power: 20.00W
    Network Power: 10.00W

Average Metrics:
    Processing Time: 111.79ms
    Queue Time: 0.06ms
    Transmission Time: 167.82ms
    Total Time per Task: 279.67ms

Resource Utilization Summary:
    Peak Memory Usage: 0MB
    Peak MIPS Usage: 0
    Peak Bandwidth Usage: 0Mbps

Performance Summary:
    Average Memory per Task: 0.00MB
    Average MIPS per Task: 0.00
    Average Bandwidth per Task: 0.00Mbps

Queue Analysis:
    Average Queue Size: 0.0 tasks
    Maximum Queue Size: 1
    Queue Time Distribution:
        Min Queue Time: 0.05ms
        Max Queue Time: 0.06ms
        Average Queue Time: 0.06ms

====================================================================================================
