2025-06-03 09:27:48,596 - INFO - Initialized Fog Node: Fog-KC2
2025-06-03 09:27:48,596 - INFO - Resources: MIPS=4000, Memory=4144, Bandwidth=4000
2025-06-03 09:27:48,596 - INFO - Location: {'lat': 45.0997, 'lon': -85.5786}
2025-06-03 09:27:48,722 - INFO - Attempting to assign task Tuple-5 to Fog-KC2
2025-06-03 09:27:48,722 - INFO - Resource check for task Tuple-5 on Fog-KC2:
2025-06-03 09:27:48,723 - INFO -   Required MIPS: 200.0, Available: 4000
2025-06-03 09:27:48,723 - INFO -   Required Memory: 500, Available: 4144
2025-06-03 09:27:48,723 - INFO -   Required Bandwidth: 100, Available: 4000
2025-06-03 09:27:48,723 - INFO -   Can handle: True
2025-06-03 09:27:48,723 - INFO - Task Tuple-5 assigned to Fog-KC2
2025-06-03 09:27:48,723 - INFO - Processing time: 0.03 seconds
2025-06-03 09:27:48,723 - INFO - Transmission time: 0.16 seconds
2025-06-03 09:27:48,723 - INFO - Resources allocated: MIPS=200.0, Memory=500, Bandwidth=100
2025-06-03 09:27:48,723 - INFO - Current load: 5.00%
2025-06-03 09:27:48,723 - INFO - Starting processing of task Tuple-5 on Fog-KC2
2025-06-03 09:27:48,723 - INFO - Expected processing time: 0.03 seconds
2025-06-03 09:27:48,730 - INFO - Attempting to assign task Tuple-3 to Fog-KC2
2025-06-03 09:27:48,730 - INFO - Resource check for task Tuple-3 on Fog-KC2:
2025-06-03 09:27:48,730 - INFO -   Required MIPS: 120.0, Available: 3800.0
2025-06-03 09:27:48,730 - INFO -   Required Memory: 1024, Available: 3644
2025-06-03 09:27:48,730 - INFO -   Required Bandwidth: 150, Available: 3900
2025-06-03 09:27:48,730 - INFO -   Can handle: True
2025-06-03 09:27:48,730 - INFO - Task Tuple-3 assigned to Fog-KC2
2025-06-03 09:27:48,730 - INFO - Processing time: 0.07 seconds
2025-06-03 09:27:48,730 - INFO - Transmission time: 0.35 seconds
2025-06-03 09:27:48,731 - INFO - Resources allocated: MIPS=120.0, Memory=1024, Bandwidth=150
2025-06-03 09:27:48,731 - INFO - Current load: 8.00%
2025-06-03 09:27:48,731 - INFO - Starting processing of task Tuple-3 on Fog-KC2
2025-06-03 09:27:48,732 - INFO - Expected processing time: 0.07 seconds
2025-06-03 09:27:48,737 - INFO - Attempting to assign task Tuple-13823 to Fog-KC2
2025-06-03 09:27:48,737 - INFO - Resource check for task Tuple-13823 on Fog-KC2:
2025-06-03 09:27:48,737 - INFO -   Required MIPS: 100.0, Available: 3680.0
2025-06-03 09:27:48,737 - INFO -   Required Memory: 200, Available: 2620
2025-06-03 09:27:48,737 - INFO -   Required Bandwidth: 80, Available: 3750
2025-06-03 09:27:48,737 - INFO -   Can handle: True
2025-06-03 09:27:48,737 - INFO - Task Tuple-13823 assigned to Fog-KC2
2025-06-03 09:27:48,737 - INFO - Processing time: 0.04 seconds
2025-06-03 09:27:48,737 - INFO - Transmission time: 0.20 seconds
2025-06-03 09:27:48,737 - INFO - Resources allocated: MIPS=100.0, Memory=200, Bandwidth=80
2025-06-03 09:27:48,737 - INFO - Current load: 10.50%
2025-06-03 09:27:48,737 - INFO - Starting processing of task Tuple-13823 on Fog-KC2
2025-06-03 09:27:48,738 - INFO - Expected processing time: 0.04 seconds
2025-06-03 09:27:48,762 - INFO - Task Tuple-5 completed on Fog-KC2
2025-06-03 09:27:48,763 - INFO - Resources released: MIPS=200.0, Memory=500, Bandwidth=100
2025-06-03 09:27:48,763 - INFO - Current load: 5.50%
2025-06-03 09:27:48,763 - INFO - Completed tasks: 1
2025-06-03 09:27:48,763 - INFO - Checking queued tasks on Fog-KC2
2025-06-03 09:27:48,763 - INFO - Current queue size: 0
2025-06-03 09:27:48,781 - INFO - Task Tuple-13823 completed on Fog-KC2
2025-06-03 09:27:48,782 - INFO - Resources released: MIPS=100.0, Memory=200, Bandwidth=80
2025-06-03 09:27:48,782 - INFO - Current load: 3.00%
2025-06-03 09:27:48,782 - INFO - Completed tasks: 2
2025-06-03 09:27:48,783 - INFO - Checking queued tasks on Fog-KC2
2025-06-03 09:27:48,783 - INFO - Current queue size: 0
2025-06-03 09:27:48,807 - INFO - Task Tuple-3 completed on Fog-KC2
2025-06-03 09:27:48,807 - INFO - Resources released: MIPS=120.0, Memory=1024, Bandwidth=150
2025-06-03 09:27:48,808 - INFO - Current load: 0.00%
2025-06-03 09:27:48,808 - INFO - Completed tasks: 3
2025-06-03 09:27:48,808 - INFO - Checking queued tasks on Fog-KC2
2025-06-03 09:27:48,809 - INFO - Current queue size: 0
