
====================================================================================================
Fog Node Log - Fog-SG2
Started at: 2025-05-25 20:10:14
Node Configuration:
    MIPS: 4000
    Memory: 6144 MB
    Bandwidth: 800 Mbps
    Location: 10.3521, 108.8198
====================================================================================================

[2025-05-25 20:10:14.466] Calculated processing time: 110.28ms for task size 126MB
Power Consumption:
    Total Power: 35.00W
    CPU Power: 20.00W (0.0% utilization)
    Memory Power: 10.00W (0.0% utilization)
    Network Power: 5.00W (0.0% utilization)
Node Metrics:
    Tasks Processed: 0
    Current Queue Size: 0
    Active Tasks: 0
    Throughput: 0.00 tasks/second
    Average Task Interval: N/A
Resource Utilization:
    Memory: 0.0%
    MIPS: 0.0%
    Bandwidth: 0.0%
----------------------------------------------------------------------------------------------------
[2025-05-25 20:10:14.466] Starting task processing
Task Details:
    Task ID: 1511104103616
    Node: Fog-SG2
    Timing Metrics:
        Total Time: 0.00ms
        Response Time: 0.00ms
        Processing Time: 110.28ms
        Queue Time: 0.00ms
        Transmission Time: 0.00ms
    Resource Usage:
        Memory Used: 0MB
        Bandwidth Used: 0Mbps
        RAM Required: 0MB
        Task Size: 0MB
    Network Metrics:
        Distance: 0.00km
        Queue Size: 0
    System Load:
        System Load: 0.0%
        Bandwidth Utilization: 0.0%
        MIPS Utilization: 0.0%
Power Consumption:
    Total Power: 35.00W
    CPU Power: 20.00W (0.0% utilization)
    Memory Power: 10.00W (0.0% utilization)
    Network Power: 5.00W (0.0% utilization)
Node Metrics:
    Tasks Processed: 0
    Current Queue Size: 0
    Active Tasks: 0
    Throughput: 0.00 tasks/second
    Average Task Interval: N/A
Resource Utilization:
    Memory: 0.0%
    MIPS: 0.0%
    Bandwidth: 0.0%
----------------------------------------------------------------------------------------------------
[2025-05-25 20:10:14.468] Task 1511104103616 started parallel processing. Expected time: 110.28ms
Power Consumption:
    Total Power: 63.35W
    CPU Power: 28.82W (11.0% utilization)
    Memory Power: 27.02W (42.6% utilization)
    Network Power: 7.50W (12.5% utilization)
Node Metrics:
    Tasks Processed: 1
    Current Queue Size: 0
    Active Tasks: 1
    Throughput: 9.07 tasks/second
    Average Task Interval: 110.28ms
Resource Utilization:
    Memory: 42.6%
    MIPS: 11.0%
    Bandwidth: 12.5%
----------------------------------------------------------------------------------------------------
[2025-05-25 20:10:14.920] Task 1511104103616 completed parallel processing. Processing time: 110.28ms. Remaining active tasks: 0, Total Memory Used: 0MB/6144MB, Total MIPS Used: 0/4000, Total Bandwidth Used: 0Mbps/800Mbps
Power Consumption:
    Total Power: 35.00W
    CPU Power: 20.00W (0.0% utilization)
    Memory Power: 10.00W (0.0% utilization)
    Network Power: 5.00W (0.0% utilization)
Node Metrics:
    Tasks Processed: 1
    Current Queue Size: 0
    Active Tasks: 0
    Throughput: 9.07 tasks/second
    Average Task Interval: 110.28ms
Resource Utilization:
    Memory: 0.0%
    MIPS: 0.0%
    Bandwidth: 0.0%
----------------------------------------------------------------------------------------------------
[2025-05-25 20:10:14.923] Task completed
Task Details:
    Task ID: 1511104103616
    Node: Fog-SG2
    Timing Metrics:
        Total Time: 163.31ms
        Response Time: 0.00ms
        Processing Time: 110.28ms
        Queue Time: 0.04ms
        Transmission Time: 52.98ms
    Resource Usage:
        Memory Used: 0MB
        Bandwidth Used: 0Mbps
        RAM Required: 0MB
        Task Size: 0MB
    Network Metrics:
        Distance: 1228.84km
        Queue Size: 0
    System Load:
        System Load: 0.0%
        Bandwidth Utilization: 0.0%
        MIPS Utilization: 0.0%
Power Consumption:
    Total Power: 35.00W
    CPU Power: 20.00W (0.0% utilization)
    Memory Power: 10.00W (0.0% utilization)
    Network Power: 5.00W (0.0% utilization)
Node Metrics:
    Tasks Processed: 1
    Current Queue Size: 0
    Active Tasks: 0
    Throughput: 9.07 tasks/second
    Average Task Interval: 110.28ms
Resource Utilization:
    Memory: 0.0%
    MIPS: 0.0%
    Bandwidth: 0.0%
----------------------------------------------------------------------------------------------------
====================================================================================================
SUMMARY REPORT - Fog-SG2
====================================================================================================

Task Processing Summary:
    Total Tasks Processed: 1
    Total Processing Time: 110.28ms
    Total Queue Time: 0.04ms
    Total Transmission Time: 52.98ms

Power Consumption Summary:
    Total Energy Consumed: 0.10 kWh
    Average Power: 39.72W
    Peak Power: 63.35W
    Current Power: 35.00W
    CPU Power: 20.00W
    Memory Power: 10.00W
    Network Power: 5.00W

Average Metrics:
    Processing Time: 110.28ms
    Queue Time: 0.04ms
    Transmission Time: 52.98ms
    Total Time per Task: 163.31ms

Resource Utilization Summary:
    Peak Memory Usage: 0MB
    Peak MIPS Usage: 0
    Peak Bandwidth Usage: 0Mbps

Performance Summary:
    Average Memory per Task: 0.00MB
    Average MIPS per Task: 0.00
    Average Bandwidth per Task: 0.00Mbps

Queue Analysis:
    Average Queue Size: 0.0 tasks
    Maximum Queue Size: 1
    Queue Time Distribution:
        Min Queue Time: 0.04ms
        Max Queue Time: 0.04ms
        Average Queue Time: 0.04ms

====================================================================================================
