
====================================================================================================
**************************************** GLOBAL GATEWAY FCFS (GGFNC) LOG ****************************************
====================================================================================================
Started at: 2025-05-26 14:19:14
Configuration:
    Processing Rate: 1000 tuples/second
    Cloud Nodes: 2
    Fog Nodes: 4
====================================================================================================

[2025-05-26 14:19:14.098] Allocating resources for tuple 1 of 10
----------------------------------------------------------------------------------------------------
[2025-05-26 14:19:14.098] Resources allocated for tuple 1, task started in background
----------------------------------------------------------------------------------------------------
[2025-05-26 14:19:14.098] Allocating resources for tuple 2 of 10
----------------------------------------------------------------------------------------------------
[2025-05-26 14:19:14.099] Resources allocated for tuple 2, task started in background
----------------------------------------------------------------------------------------------------
[2025-05-26 14:19:14.099] Allocating resources for tuple 3 of 10
----------------------------------------------------------------------------------------------------
[2025-05-26 14:19:14.099] Resources allocated for tuple 3, task started in background
----------------------------------------------------------------------------------------------------
[2025-05-26 14:19:14.099] Allocating resources for tuple 4 of 10
----------------------------------------------------------------------------------------------------
[2025-05-26 14:19:14.099] Resources allocated for tuple 4, task started in background
----------------------------------------------------------------------------------------------------
[2025-05-26 14:19:14.099] Allocating resources for tuple 5 of 10
----------------------------------------------------------------------------------------------------
[2025-05-26 14:19:14.099] Resources allocated for tuple 5, task started in background
----------------------------------------------------------------------------------------------------
[2025-05-26 14:19:14.099] Allocating resources for tuple 6 of 10
----------------------------------------------------------------------------------------------------
[2025-05-26 14:19:14.099] Resources allocated for tuple 6, task started in background
----------------------------------------------------------------------------------------------------
[2025-05-26 14:19:14.099] Allocating resources for tuple 7 of 10
----------------------------------------------------------------------------------------------------
[2025-05-26 14:19:14.099] Resources allocated for tuple 7, task started in background
----------------------------------------------------------------------------------------------------
[2025-05-26 14:19:14.099] Allocating resources for tuple 8 of 10
----------------------------------------------------------------------------------------------------
[2025-05-26 14:19:14.099] Resources allocated for tuple 8, task started in background
----------------------------------------------------------------------------------------------------
[2025-05-26 14:19:14.099] Allocating resources for tuple 9 of 10
----------------------------------------------------------------------------------------------------
[2025-05-26 14:19:14.099] Resources allocated for tuple 9, task started in background
----------------------------------------------------------------------------------------------------
[2025-05-26 14:19:14.099] Allocating resources for tuple 10 of 10
----------------------------------------------------------------------------------------------------
[2025-05-26 14:19:14.099] Resources allocated for tuple 10, task started in background
----------------------------------------------------------------------------------------------------
[2025-05-26 14:19:14.099] Waiting for 10 tasks to complete
----------------------------------------------------------------------------------------------------
[2025-05-26 14:19:14.099] Processing tuple 71fac031-74d8-4d69-a47b-67a41db9d59e with type: large
Task Details:
    Task ID: 71fac031-74d8-4d69-a47b-67a41db9d59e
    Node: N/A
    Timing Metrics:
        Total Time: 0.00ms
        Response Time: 0.00ms
        Processing Time: 0.00ms
        Queue Time: 0.00ms
        Transmission Time: 0.00ms
    Resource Usage:
        Memory Used: 0MB
        Bandwidth Used: 0Mbps
        RAM Required: 0MB
        Task Size: 0MB
    Network Metrics:
        Distance: 0.00km
        Queue Size: 0
    System Load:
        System Load: 0.0%
        Bandwidth Utilization: 0.0%
        MIPS Utilization: 0.0%
----------------------------------------------------------------------------------------------------
[2025-05-26 14:19:14.100] GGFNC: Routing large data to Cloud
Task Details:
    Task ID: 71fac031-74d8-4d69-a47b-67a41db9d59e
    Node: N/A
    Timing Metrics:
        Total Time: 0.00ms
        Response Time: 0.00ms
        Processing Time: 0.00ms
        Queue Time: 0.00ms
        Transmission Time: 0.00ms
    Resource Usage:
        Memory Used: 0MB
        Bandwidth Used: 0Mbps
        RAM Required: 0MB
        Task Size: 0MB
    Network Metrics:
        Distance: 0.00km
        Queue Size: 0
    System Load:
        System Load: 0.0%
        Bandwidth Utilization: 0.0%
        MIPS Utilization: 0.0%
----------------------------------------------------------------------------------------------------
[2025-05-26 14:19:14.100] Scheduling task 1
Task Details:
    Task ID: 1
    Node: N/A
    Timing Metrics:
        Total Time: 0.00ms
        Response Time: 0.00ms
        Processing Time: 0.00ms
        Queue Time: 0.00ms
        Transmission Time: 0.00ms
    Resource Usage:
        Memory Used: 0MB
        Bandwidth Used: 0Mbps
        RAM Required: 0MB
        Task Size: 270MB
    Network Metrics:
        Distance: 0.00km
        Queue Size: 0
    System Load:
        System Load: 0.0%
        Bandwidth Utilization: 0.0%
        MIPS Utilization: 0.0%
----------------------------------------------------------------------------------------------------
[2025-05-26 14:19:14.100] Distance to Cloud-NA: 1100.60km
----------------------------------------------------------------------------------------------------
[2025-05-26 14:19:14.100] Distance to Cloud-AS: 14968.56km
----------------------------------------------------------------------------------------------------
[2025-05-26 14:19:14.100] Selected nearest node: Cloud-NA (Distance: 1100.60km)
----------------------------------------------------------------------------------------------------
[2025-05-26 14:19:14.100] Task 1 added to queue of Cloud-NA
Task Details:
    Task ID: 1
    Node: Cloud-NA
    Timing Metrics:
        Total Time: 0.00ms
        Response Time: 0.00ms
        Processing Time: 0.00ms
        Queue Time: 0.00ms
        Transmission Time: 0.00ms
    Resource Usage:
        Memory Used: 0MB
        Bandwidth Used: 0Mbps
        RAM Required: 0MB
        Task Size: 270MB
    Network Metrics:
        Distance: 0.00km
        Queue Size: 0
    System Load:
        System Load: 0.0%
        Bandwidth Utilization: 0.0%
        MIPS Utilization: 0.0%
----------------------------------------------------------------------------------------------------
[2025-05-26 14:19:14.100] Processing tuple b9ef1785-8a7e-45bc-bf84-3721ee2a63fb with type: smalltextual
Task Details:
    Task ID: b9ef1785-8a7e-45bc-bf84-3721ee2a63fb
    Node: N/A
    Timing Metrics:
        Total Time: 0.00ms
        Response Time: 0.00ms
        Processing Time: 0.00ms
        Queue Time: 0.00ms
        Transmission Time: 0.00ms
    Resource Usage:
        Memory Used: 0MB
        Bandwidth Used: 0Mbps
        RAM Required: 0MB
        Task Size: 0MB
    Network Metrics:
        Distance: 0.00km
        Queue Size: 0
    System Load:
        System Load: 0.0%
        Bandwidth Utilization: 0.0%
        MIPS Utilization: 0.0%
----------------------------------------------------------------------------------------------------
[2025-05-26 14:19:14.100] GGFNC: Attempting Fog for smalltextual data
Task Details:
    Task ID: b9ef1785-8a7e-45bc-bf84-3721ee2a63fb
    Node: N/A
    Timing Metrics:
        Total Time: 0.00ms
        Response Time: 0.00ms
        Processing Time: 0.00ms
        Queue Time: 0.00ms
        Transmission Time: 0.00ms
    Resource Usage:
        Memory Used: 0MB
        Bandwidth Used: 0Mbps
        RAM Required: 0MB
        Task Size: 0MB
    Network Metrics:
        Distance: 0.00km
        Queue Size: 0
    System Load:
        System Load: 0.0%
        Bandwidth Utilization: 0.0%
        MIPS Utilization: 0.0%
----------------------------------------------------------------------------------------------------
[2025-05-26 14:19:14.100] Scheduling task 2
Task Details:
    Task ID: 2
    Node: N/A
    Timing Metrics:
        Total Time: 0.00ms
        Response Time: 0.00ms
        Processing Time: 0.00ms
        Queue Time: 0.00ms
        Transmission Time: 0.00ms
    Resource Usage:
        Memory Used: 0MB
        Bandwidth Used: 0Mbps
        RAM Required: 0MB
        Task Size: 80MB
    Network Metrics:
        Distance: 0.00km
        Queue Size: 0
    System Load:
        System Load: 0.0%
        Bandwidth Utilization: 0.0%
        MIPS Utilization: 0.0%
----------------------------------------------------------------------------------------------------
[2025-05-26 14:19:14.100] Distance to Fog-SG1: 1651.28km
----------------------------------------------------------------------------------------------------
[2025-05-26 14:19:14.100] Distance to Fog-SG2: 2946.50km
----------------------------------------------------------------------------------------------------
[2025-05-26 14:19:14.100] Distance to Fog-KC1: 16026.17km
----------------------------------------------------------------------------------------------------
[2025-05-26 14:19:14.100] Distance to Fog-KC2: 14465.66km
----------------------------------------------------------------------------------------------------
[2025-05-26 14:19:14.100] Selected nearest node: Fog-SG1 (Distance: 1651.28km)
----------------------------------------------------------------------------------------------------
[2025-05-26 14:19:14.100] Task 2 added to queue of Fog-SG1
Task Details:
    Task ID: 2
    Node: Fog-SG1
    Timing Metrics:
        Total Time: 0.00ms
        Response Time: 0.00ms
        Processing Time: 0.00ms
        Queue Time: 0.00ms
        Transmission Time: 0.00ms
    Resource Usage:
        Memory Used: 0MB
        Bandwidth Used: 0Mbps
        RAM Required: 0MB
        Task Size: 80MB
    Network Metrics:
        Distance: 0.00km
        Queue Size: 0
    System Load:
        System Load: 0.0%
        Bandwidth Utilization: 0.0%
        MIPS Utilization: 0.0%
----------------------------------------------------------------------------------------------------
[2025-05-26 14:19:14.101] Processing tuple cb061c3c-fc7b-4ea2-8de3-bd31a19ac169 with type: medical
Task Details:
    Task ID: cb061c3c-fc7b-4ea2-8de3-bd31a19ac169
    Node: N/A
    Timing Metrics:
        Total Time: 0.00ms
        Response Time: 0.00ms
        Processing Time: 0.00ms
        Queue Time: 0.00ms
        Transmission Time: 0.00ms
    Resource Usage:
        Memory Used: 0MB
        Bandwidth Used: 0Mbps
        RAM Required: 0MB
        Task Size: 0MB
    Network Metrics:
        Distance: 0.00km
        Queue Size: 0
    System Load:
        System Load: 0.0%
        Bandwidth Utilization: 0.0%
        MIPS Utilization: 0.0%
----------------------------------------------------------------------------------------------------
[2025-05-26 14:19:14.101] GGFNC: Attempting Fog for medical data
Task Details:
    Task ID: cb061c3c-fc7b-4ea2-8de3-bd31a19ac169
    Node: N/A
    Timing Metrics:
        Total Time: 0.00ms
        Response Time: 0.00ms
        Processing Time: 0.00ms
        Queue Time: 0.00ms
        Transmission Time: 0.00ms
    Resource Usage:
        Memory Used: 0MB
        Bandwidth Used: 0Mbps
        RAM Required: 0MB
        Task Size: 0MB
    Network Metrics:
        Distance: 0.00km
        Queue Size: 0
    System Load:
        System Load: 0.0%
        Bandwidth Utilization: 0.0%
        MIPS Utilization: 0.0%
----------------------------------------------------------------------------------------------------
[2025-05-26 14:19:14.101] Scheduling task 3
Task Details:
    Task ID: 3
    Node: N/A
    Timing Metrics:
        Total Time: 0.00ms
        Response Time: 0.00ms
        Processing Time: 0.00ms
        Queue Time: 0.00ms
        Transmission Time: 0.00ms
    Resource Usage:
        Memory Used: 0MB
        Bandwidth Used: 0Mbps
        RAM Required: 0MB
        Task Size: 300MB
    Network Metrics:
        Distance: 0.00km
        Queue Size: 0
    System Load:
        System Load: 0.0%
        Bandwidth Utilization: 0.0%
        MIPS Utilization: 0.0%
----------------------------------------------------------------------------------------------------
[2025-05-26 14:19:14.101] Distance to Fog-SG1: 15670.47km
----------------------------------------------------------------------------------------------------
[2025-05-26 14:19:14.101] Distance to Fog-SG2: 15109.33km
----------------------------------------------------------------------------------------------------
[2025-05-26 14:19:14.101] Distance to Fog-KC1: 2392.70km
----------------------------------------------------------------------------------------------------
[2025-05-26 14:19:14.101] Distance to Fog-KC2: 1661.24km
----------------------------------------------------------------------------------------------------
[2025-05-26 14:19:14.101] Selected nearest node: Fog-KC2 (Distance: 1661.24km)
----------------------------------------------------------------------------------------------------
[2025-05-26 14:19:14.101] Task 3 added to queue of Fog-KC2
Task Details:
    Task ID: 3
    Node: Fog-KC2
    Timing Metrics:
        Total Time: 0.00ms
        Response Time: 0.00ms
        Processing Time: 0.00ms
        Queue Time: 0.00ms
        Transmission Time: 0.00ms
    Resource Usage:
        Memory Used: 0MB
        Bandwidth Used: 0Mbps
        RAM Required: 0MB
        Task Size: 300MB
    Network Metrics:
        Distance: 0.00km
        Queue Size: 0
    System Load:
        System Load: 0.0%
        Bandwidth Utilization: 0.0%
        MIPS Utilization: 0.0%
----------------------------------------------------------------------------------------------------
[2025-05-26 14:19:14.101] Processing tuple aad61e68-b0e4-49e7-94ad-88fd4190c142 with type: bulk
Task Details:
    Task ID: aad61e68-b0e4-49e7-94ad-88fd4190c142
    Node: N/A
    Timing Metrics:
        Total Time: 0.00ms
        Response Time: 0.00ms
        Processing Time: 0.00ms
        Queue Time: 0.00ms
        Transmission Time: 0.00ms
    Resource Usage:
        Memory Used: 0MB
        Bandwidth Used: 0Mbps
        RAM Required: 0MB
        Task Size: 0MB
    Network Metrics:
        Distance: 0.00km
        Queue Size: 0
    System Load:
        System Load: 0.0%
        Bandwidth Utilization: 0.0%
        MIPS Utilization: 0.0%
----------------------------------------------------------------------------------------------------
[2025-05-26 14:19:14.101] GGFNC: Routing bulk data to Cloud
Task Details:
    Task ID: aad61e68-b0e4-49e7-94ad-88fd4190c142
    Node: N/A
    Timing Metrics:
        Total Time: 0.00ms
        Response Time: 0.00ms
        Processing Time: 0.00ms
        Queue Time: 0.00ms
        Transmission Time: 0.00ms
    Resource Usage:
        Memory Used: 0MB
        Bandwidth Used: 0Mbps
        RAM Required: 0MB
        Task Size: 0MB
    Network Metrics:
        Distance: 0.00km
        Queue Size: 0
    System Load:
        System Load: 0.0%
        Bandwidth Utilization: 0.0%
        MIPS Utilization: 0.0%
----------------------------------------------------------------------------------------------------
[2025-05-26 14:19:14.101] Scheduling task 4
Task Details:
    Task ID: 4
    Node: N/A
    Timing Metrics:
        Total Time: 0.00ms
        Response Time: 0.00ms
        Processing Time: 0.00ms
        Queue Time: 0.00ms
        Transmission Time: 0.00ms
    Resource Usage:
        Memory Used: 0MB
        Bandwidth Used: 0Mbps
        RAM Required: 0MB
        Task Size: 300MB
    Network Metrics:
        Distance: 0.00km
        Queue Size: 0
    System Load:
        System Load: 0.0%
        Bandwidth Utilization: 0.0%
        MIPS Utilization: 0.0%
----------------------------------------------------------------------------------------------------
[2025-05-26 14:19:14.101] Distance to Cloud-NA: 11819.66km
----------------------------------------------------------------------------------------------------
[2025-05-26 14:19:14.101] Distance to Cloud-AS: 4817.13km
----------------------------------------------------------------------------------------------------
[2025-05-26 14:19:14.101] Selected nearest node: Cloud-AS (Distance: 4817.13km)
----------------------------------------------------------------------------------------------------
[2025-05-26 14:19:14.101] Task 4 added to queue of Cloud-AS
Task Details:
    Task ID: 4
    Node: Cloud-AS
    Timing Metrics:
        Total Time: 0.00ms
        Response Time: 0.00ms
        Processing Time: 0.00ms
        Queue Time: 0.00ms
        Transmission Time: 0.00ms
    Resource Usage:
        Memory Used: 0MB
        Bandwidth Used: 0Mbps
        RAM Required: 0MB
        Task Size: 300MB
    Network Metrics:
        Distance: 0.00km
        Queue Size: 0
    System Load:
        System Load: 0.0%
        Bandwidth Utilization: 0.0%
        MIPS Utilization: 0.0%
----------------------------------------------------------------------------------------------------
[2025-05-26 14:19:14.101] Processing tuple e2cb58f1-ffeb-4949-be03-da019f6b4ea6 with type: locationbased
Task Details:
    Task ID: e2cb58f1-ffeb-4949-be03-da019f6b4ea6
    Node: N/A
    Timing Metrics:
        Total Time: 0.00ms
        Response Time: 0.00ms
        Processing Time: 0.00ms
        Queue Time: 0.00ms
        Transmission Time: 0.00ms
    Resource Usage:
        Memory Used: 0MB
        Bandwidth Used: 0Mbps
        RAM Required: 0MB
        Task Size: 0MB
    Network Metrics:
        Distance: 0.00km
        Queue Size: 0
    System Load:
        System Load: 0.0%
        Bandwidth Utilization: 0.0%
        MIPS Utilization: 0.0%
----------------------------------------------------------------------------------------------------
[2025-05-26 14:19:14.101] GGFNC: Attempting Fog for locationbased data
Task Details:
    Task ID: e2cb58f1-ffeb-4949-be03-da019f6b4ea6
    Node: N/A
    Timing Metrics:
        Total Time: 0.00ms
        Response Time: 0.00ms
        Processing Time: 0.00ms
        Queue Time: 0.00ms
        Transmission Time: 0.00ms
    Resource Usage:
        Memory Used: 0MB
        Bandwidth Used: 0Mbps
        RAM Required: 0MB
        Task Size: 0MB
    Network Metrics:
        Distance: 0.00km
        Queue Size: 0
    System Load:
        System Load: 0.0%
        Bandwidth Utilization: 0.0%
        MIPS Utilization: 0.0%
----------------------------------------------------------------------------------------------------
[2025-05-26 14:19:14.101] Scheduling task 5
Task Details:
    Task ID: 5
    Node: N/A
    Timing Metrics:
        Total Time: 0.00ms
        Response Time: 0.00ms
        Processing Time: 0.00ms
        Queue Time: 0.00ms
        Transmission Time: 0.00ms
    Resource Usage:
        Memory Used: 0MB
        Bandwidth Used: 0Mbps
        RAM Required: 0MB
        Task Size: 130MB
    Network Metrics:
        Distance: 0.00km
        Queue Size: 0
    System Load:
        System Load: 0.0%
        Bandwidth Utilization: 0.0%
        MIPS Utilization: 0.0%
----------------------------------------------------------------------------------------------------
[2025-05-26 14:19:14.101] Distance to Fog-SG1: 15236.92km
----------------------------------------------------------------------------------------------------
[2025-05-26 14:19:14.101] Distance to Fog-SG2: 14434.56km
----------------------------------------------------------------------------------------------------
[2025-05-26 14:19:14.101] Distance to Fog-KC1: 1586.32km
----------------------------------------------------------------------------------------------------
[2025-05-26 14:19:14.101] Distance to Fog-KC2: 752.68km
----------------------------------------------------------------------------------------------------
[2025-05-26 14:19:14.101] Selected nearest node: Fog-KC2 (Distance: 752.68km)
----------------------------------------------------------------------------------------------------
[2025-05-26 14:19:14.102] Task 5 added to queue of Fog-KC2
Task Details:
    Task ID: 5
    Node: Fog-KC2
    Timing Metrics:
        Total Time: 0.00ms
        Response Time: 0.00ms
        Processing Time: 0.00ms
        Queue Time: 0.00ms
        Transmission Time: 0.00ms
    Resource Usage:
        Memory Used: 0MB
        Bandwidth Used: 0Mbps
        RAM Required: 0MB
        Task Size: 130MB
    Network Metrics:
        Distance: 0.00km
        Queue Size: 0
    System Load:
        System Load: 0.0%
        Bandwidth Utilization: 0.0%
        MIPS Utilization: 0.0%
----------------------------------------------------------------------------------------------------
[2025-05-26 14:19:14.102] Processing tuple c65b0962-f60b-4c97-9eae-8eacf5d6d973 with type: abrupt
Task Details:
    Task ID: c65b0962-f60b-4c97-9eae-8eacf5d6d973
    Node: N/A
    Timing Metrics:
        Total Time: 0.00ms
        Response Time: 0.00ms
        Processing Time: 0.00ms
        Queue Time: 0.00ms
        Transmission Time: 0.00ms
    Resource Usage:
        Memory Used: 0MB
        Bandwidth Used: 0Mbps
        RAM Required: 0MB
        Task Size: 0MB
    Network Metrics:
        Distance: 0.00km
        Queue Size: 0
    System Load:
        System Load: 0.0%
        Bandwidth Utilization: 0.0%
        MIPS Utilization: 0.0%
----------------------------------------------------------------------------------------------------
[2025-05-26 14:19:14.102] GGFNC: Attempting Fog for abrupt data
Task Details:
    Task ID: c65b0962-f60b-4c97-9eae-8eacf5d6d973
    Node: N/A
    Timing Metrics:
        Total Time: 0.00ms
        Response Time: 0.00ms
        Processing Time: 0.00ms
        Queue Time: 0.00ms
        Transmission Time: 0.00ms
    Resource Usage:
        Memory Used: 0MB
        Bandwidth Used: 0Mbps
        RAM Required: 0MB
        Task Size: 0MB
    Network Metrics:
        Distance: 0.00km
        Queue Size: 0
    System Load:
        System Load: 0.0%
        Bandwidth Utilization: 0.0%
        MIPS Utilization: 0.0%
----------------------------------------------------------------------------------------------------
[2025-05-26 14:19:14.102] Scheduling task 6
Task Details:
    Task ID: 6
    Node: N/A
    Timing Metrics:
        Total Time: 0.00ms
        Response Time: 0.00ms
        Processing Time: 0.00ms
        Queue Time: 0.00ms
        Transmission Time: 0.00ms
    Resource Usage:
        Memory Used: 0MB
        Bandwidth Used: 0Mbps
        RAM Required: 0MB
        Task Size: 126MB
    Network Metrics:
        Distance: 0.00km
        Queue Size: 0
    System Load:
        System Load: 0.0%
        Bandwidth Utilization: 0.0%
        MIPS Utilization: 0.0%
----------------------------------------------------------------------------------------------------
[2025-05-26 14:19:14.102] Distance to Fog-SG1: 2520.47km
----------------------------------------------------------------------------------------------------
[2025-05-26 14:19:14.102] Distance to Fog-SG2: 1228.84km
----------------------------------------------------------------------------------------------------
[2025-05-26 14:19:14.102] Distance to Fog-KC1: 13817.43km
----------------------------------------------------------------------------------------------------
[2025-05-26 14:19:14.102] Distance to Fog-KC2: 13403.01km
----------------------------------------------------------------------------------------------------
[2025-05-26 14:19:14.102] Selected nearest node: Fog-SG2 (Distance: 1228.84km)
----------------------------------------------------------------------------------------------------
[2025-05-26 14:19:14.102] Task 6 added to queue of Fog-SG2
Task Details:
    Task ID: 6
    Node: Fog-SG2
    Timing Metrics:
        Total Time: 0.00ms
        Response Time: 0.00ms
        Processing Time: 0.00ms
        Queue Time: 0.00ms
        Transmission Time: 0.00ms
    Resource Usage:
        Memory Used: 0MB
        Bandwidth Used: 0Mbps
        RAM Required: 0MB
        Task Size: 126MB
    Network Metrics:
        Distance: 0.00km
        Queue Size: 0
    System Load:
        System Load: 0.0%
        Bandwidth Utilization: 0.0%
        MIPS Utilization: 0.0%
----------------------------------------------------------------------------------------------------
[2025-05-26 14:19:14.102] Processing tuple 85b4422a-6130-4b76-be02-d989fa9f59d5 with type: bulk
Task Details:
    Task ID: 85b4422a-6130-4b76-be02-d989fa9f59d5
    Node: N/A
    Timing Metrics:
        Total Time: 0.00ms
        Response Time: 0.00ms
        Processing Time: 0.00ms
        Queue Time: 0.00ms
        Transmission Time: 0.00ms
    Resource Usage:
        Memory Used: 0MB
        Bandwidth Used: 0Mbps
        RAM Required: 0MB
        Task Size: 0MB
    Network Metrics:
        Distance: 0.00km
        Queue Size: 0
    System Load:
        System Load: 0.0%
        Bandwidth Utilization: 0.0%
        MIPS Utilization: 0.0%
----------------------------------------------------------------------------------------------------
[2025-05-26 14:19:14.102] GGFNC: Routing bulk data to Cloud
Task Details:
    Task ID: 85b4422a-6130-4b76-be02-d989fa9f59d5
    Node: N/A
    Timing Metrics:
        Total Time: 0.00ms
        Response Time: 0.00ms
        Processing Time: 0.00ms
        Queue Time: 0.00ms
        Transmission Time: 0.00ms
    Resource Usage:
        Memory Used: 0MB
        Bandwidth Used: 0Mbps
        RAM Required: 0MB
        Task Size: 0MB
    Network Metrics:
        Distance: 0.00km
        Queue Size: 0
    System Load:
        System Load: 0.0%
        Bandwidth Utilization: 0.0%
        MIPS Utilization: 0.0%
----------------------------------------------------------------------------------------------------
[2025-05-26 14:19:14.102] Scheduling task 7
Task Details:
    Task ID: 7
    Node: N/A
    Timing Metrics:
        Total Time: 0.00ms
        Response Time: 0.00ms
        Processing Time: 0.00ms
        Queue Time: 0.00ms
        Transmission Time: 0.00ms
    Resource Usage:
        Memory Used: 0MB
        Bandwidth Used: 0Mbps
        RAM Required: 0MB
        Task Size: 170MB
    Network Metrics:
        Distance: 0.00km
        Queue Size: 0
    System Load:
        System Load: 0.0%
        Bandwidth Utilization: 0.0%
        MIPS Utilization: 0.0%
----------------------------------------------------------------------------------------------------
[2025-05-26 14:19:14.102] Distance to Cloud-NA: 7930.68km
----------------------------------------------------------------------------------------------------
[2025-05-26 14:19:14.102] Distance to Cloud-AS: 7992.13km
----------------------------------------------------------------------------------------------------
[2025-05-26 14:19:14.102] Selected nearest node: Cloud-NA (Distance: 7930.68km)
----------------------------------------------------------------------------------------------------
[2025-05-26 14:19:14.102] Task 7 added to queue of Cloud-NA
Task Details:
    Task ID: 7
    Node: Cloud-NA
    Timing Metrics:
        Total Time: 0.00ms
        Response Time: 0.00ms
        Processing Time: 0.00ms
        Queue Time: 0.00ms
        Transmission Time: 0.00ms
    Resource Usage:
        Memory Used: 0MB
        Bandwidth Used: 0Mbps
        RAM Required: 0MB
        Task Size: 170MB
    Network Metrics:
        Distance: 0.00km
        Queue Size: 0
    System Load:
        System Load: 0.0%
        Bandwidth Utilization: 0.0%
        MIPS Utilization: 0.0%
----------------------------------------------------------------------------------------------------
[2025-05-26 14:19:14.102] Processing tuple 108cab39-4e30-4d5a-b20a-3d52d5470766 with type: medical
Task Details:
    Task ID: 108cab39-4e30-4d5a-b20a-3d52d5470766
    Node: N/A
    Timing Metrics:
        Total Time: 0.00ms
        Response Time: 0.00ms
        Processing Time: 0.00ms
        Queue Time: 0.00ms
        Transmission Time: 0.00ms
    Resource Usage:
        Memory Used: 0MB
        Bandwidth Used: 0Mbps
        RAM Required: 0MB
        Task Size: 0MB
    Network Metrics:
        Distance: 0.00km
        Queue Size: 0
    System Load:
        System Load: 0.0%
        Bandwidth Utilization: 0.0%
        MIPS Utilization: 0.0%
----------------------------------------------------------------------------------------------------
[2025-05-26 14:19:14.102] GGFNC: Attempting Fog for medical data
Task Details:
    Task ID: 108cab39-4e30-4d5a-b20a-3d52d5470766
    Node: N/A
    Timing Metrics:
        Total Time: 0.00ms
        Response Time: 0.00ms
        Processing Time: 0.00ms
        Queue Time: 0.00ms
        Transmission Time: 0.00ms
    Resource Usage:
        Memory Used: 0MB
        Bandwidth Used: 0Mbps
        RAM Required: 0MB
        Task Size: 0MB
    Network Metrics:
        Distance: 0.00km
        Queue Size: 0
    System Load:
        System Load: 0.0%
        Bandwidth Utilization: 0.0%
        MIPS Utilization: 0.0%
----------------------------------------------------------------------------------------------------
[2025-05-26 14:19:14.102] Scheduling task 8
Task Details:
    Task ID: 8
    Node: N/A
    Timing Metrics:
        Total Time: 0.00ms
        Response Time: 0.00ms
        Processing Time: 0.00ms
        Queue Time: 0.00ms
        Transmission Time: 0.00ms
    Resource Usage:
        Memory Used: 0MB
        Bandwidth Used: 0Mbps
        RAM Required: 0MB
        Task Size: 170MB
    Network Metrics:
        Distance: 0.00km
        Queue Size: 0
    System Load:
        System Load: 0.0%
        Bandwidth Utilization: 0.0%
        MIPS Utilization: 0.0%
----------------------------------------------------------------------------------------------------
[2025-05-26 14:19:14.102] Distance to Fog-SG1: 4973.02km
----------------------------------------------------------------------------------------------------
[2025-05-26 14:19:14.102] Distance to Fog-SG2: 6192.23km
----------------------------------------------------------------------------------------------------
[2025-05-26 14:19:14.102] Distance to Fog-KC1: 19213.01km
----------------------------------------------------------------------------------------------------
[2025-05-26 14:19:14.102] Distance to Fog-KC2: 17800.26km
----------------------------------------------------------------------------------------------------
[2025-05-26 14:19:14.102] Selected nearest node: Fog-SG1 (Distance: 4973.02km)
----------------------------------------------------------------------------------------------------
[2025-05-26 14:19:14.102] Task 8 added to queue of Fog-SG1
Task Details:
    Task ID: 8
    Node: Fog-SG1
    Timing Metrics:
        Total Time: 0.00ms
        Response Time: 0.00ms
        Processing Time: 0.00ms
        Queue Time: 0.00ms
        Transmission Time: 0.00ms
    Resource Usage:
        Memory Used: 0MB
        Bandwidth Used: 0Mbps
        RAM Required: 0MB
        Task Size: 170MB
    Network Metrics:
        Distance: 0.00km
        Queue Size: 0
    System Load:
        System Load: 0.0%
        Bandwidth Utilization: 0.0%
        MIPS Utilization: 0.0%
----------------------------------------------------------------------------------------------------
[2025-05-26 14:19:14.103] Processing tuple 7ad589b5-bc7a-445a-b94a-3355766e5376 with type: smalltextual
Task Details:
    Task ID: 7ad589b5-bc7a-445a-b94a-3355766e5376
    Node: N/A
    Timing Metrics:
        Total Time: 0.00ms
        Response Time: 0.00ms
        Processing Time: 0.00ms
        Queue Time: 0.00ms
        Transmission Time: 0.00ms
    Resource Usage:
        Memory Used: 0MB
        Bandwidth Used: 0Mbps
        RAM Required: 0MB
        Task Size: 0MB
    Network Metrics:
        Distance: 0.00km
        Queue Size: 0
    System Load:
        System Load: 0.0%
        Bandwidth Utilization: 0.0%
        MIPS Utilization: 0.0%
----------------------------------------------------------------------------------------------------
[2025-05-26 14:19:14.103] GGFNC: Attempting Fog for smalltextual data
Task Details:
    Task ID: 7ad589b5-bc7a-445a-b94a-3355766e5376
    Node: N/A
    Timing Metrics:
        Total Time: 0.00ms
        Response Time: 0.00ms
        Processing Time: 0.00ms
        Queue Time: 0.00ms
        Transmission Time: 0.00ms
    Resource Usage:
        Memory Used: 0MB
        Bandwidth Used: 0Mbps
        RAM Required: 0MB
        Task Size: 0MB
    Network Metrics:
        Distance: 0.00km
        Queue Size: 0
    System Load:
        System Load: 0.0%
        Bandwidth Utilization: 0.0%
        MIPS Utilization: 0.0%
----------------------------------------------------------------------------------------------------
[2025-05-26 14:19:14.103] Scheduling task 9
Task Details:
    Task ID: 9
    Node: N/A
    Timing Metrics:
        Total Time: 0.00ms
        Response Time: 0.00ms
        Processing Time: 0.00ms
        Queue Time: 0.00ms
        Transmission Time: 0.00ms
    Resource Usage:
        Memory Used: 0MB
        Bandwidth Used: 0Mbps
        RAM Required: 0MB
        Task Size: 300MB
    Network Metrics:
        Distance: 0.00km
        Queue Size: 0
    System Load:
        System Load: 0.0%
        Bandwidth Utilization: 0.0%
        MIPS Utilization: 0.0%
----------------------------------------------------------------------------------------------------
[2025-05-26 14:19:14.103] Distance to Fog-SG1: 4151.79km
----------------------------------------------------------------------------------------------------
[2025-05-26 14:19:14.103] Distance to Fog-SG2: 4474.01km
----------------------------------------------------------------------------------------------------
[2025-05-26 14:19:14.103] Distance to Fog-KC1: 12645.23km
----------------------------------------------------------------------------------------------------
[2025-05-26 14:19:14.103] Distance to Fog-KC2: 10990.33km
----------------------------------------------------------------------------------------------------
[2025-05-26 14:19:14.103] Selected nearest node: Fog-SG1 (Distance: 4151.79km)
----------------------------------------------------------------------------------------------------
[2025-05-26 14:19:14.103] Task 9 added to queue of Fog-SG1
Task Details:
    Task ID: 9
    Node: Fog-SG1
    Timing Metrics:
        Total Time: 0.00ms
        Response Time: 0.00ms
        Processing Time: 0.00ms
        Queue Time: 0.00ms
        Transmission Time: 0.00ms
    Resource Usage:
        Memory Used: 0MB
        Bandwidth Used: 0Mbps
        RAM Required: 0MB
        Task Size: 300MB
    Network Metrics:
        Distance: 0.00km
        Queue Size: 0
    System Load:
        System Load: 0.0%
        Bandwidth Utilization: 0.0%
        MIPS Utilization: 0.0%
----------------------------------------------------------------------------------------------------
[2025-05-26 14:19:14.103] Processing tuple 119ab867-cb46-4153-9fd1-1204111fb383 with type: locationbased
Task Details:
    Task ID: 119ab867-cb46-4153-9fd1-1204111fb383
    Node: N/A
    Timing Metrics:
        Total Time: 0.00ms
        Response Time: 0.00ms
        Processing Time: 0.00ms
        Queue Time: 0.00ms
        Transmission Time: 0.00ms
    Resource Usage:
        Memory Used: 0MB
        Bandwidth Used: 0Mbps
        RAM Required: 0MB
        Task Size: 0MB
    Network Metrics:
        Distance: 0.00km
        Queue Size: 0
    System Load:
        System Load: 0.0%
        Bandwidth Utilization: 0.0%
        MIPS Utilization: 0.0%
----------------------------------------------------------------------------------------------------
[2025-05-26 14:19:14.103] GGFNC: Attempting Fog for locationbased data
Task Details:
    Task ID: 119ab867-cb46-4153-9fd1-1204111fb383
    Node: N/A
    Timing Metrics:
        Total Time: 0.00ms
        Response Time: 0.00ms
        Processing Time: 0.00ms
        Queue Time: 0.00ms
        Transmission Time: 0.00ms
    Resource Usage:
        Memory Used: 0MB
        Bandwidth Used: 0Mbps
        RAM Required: 0MB
        Task Size: 0MB
    Network Metrics:
        Distance: 0.00km
        Queue Size: 0
    System Load:
        System Load: 0.0%
        Bandwidth Utilization: 0.0%
        MIPS Utilization: 0.0%
----------------------------------------------------------------------------------------------------
[2025-05-26 14:19:14.103] Scheduling task 10
Task Details:
    Task ID: 10
    Node: N/A
    Timing Metrics:
        Total Time: 0.00ms
        Response Time: 0.00ms
        Processing Time: 0.00ms
        Queue Time: 0.00ms
        Transmission Time: 0.00ms
    Resource Usage:
        Memory Used: 0MB
        Bandwidth Used: 0Mbps
        RAM Required: 0MB
        Task Size: 170MB
    Network Metrics:
        Distance: 0.00km
        Queue Size: 0
    System Load:
        System Load: 0.0%
        Bandwidth Utilization: 0.0%
        MIPS Utilization: 0.0%
----------------------------------------------------------------------------------------------------
[2025-05-26 14:19:14.103] Distance to Fog-SG1: 15671.17km
----------------------------------------------------------------------------------------------------
[2025-05-26 14:19:14.103] Distance to Fog-SG2: 14583.56km
----------------------------------------------------------------------------------------------------
[2025-05-26 14:19:14.103] Distance to Fog-KC1: 286.95km
----------------------------------------------------------------------------------------------------
[2025-05-26 14:19:14.103] Distance to Fog-KC2: 1636.10km
----------------------------------------------------------------------------------------------------
[2025-05-26 14:19:14.103] Selected nearest node: Fog-KC1 (Distance: 286.95km)
----------------------------------------------------------------------------------------------------
[2025-05-26 14:19:14.103] Task 10 added to queue of Fog-KC1
Task Details:
    Task ID: 10
    Node: Fog-KC1
    Timing Metrics:
        Total Time: 0.00ms
        Response Time: 0.00ms
        Processing Time: 0.00ms
        Queue Time: 0.00ms
        Transmission Time: 0.00ms
    Resource Usage:
        Memory Used: 0MB
        Bandwidth Used: 0Mbps
        RAM Required: 0MB
        Task Size: 170MB
    Network Metrics:
        Distance: 0.00km
        Queue Size: 0
    System Load:
        System Load: 0.0%
        Bandwidth Utilization: 0.0%
        MIPS Utilization: 0.0%
----------------------------------------------------------------------------------------------------
[2025-05-26 14:19:14.214] Task 7 completed on Cloud-NA
Task Details:
    ID: 7
    Size: 170MB
    Memory Required: 512MB
    Bandwidth Required: 100Mbps
Timing Metrics:
    Queue Time: 112.05ms
    Processing Time: 102.82ms
    Transmission Time: 284.09ms
    Total Time: 386.95ms
    Response Time: 214.88ms
Resource Usage:
    Memory Used: 3255MB
    Bandwidth Used: 4787.250017129547Mbps
    Distance: 7930.68km
Power Consumption:
    CPU Power: 92.54W
    Memory Power: 5.67W
    Network Power: 0.71W
    Total Power: 98.93W
    Energy Consumed: 0.0106kWh
Task Details:
    Task ID: 7
    Node: Cloud-NA
    Timing Metrics:
        Total Time: 386.95ms
        Response Time: 214.88ms
        Processing Time: 102.82ms
        Queue Time: 112.05ms
        Transmission Time: 284.09ms
    Resource Usage:
        Memory Used: 3255MB
        Bandwidth Used: 4787.250017129547Mbps
        RAM Required: 0MB
        Task Size: 170MB
    Network Metrics:
        Distance: 7930.68km
        Queue Size: 1
    System Load:
        System Load: 42.8%
        Bandwidth Utilization: 14204.4%
        MIPS Utilization: 11424.9%
----------------------------------------------------------------------------------------------------
[2025-05-26 14:19:14.214] Task 6 completed on Fog-SG2
Task Details:
    ID: 6
    Size: 126MB
    Memory Required: 512MB
    Bandwidth Required: 100Mbps
Timing Metrics:
    Queue Time: 112.58ms
    Processing Time: 104.12ms
    Transmission Time: 49.16ms
    Total Time: 153.32ms
    Response Time: 216.70ms
Resource Usage:
    Memory Used: 1827MB
    Bandwidth Used: 20505.62482496025Mbps
    Distance: 1228.84km
Power Consumption:
    CPU Power: 41.65W
    Memory Power: 8.33W
    Network Power: 0.31W
    Total Power: 50.29W
    Energy Consumed: 0.0021kWh
Task Details:
    Task ID: 6
    Node: Fog-SG2
    Timing Metrics:
        Total Time: 153.32ms
        Response Time: 216.70ms
        Processing Time: 104.12ms
        Queue Time: 112.58ms
        Transmission Time: 49.16ms
    Resource Usage:
        Memory Used: 1827MB
        Bandwidth Used: 20505.62482496025Mbps
        RAM Required: 0MB
        Task Size: 126MB
    Network Metrics:
        Distance: 1228.84km
        Queue Size: 0
    System Load:
        System Load: 0.0%
        Bandwidth Utilization: 0.0%
        MIPS Utilization: 0.0%
----------------------------------------------------------------------------------------------------
[2025-05-26 14:19:14.226] Task 10 completed on Fog-KC1
Task Details:
    ID: 10
    Size: 170MB
    Memory Required: 512MB
    Bandwidth Required: 100Mbps
Timing Metrics:
    Queue Time: 122.93ms
    Processing Time: 112.72ms
    Transmission Time: 32.22ms
    Total Time: 144.98ms
    Response Time: 235.65ms
Resource Usage:
    Memory Used: 1329MB
    Bandwidth Used: 42208.93955378223Mbps
    Distance: 286.95km
Power Consumption:
    CPU Power: 56.36W
    Memory Power: 6.25W
    Network Power: 0.16W
    Total Power: 62.77W
    Energy Consumed: 0.0025kWh
Task Details:
    Task ID: 10
    Node: Fog-KC1
    Timing Metrics:
        Total Time: 144.98ms
        Response Time: 235.65ms
        Processing Time: 112.72ms
        Queue Time: 122.93ms
        Transmission Time: 32.22ms
    Resource Usage:
        Memory Used: 1329MB
        Bandwidth Used: 42208.93955378223Mbps
        RAM Required: 0MB
        Task Size: 170MB
    Network Metrics:
        Distance: 286.95km
        Queue Size: 0
    System Load:
        System Load: 0.0%
        Bandwidth Utilization: 0.0%
        MIPS Utilization: 0.0%
----------------------------------------------------------------------------------------------------
[2025-05-26 14:19:14.226] Task 1 completed on Cloud-NA
Task Details:
    ID: 1
    Size: 270MB
    Memory Required: 512MB
    Bandwidth Required: 100Mbps
Timing Metrics:
    Queue Time: 126.65ms
    Processing Time: 114.07ms
    Transmission Time: 62.33ms
    Total Time: 176.46ms
    Response Time: 240.72ms
Resource Usage:
    Memory Used: 3866MB
    Bandwidth Used: 34651.97529267637Mbps
    Distance: 1100.60km
Power Consumption:
    CPU Power: 102.66W
    Memory Power: 5.67W
    Network Power: 0.16W
    Total Power: 108.49W
    Energy Consumed: 0.0053kWh
Task Details:
    Task ID: 1
    Node: Cloud-NA
    Timing Metrics:
        Total Time: 176.46ms
        Response Time: 240.72ms
        Processing Time: 114.07ms
        Queue Time: 126.65ms
        Transmission Time: 62.33ms
    Resource Usage:
        Memory Used: 3866MB
        Bandwidth Used: 34651.97529267637Mbps
        RAM Required: 0MB
        Task Size: 270MB
    Network Metrics:
        Distance: 1100.60km
        Queue Size: 0
    System Load:
        System Load: 0.0%
        Bandwidth Utilization: 0.0%
        MIPS Utilization: 0.0%
----------------------------------------------------------------------------------------------------
[2025-05-26 14:19:14.226] Task 71fac031-74d8-4d69-a47b-67a41db9d59e completed successfully
----------------------------------------------------------------------------------------------------
[2025-05-26 14:19:14.242] Task 4 completed on Cloud-AS
Task Details:
    ID: 4
    Size: 300MB
    Memory Required: 512MB
    Bandwidth Required: 100Mbps
Timing Metrics:
    Queue Time: 140.55ms
    Processing Time: 130.78ms
    Transmission Time: 128.79ms
    Total Time: 259.61ms
    Response Time: 271.34ms
Resource Usage:
    Memory Used: 3521MB
    Bandwidth Used: 18635.380417880286Mbps
    Distance: 4817.13km
Power Consumption:
    CPU Power: 117.71W
    Memory Power: 5.67W
    Network Power: 0.07W
    Total Power: 123.45W
    Energy Consumed: 0.0089kWh
Task Details:
    Task ID: 4
    Node: Cloud-AS
    Timing Metrics:
        Total Time: 259.61ms
        Response Time: 271.34ms
        Processing Time: 130.78ms
        Queue Time: 140.55ms
        Transmission Time: 128.79ms
    Resource Usage:
        Memory Used: 3521MB
        Bandwidth Used: 18635.380417880286Mbps
        RAM Required: 0MB
        Task Size: 300MB
    Network Metrics:
        Distance: 4817.13km
        Queue Size: 0
    System Load:
        System Load: 0.0%
        Bandwidth Utilization: 0.0%
        MIPS Utilization: 0.0%
----------------------------------------------------------------------------------------------------
[2025-05-26 14:19:14.258] Task 5 completed on Fog-KC2
Task Details:
    ID: 5
    Size: 130MB
    Memory Required: 512MB
    Bandwidth Required: 100Mbps
Timing Metrics:
    Queue Time: 156.52ms
    Processing Time: 148.87ms
    Transmission Time: 42.70ms
    Total Time: 191.62ms
    Response Time: 305.39ms
Resource Usage:
    Memory Used: 2492MB
    Bandwidth Used: 24356.881654413522Mbps
    Distance: 752.68km
Power Consumption:
    CPU Power: 59.55W
    Memory Power: 8.33W
    Network Power: 0.27W
    Total Power: 68.15W
    Energy Consumed: 0.0036kWh
Task Details:
    Task ID: 5
    Node: Fog-KC2
    Timing Metrics:
        Total Time: 191.62ms
        Response Time: 305.39ms
        Processing Time: 148.87ms
        Queue Time: 156.52ms
        Transmission Time: 42.70ms
    Resource Usage:
        Memory Used: 2492MB
        Bandwidth Used: 24356.881654413522Mbps
        RAM Required: 0MB
        Task Size: 130MB
    Network Metrics:
        Distance: 752.68km
        Queue Size: 1
    System Load:
        System Load: 55.8%
        Bandwidth Utilization: 5337.3%
        MIPS Utilization: 37217.6%
----------------------------------------------------------------------------------------------------
[2025-05-26 14:19:14.323] Task 3 completed on Fog-KC2
Task Details:
    ID: 3
    Size: 300MB
    Memory Required: 512MB
    Bandwidth Required: 100Mbps
Timing Metrics:
    Queue Time: 221.93ms
    Processing Time: 206.16ms
    Transmission Time: 74.51ms
    Total Time: 280.71ms
    Response Time: 428.09ms
Resource Usage:
    Memory Used: 3429MB
    Bandwidth Used: 32210.49200163051Mbps
    Distance: 1661.24km
Power Consumption:
    CPU Power: 82.46W
    Memory Power: 8.33W
    Network Power: 0.47W
    Total Power: 91.26W
    Energy Consumed: 0.0071kWh
Task Details:
    Task ID: 3
    Node: Fog-KC2
    Timing Metrics:
        Total Time: 280.71ms
        Response Time: 428.09ms
        Processing Time: 206.16ms
        Queue Time: 221.93ms
        Transmission Time: 74.51ms
    Resource Usage:
        Memory Used: 3429MB
        Bandwidth Used: 32210.49200163051Mbps
        RAM Required: 0MB
        Task Size: 300MB
    Network Metrics:
        Distance: 1661.24km
        Queue Size: 0
    System Load:
        System Load: 0.0%
        Bandwidth Utilization: 0.0%
        MIPS Utilization: 0.0%
----------------------------------------------------------------------------------------------------
[2025-05-26 14:19:14.341] Task 8 completed on Fog-SG1
Task Details:
    ID: 8
    Size: 170MB
    Memory Required: 512MB
    Bandwidth Required: 100Mbps
Timing Metrics:
    Queue Time: 238.60ms
    Processing Time: 236.46ms
    Transmission Time: 111.73ms
    Total Time: 348.24ms
    Response Time: 475.07ms
Resource Usage:
    Memory Used: 1057MB
    Bandwidth Used: 12172.374527653732Mbps
    Distance: 4973.02km
Power Consumption:
    CPU Power: 23.65W
    Memory Power: 25.00W
    Network Power: 0.56W
    Total Power: 49.20W
    Energy Consumed: 0.0048kWh
Task Details:
    Task ID: 8
    Node: Fog-SG1
    Timing Metrics:
        Total Time: 348.24ms
        Response Time: 475.07ms
        Processing Time: 236.46ms
        Queue Time: 238.60ms
        Transmission Time: 111.73ms
    Resource Usage:
        Memory Used: 1057MB
        Bandwidth Used: 12172.374527653732Mbps
        RAM Required: 0MB
        Task Size: 170MB
    Network Metrics:
        Distance: 4973.02km
        Queue Size: 2
    System Load:
        System Load: 0.0%
        Bandwidth Utilization: 0.0%
        MIPS Utilization: 0.0%
----------------------------------------------------------------------------------------------------
[2025-05-26 14:19:24.105] Timeout while processing task 2
----------------------------------------------------------------------------------------------------
[2025-05-26 14:19:24.106] Error in _schedule_task: Task processing timeout
----------------------------------------------------------------------------------------------------
[2025-05-26 14:19:24.106] GGFNC: Fog processing failed, falling back to nearest Cloud
Task Details:
    Task ID: b9ef1785-8a7e-45bc-bf84-3721ee2a63fb
    Node: N/A
    Timing Metrics:
        Total Time: 0.00ms
        Response Time: 0.00ms
        Processing Time: 0.00ms
        Queue Time: 0.00ms
        Transmission Time: 0.00ms
    Resource Usage:
        Memory Used: 0MB
        Bandwidth Used: 0Mbps
        RAM Required: 0MB
        Task Size: 0MB
    Network Metrics:
        Distance: 0.00km
        Queue Size: 0
    System Load:
        System Load: 0.0%
        Bandwidth Utilization: 0.0%
        MIPS Utilization: 0.0%
----------------------------------------------------------------------------------------------------
[2025-05-26 14:19:24.106] Selected nearest cloud node: Cloud-AS
----------------------------------------------------------------------------------------------------
[2025-05-26 14:19:24.106] Scheduling task 11
Task Details:
    Task ID: 11
    Node: N/A
    Timing Metrics:
        Total Time: 0.00ms
        Response Time: 0.00ms
        Processing Time: 0.00ms
        Queue Time: 0.00ms
        Transmission Time: 0.00ms
    Resource Usage:
        Memory Used: 0MB
        Bandwidth Used: 0Mbps
        RAM Required: 0MB
        Task Size: 80MB
    Network Metrics:
        Distance: 0.00km
        Queue Size: 0
    System Load:
        System Load: 0.0%
        Bandwidth Utilization: 0.0%
        MIPS Utilization: 0.0%
----------------------------------------------------------------------------------------------------
[2025-05-26 14:19:24.107] Distance to Cloud-NA: 15244.28km
----------------------------------------------------------------------------------------------------
[2025-05-26 14:19:24.107] Distance to Cloud-AS: 2333.94km
----------------------------------------------------------------------------------------------------
[2025-05-26 14:19:24.107] Selected nearest node: Cloud-AS (Distance: 2333.94km)
----------------------------------------------------------------------------------------------------
[2025-05-26 14:19:24.107] Task 11 added to queue of Cloud-AS
Task Details:
    Task ID: 11
    Node: Cloud-AS
    Timing Metrics:
        Total Time: 0.00ms
        Response Time: 0.00ms
        Processing Time: 0.00ms
        Queue Time: 0.00ms
        Transmission Time: 0.00ms
    Resource Usage:
        Memory Used: 0MB
        Bandwidth Used: 0Mbps
        RAM Required: 0MB
        Task Size: 80MB
    Network Metrics:
        Distance: 0.00km
        Queue Size: 0
    System Load:
        System Load: 0.0%
        Bandwidth Utilization: 0.0%
        MIPS Utilization: 0.0%
----------------------------------------------------------------------------------------------------
[2025-05-26 14:19:24.109] Timeout while processing task 9
----------------------------------------------------------------------------------------------------
[2025-05-26 14:19:24.109] Error in _schedule_task: Task processing timeout
----------------------------------------------------------------------------------------------------
[2025-05-26 14:19:24.109] GGFNC: Fog processing failed, falling back to nearest Cloud
Task Details:
    Task ID: 7ad589b5-bc7a-445a-b94a-3355766e5376
    Node: N/A
    Timing Metrics:
        Total Time: 0.00ms
        Response Time: 0.00ms
        Processing Time: 0.00ms
        Queue Time: 0.00ms
        Transmission Time: 0.00ms
    Resource Usage:
        Memory Used: 0MB
        Bandwidth Used: 0Mbps
        RAM Required: 0MB
        Task Size: 0MB
    Network Metrics:
        Distance: 0.00km
        Queue Size: 0
    System Load:
        System Load: 0.0%
        Bandwidth Utilization: 0.0%
        MIPS Utilization: 0.0%
----------------------------------------------------------------------------------------------------
[2025-05-26 14:19:24.109] Selected nearest cloud node: Cloud-AS
----------------------------------------------------------------------------------------------------
[2025-05-26 14:19:24.109] Scheduling task 12
Task Details:
    Task ID: 12
    Node: N/A
    Timing Metrics:
        Total Time: 0.00ms
        Response Time: 0.00ms
        Processing Time: 0.00ms
        Queue Time: 0.00ms
        Transmission Time: 0.00ms
    Resource Usage:
        Memory Used: 0MB
        Bandwidth Used: 0Mbps
        RAM Required: 0MB
        Task Size: 300MB
    Network Metrics:
        Distance: 0.00km
        Queue Size: 0
    System Load:
        System Load: 0.0%
        Bandwidth Utilization: 0.0%
        MIPS Utilization: 0.0%
----------------------------------------------------------------------------------------------------
[2025-05-26 14:19:24.110] Distance to Cloud-NA: 11819.33km
----------------------------------------------------------------------------------------------------
[2025-05-26 14:19:24.110] Distance to Cloud-AS: 4818.10km
----------------------------------------------------------------------------------------------------
[2025-05-26 14:19:24.110] Selected nearest node: Cloud-AS (Distance: 4818.10km)
----------------------------------------------------------------------------------------------------
[2025-05-26 14:19:24.110] Task 12 added to queue of Cloud-AS
Task Details:
    Task ID: 12
    Node: Cloud-AS
    Timing Metrics:
        Total Time: 0.00ms
        Response Time: 0.00ms
        Processing Time: 0.00ms
        Queue Time: 0.00ms
        Transmission Time: 0.00ms
    Resource Usage:
        Memory Used: 0MB
        Bandwidth Used: 0Mbps
        RAM Required: 0MB
        Task Size: 300MB
    Network Metrics:
        Distance: 0.00km
        Queue Size: 0
    System Load:
        System Load: 0.0%
        Bandwidth Utilization: 0.0%
        MIPS Utilization: 0.0%
----------------------------------------------------------------------------------------------------
[2025-05-26 14:19:24.236] Task 11 completed on Cloud-AS
Task Details:
    ID: 11
    Size: 80MB
    Memory Required: 512MB
    Bandwidth Required: 100Mbps
Timing Metrics:
    Queue Time: 128.48ms
    Processing Time: 113.65ms
    Transmission Time: 64.44ms
    Total Time: 178.43ms
    Response Time: 242.13ms
Resource Usage:
    Memory Used: 4083MB
    Bandwidth Used: 9931.985521245839Mbps
    Distance: 2333.94km
Power Consumption:
    CPU Power: 102.29W
    Memory Power: 5.67W
    Network Power: 0.04W
    Total Power: 107.99W
    Energy Consumed: 0.0054kWh
Task Details:
    Task ID: 11
    Node: Cloud-AS
    Timing Metrics:
        Total Time: 178.43ms
        Response Time: 242.13ms
        Processing Time: 113.65ms
        Queue Time: 128.48ms
        Transmission Time: 64.44ms
    Resource Usage:
        Memory Used: 4083MB
        Bandwidth Used: 9931.985521245839Mbps
        RAM Required: 0MB
        Task Size: 80MB
    Network Metrics:
        Distance: 2333.94km
        Queue Size: 1
    System Load:
        System Load: 43.6%
        Bandwidth Utilization: 1073.5%
        MIPS Utilization: 13579.7%
----------------------------------------------------------------------------------------------------
[2025-05-26 14:19:24.237] Task b9ef1785-8a7e-45bc-bf84-3721ee2a63fb completed successfully
----------------------------------------------------------------------------------------------------
[2025-05-26 14:19:24.237] Task cb061c3c-fc7b-4ea2-8de3-bd31a19ac169 completed successfully
----------------------------------------------------------------------------------------------------
[2025-05-26 14:19:24.238] Task aad61e68-b0e4-49e7-94ad-88fd4190c142 completed successfully
----------------------------------------------------------------------------------------------------
[2025-05-26 14:19:24.238] Task e2cb58f1-ffeb-4949-be03-da019f6b4ea6 completed successfully
----------------------------------------------------------------------------------------------------
[2025-05-26 14:19:24.238] Task c65b0962-f60b-4c97-9eae-8eacf5d6d973 completed successfully
----------------------------------------------------------------------------------------------------
[2025-05-26 14:19:24.238] Task 85b4422a-6130-4b76-be02-d989fa9f59d5 completed successfully
----------------------------------------------------------------------------------------------------
[2025-05-26 14:19:24.238] Task 108cab39-4e30-4d5a-b20a-3d52d5470766 completed successfully
----------------------------------------------------------------------------------------------------
[2025-05-26 14:19:24.256] Task 12 completed on Cloud-AS
Task Details:
    ID: 12
    Size: 300MB
    Memory Required: 512MB
    Bandwidth Required: 100Mbps
Timing Metrics:
    Queue Time: 145.64ms
    Processing Time: 141.04ms
    Transmission Time: 120.03ms
    Total Time: 261.33ms
    Response Time: 286.68ms
Resource Usage:
    Memory Used: 3935MB
    Bandwidth Used: 19995.157307825284Mbps
    Distance: 4818.10km
Power Consumption:
    CPU Power: 126.94W
    Memory Power: 5.67W
    Network Power: 0.07W
    Total Power: 132.68W
    Energy Consumed: 0.0096kWh
Task Details:
    Task ID: 12
    Node: Cloud-AS
    Timing Metrics:
        Total Time: 261.33ms
        Response Time: 286.68ms
        Processing Time: 141.04ms
        Queue Time: 145.64ms
        Transmission Time: 120.03ms
    Resource Usage:
        Memory Used: 3935MB
        Bandwidth Used: 19995.157307825284Mbps
        RAM Required: 0MB
        Task Size: 300MB
    Network Metrics:
        Distance: 4818.10km
        Queue Size: 0
    System Load:
        System Load: 0.0%
        Bandwidth Utilization: 0.0%
        MIPS Utilization: 0.0%
----------------------------------------------------------------------------------------------------
[2025-05-26 14:19:24.256] Task 7ad589b5-bc7a-445a-b94a-3355766e5376 completed successfully
----------------------------------------------------------------------------------------------------
[2025-05-26 14:19:24.257] Task 119ab867-cb46-4153-9fd1-1204111fb383 completed successfully
----------------------------------------------------------------------------------------------------
[2025-05-26 14:19:24.257] Processing complete!
----------------------------------------------------------------------------------------------------
Node Statistics:
================================================================================

Cloud Nodes:
----------------------------------------

Cloud-NA:
  Tasks Processed: 2
  Average Processing Time: 108.45ms
  Average Queue Time: 119.35ms
  Average Response Time: 281.71ms
  Current Queue Size: 0
  System Load: 0.0%
  Memory Utilization: 0.0%
  MIPS Utilization: 0.0%
  Bandwidth Utilization: 0.0%
  Current Power: 108.49W
  Total Energy: 0.01kWh

Cloud-AS:
  Tasks Processed: 3
  Average Processing Time: 128.49ms
  Average Queue Time: 138.23ms
  Average Response Time: 233.12ms
  Current Queue Size: 1
  System Load: 43.6%
  Memory Utilization: 0.0%
  MIPS Utilization: 13579.7%
  Bandwidth Utilization: 1073.5%
  Current Power: 107.99W
  Total Energy: 0.01kWh

Fog Nodes:
----------------------------------------

Fog-SG1:
  Tasks Processed: 1
  Average Processing Time: 236.46ms
  Average Queue Time: 238.60ms
  Average Response Time: 348.24ms
  Current Queue Size: 2
  System Load: 0.0%
  Memory Utilization: 0.0%
  MIPS Utilization: 0.0%
  Bandwidth Utilization: 0.0%
  Current Power: 49.20W
  Total Energy: 0.00kWh

Fog-SG2:
  Tasks Processed: 1
  Average Processing Time: 104.12ms
  Average Queue Time: 112.58ms
  Average Response Time: 153.32ms
  Current Queue Size: 0
  System Load: 0.0%
  Memory Utilization: 0.0%
  MIPS Utilization: 0.0%
  Bandwidth Utilization: 0.0%
  Current Power: 50.29W
  Total Energy: 0.00kWh

Fog-KC1:
  Tasks Processed: 1
  Average Processing Time: 112.72ms
  Average Queue Time: 122.93ms
  Average Response Time: 144.98ms
  Current Queue Size: 0
  System Load: 0.0%
  Memory Utilization: 0.0%
  MIPS Utilization: 0.0%
  Bandwidth Utilization: 0.0%
  Current Power: 62.77W
  Total Energy: 0.00kWh

Fog-KC2:
  Tasks Processed: 2
  Average Processing Time: 177.52ms
  Average Queue Time: 189.23ms
  Average Response Time: 236.17ms
  Current Queue Size: 0
  System Load: 0.0%
  Memory Utilization: 0.0%
  MIPS Utilization: 0.0%
  Bandwidth Utilization: 0.0%
  Current Power: 91.26W
  Total Energy: 0.01kWh

Routing Details:
Tuple 1 (ID: 71fac031-74d8-4d69-a47b-67a41db9d59e): Type=Large, Routed to=Cloud-NA
Tuple 1 Data: {
  "ID": "71fac031-74d8-4d69-a47b-67a41db9d59e",
  "Size": 270,
  "Name": "Tuple-0",
  "MIPS": 900.0,
  "NumberOfPes": 1,
  "RAM": 500,
  "BW": 100,
  "CloudletScheduler": {
    "PreviousTime": 0.0,
    "CurrentMipsShare": null
  },
  "CurrentAllocatedSize": 0,
  "CurrentAllocatedRam": 0,
  "CurrentAllocatedBw": 0,
  "CurrentAllocatedMips": null,
  "BeingInstantiated": true,
  "GeoLocation": {
    "latitude": 43.6382797,
    "longitude": -82.83865311
  },
  "DataType": "Large",
  "DataPercentage": 100,
  "IsReversed": false,
  "IsServerFound": false,
  "IsCloudServed": false,
  "IsServed": false,
  "DeviceType": "Mobile",
  "Service": null,
  "QueueDelay": 0.0,
  "InternalProcessingTime": 0.0,
  "TupleTimes": [],
  "FogLevelServed": 0,
  "IsServedByFC_Cloud": false,
  "CreationTime": "2018-01-22T17:27:40",
  "QueueWait": null,
  "Temperature": 0.0
}
--------------------------------------------------
Tuple 2 (ID: b9ef1785-8a7e-45bc-bf84-3721ee2a63fb): Type=SmallTextual, Routed to=Cloud-AS
Tuple 2 Data: {
  "ID": "b9ef1785-8a7e-45bc-bf84-3721ee2a63fb",
  "Size": 80,
  "Name": "Tuple-1",
  "MIPS": 50.0,
  "NumberOfPes": 1,
  "RAM": 100,
  "BW": 20,
  "CloudletScheduler": {
    "PreviousTime": 0.0,
    "CurrentMipsShare": null
  },
  "CurrentAllocatedSize": 0,
  "CurrentAllocatedRam": 0,
  "CurrentAllocatedBw": 0,
  "CurrentAllocatedMips": null,
  "BeingInstantiated": true,
  "GeoLocation": {
    "latitude": 3.74430192,
    "longitude": 82.94457212
  },
  "DataType": "SmallTextual",
  "DataPercentage": 100,
  "IsReversed": false,
  "IsServerFound": false,
  "IsCloudServed": false,
  "IsServed": false,
  "DeviceType": "Nodes",
  "Service": null,
  "QueueDelay": 0.0,
  "InternalProcessingTime": 0.0,
  "TupleTimes": [],
  "FogLevelServed": 0,
  "IsServedByFC_Cloud": false,
  "CreationTime": "2018-01-22T17:21:40",
  "QueueWait": null,
  "Temperature": 0.0
}
--------------------------------------------------
Tuple 3 (ID: cb061c3c-fc7b-4ea2-8de3-bd31a19ac169): Type=Medical, Routed to=Fog-KC2
Tuple 3 Data: {
  "ID": "cb061c3c-fc7b-4ea2-8de3-bd31a19ac169",
  "Size": 300,
  "Name": "Tuple-3",
  "MIPS": 120.0,
  "NumberOfPes": 1,
  "RAM": 1024,
  "BW": 150,
  "CloudletScheduler": {
    "PreviousTime": 0.0,
    "CurrentMipsShare": null
  },
  "CurrentAllocatedSize": 0,
  "CurrentAllocatedRam": 0,
  "CurrentAllocatedBw": 0,
  "CurrentAllocatedMips": null,
  "BeingInstantiated": true,
  "GeoLocation": {
    "latitude": 33.73420675,
    "longitude": -72.95355966
  },
  "DataType": "Medical",
  "DataPercentage": 100,
  "IsReversed": false,
  "IsServerFound": false,
  "IsCloudServed": false,
  "IsServed": false,
  "DeviceType": "DumbObjects",
  "Service": null,
  "QueueDelay": 0.0,
  "InternalProcessingTime": 0.0,
  "TupleTimes": [],
  "FogLevelServed": 0,
  "IsServedByFC_Cloud": false,
  "CreationTime": "2018-01-22T17:26:40",
  "QueueWait": null,
  "Temperature": 0.0
}
--------------------------------------------------
Tuple 4 (ID: aad61e68-b0e4-49e7-94ad-88fd4190c142): Type=Bulk, Routed to=Cloud-AS
Tuple 4 Data: {
  "ID": "aad61e68-b0e4-49e7-94ad-88fd4190c142",
  "Size": 300,
  "Name": "Tuple-4",
  "MIPS": 1200.0,
  "NumberOfPes": 1,
  "RAM": 1024,
  "BW": 150,
  "CloudletScheduler": {
    "PreviousTime": 0.0,
    "CurrentMipsShare": null
  },
  "CurrentAllocatedSize": 0,
  "CurrentAllocatedRam": 0,
  "CurrentAllocatedBw": 0,
  "CurrentAllocatedMips": null,
  "BeingInstantiated": true,
  "GeoLocation": {
    "latitude": 33.70274783,
    "longitude": 73.0236825
  },
  "DataType": "Bulk",
  "DataPercentage": 100,
  "IsReversed": false,
  "IsServerFound": false,
  "IsCloudServed": false,
  "IsServed": false,
  "DeviceType": "Nodes",
  "Service": null,
  "QueueDelay": 0.0,
  "InternalProcessingTime": 0.0,
  "TupleTimes": [],
  "FogLevelServed": 0,
  "IsServedByFC_Cloud": false,
  "CreationTime": "2018-01-22T16:47:40",
  "QueueWait": null,
  "Temperature": 0.0
}
--------------------------------------------------
Tuple 5 (ID: e2cb58f1-ffeb-4949-be03-da019f6b4ea6): Type=LocationBased, Routed to=Fog-KC2
Tuple 5 Data: {
  "ID": "e2cb58f1-ffeb-4949-be03-da019f6b4ea6",
  "Size": 130,
  "Name": "Tuple-5",
  "MIPS": 200.0,
  "NumberOfPes": 1,
  "RAM": 500,
  "BW": 100,
  "CloudletScheduler": {
    "PreviousTime": 0.0,
    "CurrentMipsShare": null
  },
  "CurrentAllocatedSize": 0,
  "CurrentAllocatedRam": 0,
  "CurrentAllocatedBw": 0,
  "CurrentAllocatedMips": null,
  "BeingInstantiated": true,
  "GeoLocation": {
    "latitude": 38.61259906,
    "longitude": -82.97832003
  },
  "DataType": "LocationBased",
  "DataPercentage": 100,
  "IsReversed": false,
  "IsServerFound": false,
  "IsCloudServed": false,
  "IsServed": false,
  "DeviceType": "DumbObjects",
  "Service": null,
  "QueueDelay": 0.0,
  "InternalProcessingTime": 0.0,
  "TupleTimes": [],
  "FogLevelServed": 0,
  "IsServedByFC_Cloud": false,
  "CreationTime": "2018-01-22T17:21:40",
  "QueueWait": null,
  "Temperature": 0.0
}
--------------------------------------------------
Tuple 6 (ID: c65b0962-f60b-4c97-9eae-8eacf5d6d973): Type=Abrupt, Routed to=Fog-SG2
Tuple 6 Data: {
  "ID": "c65b0962-f60b-4c97-9eae-8eacf5d6d973",
  "Size": 126,
  "Name": "Tuple-9",
  "MIPS": 200.0,
  "NumberOfPes": 1,
  "RAM": 500,
  "BW": 100,
  "CloudletScheduler": {
    "PreviousTime": 0.0,
    "CurrentMipsShare": null
  },
  "CurrentAllocatedSize": 0,
  "CurrentAllocatedRam": 0,
  "CurrentAllocatedBw": 0,
  "CurrentAllocatedMips": null,
  "BeingInstantiated": true,
  "GeoLocation": {
    "latitude": 9.70274783,
    "longitude": 120.0236825
  },
  "DataType": "Abrupt",
  "DataPercentage": 100,
  "IsReversed": false,
  "IsServerFound": false,
  "IsCloudServed": false,
  "IsServed": false,
  "DeviceType": "Mobile",
  "Service": null,
  "QueueDelay": 0.0,
  "InternalProcessingTime": 0.0,
  "TupleTimes": [],
  "FogLevelServed": 0,
  "IsServedByFC_Cloud": false,
  "CreationTime": "2018-01-22T16:37:40",
  "QueueWait": null,
  "Temperature": 0.0
}
--------------------------------------------------
Tuple 7 (ID: 85b4422a-6130-4b76-be02-d989fa9f59d5): Type=Bulk, Routed to=Cloud-NA
Tuple 7 Data: {
  "ID": "85b4422a-6130-4b76-be02-d989fa9f59d5",
  "Size": 170,
  "Name": "Tuple-7169",
  "MIPS": 700.0,
  "NumberOfPes": 1,
  "RAM": 200,
  "BW": 80,
  "CloudletScheduler": {
    "PreviousTime": 0.0,
    "CurrentMipsShare": null
  },
  "CurrentAllocatedSize": 0,
  "CurrentAllocatedRam": 0,
  "CurrentAllocatedBw": 0,
  "CurrentAllocatedMips": null,
  "BeingInstantiated": true,
  "GeoLocation": {
    "latitude": 33.6382797,
    "longitude": 172.83865311
  },
  "DataType": "Bulk",
  "DataPercentage": 100,
  "IsReversed": false,
  "IsServerFound": false,
  "IsCloudServed": false,
  "IsServed": false,
  "DeviceType": "Acuator",
  "Service": null,
  "QueueDelay": 0.0,
  "InternalProcessingTime": 0.0,
  "TupleTimes": [],
  "FogLevelServed": 0,
  "IsServedByFC_Cloud": false,
  "CreationTime": "2018-01-22T17:10:40",
  "QueueWait": null,
  "Temperature": 0.0
}
--------------------------------------------------
Tuple 8 (ID: 108cab39-4e30-4d5a-b20a-3d52d5470766): Type=Medical, Routed to=Fog-SG1
Tuple 8 Data: {
  "ID": "108cab39-4e30-4d5a-b20a-3d52d5470766",
  "Size": 170,
  "Name": "Tuple-11620",
  "MIPS": 100.0,
  "NumberOfPes": 1,
  "RAM": 200,
  "BW": 80,
  "CloudletScheduler": {
    "PreviousTime": 0.0,
    "CurrentMipsShare": null
  },
  "CurrentAllocatedSize": 0,
  "CurrentAllocatedRam": 0,
  "CurrentAllocatedBw": 0,
  "CurrentAllocatedMips": null,
  "BeingInstantiated": true,
  "GeoLocation": {
    "latitude": -33.76693095,
    "longitude": 73.05696932
  },
  "DataType": "Medical",
  "DataPercentage": 100,
  "IsReversed": false,
  "IsServerFound": false,
  "IsCloudServed": false,
  "IsServed": false,
  "DeviceType": "Nodes",
  "Service": null,
  "QueueDelay": 0.0,
  "InternalProcessingTime": 0.0,
  "TupleTimes": [],
  "FogLevelServed": 0,
  "IsServedByFC_Cloud": false,
  "CreationTime": "2018-01-22T17:10:40",
  "QueueWait": null,
  "Temperature": 0.0
}
--------------------------------------------------
Tuple 9 (ID: 7ad589b5-bc7a-445a-b94a-3355766e5376): Type=SmallTextual, Routed to=Cloud-AS
Tuple 9 Data: {
  "ID": "7ad589b5-bc7a-445a-b94a-3355766e5376",
  "Size": 300,
  "Name": "Tuple-1076",
  "MIPS": 250.0,
  "NumberOfPes": 1,
  "RAM": 1024,
  "BW": 150,
  "CloudletScheduler": {
    "PreviousTime": 0.0,
    "CurrentMipsShare": null
  },
  "CurrentAllocatedSize": 0,
  "CurrentAllocatedRam": 0,
  "CurrentAllocatedBw": 0,
  "CurrentAllocatedMips": null,
  "BeingInstantiated": true,
  "GeoLocation": {
    "latitude": 33.70381249,
    "longitude": 73.01082938
  },
  "DataType": "SmallTextual",
  "DataPercentage": 100,
  "IsReversed": false,
  "IsServerFound": false,
  "IsCloudServed": false,
  "IsServed": false,
  "DeviceType": "Nodes",
  "Service": null,
  "QueueDelay": 0.0,
  "InternalProcessingTime": 0.0,
  "TupleTimes": [],
  "FogLevelServed": 0,
  "IsServedByFC_Cloud": false,
  "CreationTime": "2018-01-22T16:55:40",
  "QueueWait": null,
  "Temperature": 0.0
}
--------------------------------------------------
Tuple 10 (ID: 119ab867-cb46-4153-9fd1-1204111fb383): Type=LocationBased, Routed to=Fog-KC1
Tuple 10 Data: {
  "ID": "119ab867-cb46-4153-9fd1-1204111fb383",
  "Size": 170,
  "Name": "Tuple-13823",
  "MIPS": 100.0,
  "NumberOfPes": 1,
  "RAM": 200,
  "BW": 80,
  "CloudletScheduler": {
    "PreviousTime": 0.0,
    "CurrentMipsShare": null
  },
  "CurrentAllocatedSize": 0,
  "CurrentAllocatedRam": 0,
  "CurrentAllocatedBw": 0,
  "CurrentAllocatedMips": null,
  "BeingInstantiated": true,
  "GeoLocation": {
    "latitude": 32.58553272,
    "longitude": -95.5786
  },
  "DataType": "LocationBased",
  "DataPercentage": 100,
  "IsReversed": false,
  "IsServerFound": false,
  "IsCloudServed": false,
  "IsServed": false,
  "DeviceType": "Nodes",
  "Service": null,
  "QueueDelay": 0.0,
  "InternalProcessingTime": 0.0,
  "TupleTimes": [],
  "FogLevelServed": 0,
  "IsServedByFC_Cloud": false,
  "CreationTime": "2018-01-22T17:26:40",
  "QueueWait": null,
  "Temperature": 0.0
}
--------------------------------------------------
[2025-05-26 14:19:24.262] System Status Update
System-wide Statistics:
    Total Tasks Processed: 10
    Tasks Processed by Cloud: 5
    Tasks Processed by Fog: 5

Power Consumption:
    Total System Power: 893.21W
    Total Energy Consumed: 0.06kWh

Node Status:
    Cloud-NA:
        Tasks Processed: 2
        Average Processing Time: 108.45ms
        Average Queue Time: 119.35ms
        Average Response Time: 227.80ms
        Current Power: 207.42W
        Total Energy: 0.02kWh
    Cloud-AS:
        Tasks Processed: 3
        Average Processing Time: 128.49ms
        Average Queue Time: 138.23ms
        Average Response Time: 266.72ms
        Current Power: 364.12W
        Total Energy: 0.02kWh
    Fog-SG1:
        Tasks Processed: 1
        Average Processing Time: 236.46ms
        Average Queue Time: 238.60ms
        Average Response Time: 475.07ms
        Current Power: 49.20W
        Total Energy: 0.00kWh
    Fog-SG2:
        Tasks Processed: 1
        Average Processing Time: 104.12ms
        Average Queue Time: 112.58ms
        Average Response Time: 216.70ms
        Current Power: 50.29W
        Total Energy: 0.00kWh
    Fog-KC1:
        Tasks Processed: 1
        Average Processing Time: 112.72ms
        Average Queue Time: 122.93ms
        Average Response Time: 235.65ms
        Current Power: 62.77W
        Total Energy: 0.00kWh
    Fog-KC2:
        Tasks Processed: 2
        Average Processing Time: 177.52ms
        Average Queue Time: 189.23ms
        Average Response Time: 366.74ms
        Current Power: 159.41W
        Total Energy: 0.01kWh

Final Statistics Summary:
    Total Tasks Completed: 10
    Cloud Tasks: 5 (50.0%)
    Fog Tasks: 5 (50.0%)

    Average Metrics Across All Tasks:
        Average Processing Time: 141.07ms
        Average Queue Time: 150.60ms
        Average Response Time: 291.67ms
        Average Power Consumption: 89.32W

    Performance Metrics:
        Fastest Processing Time: 102.82ms
        Slowest Processing Time: 236.46ms
        Fastest Response Time: 214.88ms
        Slowest Response Time: 475.07ms

    Energy Efficiency:
        Energy per Task: 0.0011kWh
        Energy per Second: 0.0076kWh

----------------------------------------------------------------------------------------------------