
====================================================================================================
**************************************** GLOBAL GATEWAY FCFS WITH COOPERATION LOG ****************************************
====================================================================================================
Started at: 2025-05-26 14:19:50
Configuration:
    Processing Rate: 1000 tuples/second
    Cooperation Policy: Enabled
    Cloud Nodes: 2
    Fog Nodes: 4
====================================================================================================

[2025-05-26 14:19:50.493] Allocating resources for tuple 1 of 10
----------------------------------------------------------------------------------------------------
[2025-05-26 14:19:50.493] Resources allocated for tuple 1, task started in background
----------------------------------------------------------------------------------------------------
[2025-05-26 14:19:50.493] Allocating resources for tuple 2 of 10
----------------------------------------------------------------------------------------------------
[2025-05-26 14:19:50.493] Resources allocated for tuple 2, task started in background
----------------------------------------------------------------------------------------------------
[2025-05-26 14:19:50.493] Allocating resources for tuple 3 of 10
----------------------------------------------------------------------------------------------------
[2025-05-26 14:19:50.493] Resources allocated for tuple 3, task started in background
----------------------------------------------------------------------------------------------------
[2025-05-26 14:19:50.493] Allocating resources for tuple 4 of 10
----------------------------------------------------------------------------------------------------
[2025-05-26 14:19:50.493] Resources allocated for tuple 4, task started in background
----------------------------------------------------------------------------------------------------
[2025-05-26 14:19:50.493] Allocating resources for tuple 5 of 10
----------------------------------------------------------------------------------------------------
[2025-05-26 14:19:50.493] Resources allocated for tuple 5, task started in background
----------------------------------------------------------------------------------------------------
[2025-05-26 14:19:50.493] Allocating resources for tuple 6 of 10
----------------------------------------------------------------------------------------------------
[2025-05-26 14:19:50.493] Resources allocated for tuple 6, task started in background
----------------------------------------------------------------------------------------------------
[2025-05-26 14:19:50.493] Allocating resources for tuple 7 of 10
----------------------------------------------------------------------------------------------------
[2025-05-26 14:19:50.494] Resources allocated for tuple 7, task started in background
----------------------------------------------------------------------------------------------------
[2025-05-26 14:19:50.494] Allocating resources for tuple 8 of 10
----------------------------------------------------------------------------------------------------
[2025-05-26 14:19:50.494] Resources allocated for tuple 8, task started in background
----------------------------------------------------------------------------------------------------
[2025-05-26 14:19:50.494] Allocating resources for tuple 9 of 10
----------------------------------------------------------------------------------------------------
[2025-05-26 14:19:50.494] Resources allocated for tuple 9, task started in background
----------------------------------------------------------------------------------------------------
[2025-05-26 14:19:50.494] Allocating resources for tuple 10 of 10
----------------------------------------------------------------------------------------------------
[2025-05-26 14:19:50.494] Resources allocated for tuple 10, task started in background
----------------------------------------------------------------------------------------------------
[2025-05-26 14:19:50.494] Waiting for 10 tasks to complete
----------------------------------------------------------------------------------------------------
[2025-05-26 14:19:50.494] Processing tuple 71fac031-74d8-4d69-a47b-67a41db9d59e with type: large
Task Details:
    Task ID: 71fac031-74d8-4d69-a47b-67a41db9d59e
    Node: N/A
    Timing Metrics:
        Total Time: 0.00ms
        Response Time: 0.00ms
        Processing Time: 0.00ms
        Queue Time: 0.00ms
        Transmission Time: 0.00ms
    Resource Usage:
        Memory Used: 0MB
        Bandwidth Used: 0Mbps
        RAM Required: 0MB
        Task Size: 0MB
    Network Metrics:
        Distance: 0.00km
        Queue Size: 0
----------------------------------------------------------------------------------------------------
[2025-05-26 14:19:50.494] Routing large data to Cloud
Task Details:
    Task ID: 71fac031-74d8-4d69-a47b-67a41db9d59e
    Node: N/A
    Timing Metrics:
        Total Time: 0.00ms
        Response Time: 0.00ms
        Processing Time: 0.00ms
        Queue Time: 0.00ms
        Transmission Time: 0.00ms
    Resource Usage:
        Memory Used: 0MB
        Bandwidth Used: 0Mbps
        RAM Required: 0MB
        Task Size: 0MB
    Network Metrics:
        Distance: 0.00km
        Queue Size: 0
----------------------------------------------------------------------------------------------------
[2025-05-26 14:19:50.494] Scheduling task 1
Task Details:
    Task ID: 1
    Node: N/A
    Timing Metrics:
        Total Time: 0.00ms
        Response Time: 0.00ms
        Processing Time: 0.00ms
        Queue Time: 0.00ms
        Transmission Time: 0.00ms
    Resource Usage:
        Memory Used: 0MB
        Bandwidth Used: 0Mbps
        RAM Required: 0MB
        Task Size: 270MB
    Network Metrics:
        Distance: 0.00km
        Queue Size: 0
----------------------------------------------------------------------------------------------------
[2025-05-26 14:19:50.494] Distance to Fog-SG1: 14678.39km
----------------------------------------------------------------------------------------------------
[2025-05-26 14:19:50.494] Distance to Fog-SG2: 13896.70km
----------------------------------------------------------------------------------------------------
[2025-05-26 14:19:50.494] Distance to Fog-KC1: 1879.45km
----------------------------------------------------------------------------------------------------
[2025-05-26 14:19:50.494] Distance to Fog-KC2: 271.71km
----------------------------------------------------------------------------------------------------
[2025-05-26 14:19:50.494] Distance to Cloud-NA: 1100.60km
----------------------------------------------------------------------------------------------------
[2025-05-26 14:19:50.494] Distance to Cloud-AS: 14968.56km
----------------------------------------------------------------------------------------------------
[2025-05-26 14:19:50.494] Selected nearest node: Cloud-NA (Distance: 1100.60km)
----------------------------------------------------------------------------------------------------
[2025-05-26 14:19:50.494] Task 1 added to queue of Cloud-NA
Task Details:
    Task ID: 1
    Node: Cloud-NA
    Timing Metrics:
        Total Time: 0.00ms
        Response Time: 0.00ms
        Processing Time: 0.00ms
        Queue Time: 0.00ms
        Transmission Time: 0.00ms
    Resource Usage:
        Memory Used: 0MB
        Bandwidth Used: 0Mbps
        RAM Required: 0MB
        Task Size: 270MB
    Network Metrics:
        Distance: 0.00km
        Queue Size: 0
----------------------------------------------------------------------------------------------------
[2025-05-26 14:19:50.494] Processing tuple b9ef1785-8a7e-45bc-bf84-3721ee2a63fb with type: smalltextual
Task Details:
    Task ID: b9ef1785-8a7e-45bc-bf84-3721ee2a63fb
    Node: N/A
    Timing Metrics:
        Total Time: 0.00ms
        Response Time: 0.00ms
        Processing Time: 0.00ms
        Queue Time: 0.00ms
        Transmission Time: 0.00ms
    Resource Usage:
        Memory Used: 0MB
        Bandwidth Used: 0Mbps
        RAM Required: 0MB
        Task Size: 0MB
    Network Metrics:
        Distance: 0.00km
        Queue Size: 0
----------------------------------------------------------------------------------------------------
[2025-05-26 14:19:50.494] Attempting Fog for smalltextual data (Attempt 1/3)
Task Details:
    Task ID: b9ef1785-8a7e-45bc-bf84-3721ee2a63fb
    Node: N/A
    Timing Metrics:
        Total Time: 0.00ms
        Response Time: 0.00ms
        Processing Time: 0.00ms
        Queue Time: 0.00ms
        Transmission Time: 0.00ms
    Resource Usage:
        Memory Used: 0MB
        Bandwidth Used: 0Mbps
        RAM Required: 0MB
        Task Size: 0MB
    Network Metrics:
        Distance: 0.00km
        Queue Size: 0
----------------------------------------------------------------------------------------------------
[2025-05-26 14:19:50.494] Scheduling task 2
Task Details:
    Task ID: 2
    Node: N/A
    Timing Metrics:
        Total Time: 0.00ms
        Response Time: 0.00ms
        Processing Time: 0.00ms
        Queue Time: 0.00ms
        Transmission Time: 0.00ms
    Resource Usage:
        Memory Used: 0MB
        Bandwidth Used: 0Mbps
        RAM Required: 0MB
        Task Size: 80MB
    Network Metrics:
        Distance: 0.00km
        Queue Size: 0
----------------------------------------------------------------------------------------------------
[2025-05-26 14:19:50.494] Distance to Fog-SG1: 1651.28km
----------------------------------------------------------------------------------------------------
[2025-05-26 14:19:50.494] Distance to Fog-SG2: 2946.50km
----------------------------------------------------------------------------------------------------
[2025-05-26 14:19:50.494] Distance to Fog-KC1: 16026.17km
----------------------------------------------------------------------------------------------------
[2025-05-26 14:19:50.494] Distance to Fog-KC2: 14465.66km
----------------------------------------------------------------------------------------------------
[2025-05-26 14:19:50.494] Distance to Cloud-NA: 15244.28km
----------------------------------------------------------------------------------------------------
[2025-05-26 14:19:50.494] Distance to Cloud-AS: 2333.94km
----------------------------------------------------------------------------------------------------
[2025-05-26 14:19:50.494] Selected nearest node: Fog-SG1 (Distance: 1651.28km)
----------------------------------------------------------------------------------------------------
[2025-05-26 14:19:50.494] Task 2 added to queue of Fog-SG1
Task Details:
    Task ID: 2
    Node: Fog-SG1
    Timing Metrics:
        Total Time: 0.00ms
        Response Time: 0.00ms
        Processing Time: 0.00ms
        Queue Time: 0.00ms
        Transmission Time: 0.00ms
    Resource Usage:
        Memory Used: 0MB
        Bandwidth Used: 0Mbps
        RAM Required: 0MB
        Task Size: 80MB
    Network Metrics:
        Distance: 0.00km
        Queue Size: 0
----------------------------------------------------------------------------------------------------
[2025-05-26 14:19:50.495] Processing tuple cb061c3c-fc7b-4ea2-8de3-bd31a19ac169 with type: medical
Task Details:
    Task ID: cb061c3c-fc7b-4ea2-8de3-bd31a19ac169
    Node: N/A
    Timing Metrics:
        Total Time: 0.00ms
        Response Time: 0.00ms
        Processing Time: 0.00ms
        Queue Time: 0.00ms
        Transmission Time: 0.00ms
    Resource Usage:
        Memory Used: 0MB
        Bandwidth Used: 0Mbps
        RAM Required: 0MB
        Task Size: 0MB
    Network Metrics:
        Distance: 0.00km
        Queue Size: 0
----------------------------------------------------------------------------------------------------
[2025-05-26 14:19:50.495] Attempting Fog for medical data (Attempt 1/3)
Task Details:
    Task ID: cb061c3c-fc7b-4ea2-8de3-bd31a19ac169
    Node: N/A
    Timing Metrics:
        Total Time: 0.00ms
        Response Time: 0.00ms
        Processing Time: 0.00ms
        Queue Time: 0.00ms
        Transmission Time: 0.00ms
    Resource Usage:
        Memory Used: 0MB
        Bandwidth Used: 0Mbps
        RAM Required: 0MB
        Task Size: 0MB
    Network Metrics:
        Distance: 0.00km
        Queue Size: 0
----------------------------------------------------------------------------------------------------
[2025-05-26 14:19:50.495] Scheduling task 3
Task Details:
    Task ID: 3
    Node: N/A
    Timing Metrics:
        Total Time: 0.00ms
        Response Time: 0.00ms
        Processing Time: 0.00ms
        Queue Time: 0.00ms
        Transmission Time: 0.00ms
    Resource Usage:
        Memory Used: 0MB
        Bandwidth Used: 0Mbps
        RAM Required: 0MB
        Task Size: 300MB
    Network Metrics:
        Distance: 0.00km
        Queue Size: 0
----------------------------------------------------------------------------------------------------
[2025-05-26 14:19:50.495] Distance to Fog-SG1: 15670.47km
----------------------------------------------------------------------------------------------------
[2025-05-26 14:19:50.495] Distance to Fog-SG2: 15109.33km
----------------------------------------------------------------------------------------------------
[2025-05-26 14:19:50.495] Distance to Fog-KC1: 2392.70km
----------------------------------------------------------------------------------------------------
[2025-05-26 14:19:50.495] Distance to Fog-KC2: 1661.24km
----------------------------------------------------------------------------------------------------
[2025-05-26 14:19:50.495] Distance to Cloud-NA: 2019.22km
----------------------------------------------------------------------------------------------------
[2025-05-26 14:19:50.495] Distance to Cloud-AS: 16099.08km
----------------------------------------------------------------------------------------------------
[2025-05-26 14:19:50.495] Selected nearest node: Fog-KC2 (Distance: 1661.24km)
----------------------------------------------------------------------------------------------------
[2025-05-26 14:19:50.495] Task 3 added to queue of Fog-KC2
Task Details:
    Task ID: 3
    Node: Fog-KC2
    Timing Metrics:
        Total Time: 0.00ms
        Response Time: 0.00ms
        Processing Time: 0.00ms
        Queue Time: 0.00ms
        Transmission Time: 0.00ms
    Resource Usage:
        Memory Used: 0MB
        Bandwidth Used: 0Mbps
        RAM Required: 0MB
        Task Size: 300MB
    Network Metrics:
        Distance: 0.00km
        Queue Size: 0
----------------------------------------------------------------------------------------------------
[2025-05-26 14:19:50.495] Processing tuple aad61e68-b0e4-49e7-94ad-88fd4190c142 with type: bulk
Task Details:
    Task ID: aad61e68-b0e4-49e7-94ad-88fd4190c142
    Node: N/A
    Timing Metrics:
        Total Time: 0.00ms
        Response Time: 0.00ms
        Processing Time: 0.00ms
        Queue Time: 0.00ms
        Transmission Time: 0.00ms
    Resource Usage:
        Memory Used: 0MB
        Bandwidth Used: 0Mbps
        RAM Required: 0MB
        Task Size: 0MB
    Network Metrics:
        Distance: 0.00km
        Queue Size: 0
----------------------------------------------------------------------------------------------------
[2025-05-26 14:19:50.495] Routing bulk data to Cloud
Task Details:
    Task ID: aad61e68-b0e4-49e7-94ad-88fd4190c142
    Node: N/A
    Timing Metrics:
        Total Time: 0.00ms
        Response Time: 0.00ms
        Processing Time: 0.00ms
        Queue Time: 0.00ms
        Transmission Time: 0.00ms
    Resource Usage:
        Memory Used: 0MB
        Bandwidth Used: 0Mbps
        RAM Required: 0MB
        Task Size: 0MB
    Network Metrics:
        Distance: 0.00km
        Queue Size: 0
----------------------------------------------------------------------------------------------------
[2025-05-26 14:19:50.495] Scheduling task 4
Task Details:
    Task ID: 4
    Node: N/A
    Timing Metrics:
        Total Time: 0.00ms
        Response Time: 0.00ms
        Processing Time: 0.00ms
        Queue Time: 0.00ms
        Transmission Time: 0.00ms
    Resource Usage:
        Memory Used: 0MB
        Bandwidth Used: 0Mbps
        RAM Required: 0MB
        Task Size: 300MB
    Network Metrics:
        Distance: 0.00km
        Queue Size: 0
----------------------------------------------------------------------------------------------------
[2025-05-26 14:19:50.495] Distance to Fog-SG1: 4150.88km
----------------------------------------------------------------------------------------------------
[2025-05-26 14:19:50.495] Distance to Fog-SG2: 4472.90km
----------------------------------------------------------------------------------------------------
[2025-05-26 14:19:50.495] Distance to Fog-KC1: 12645.51km
----------------------------------------------------------------------------------------------------
[2025-05-26 14:19:50.495] Distance to Fog-KC2: 10990.76km
----------------------------------------------------------------------------------------------------
[2025-05-26 14:19:50.495] Distance to Cloud-NA: 11819.66km
----------------------------------------------------------------------------------------------------
[2025-05-26 14:19:50.495] Distance to Cloud-AS: 4817.13km
----------------------------------------------------------------------------------------------------
[2025-05-26 14:19:50.495] Selected nearest node: Cloud-AS (Distance: 4817.13km)
----------------------------------------------------------------------------------------------------
[2025-05-26 14:19:50.495] Task 4 added to queue of Cloud-AS
Task Details:
    Task ID: 4
    Node: Cloud-AS
    Timing Metrics:
        Total Time: 0.00ms
        Response Time: 0.00ms
        Processing Time: 0.00ms
        Queue Time: 0.00ms
        Transmission Time: 0.00ms
    Resource Usage:
        Memory Used: 0MB
        Bandwidth Used: 0Mbps
        RAM Required: 0MB
        Task Size: 300MB
    Network Metrics:
        Distance: 0.00km
        Queue Size: 0
----------------------------------------------------------------------------------------------------
[2025-05-26 14:19:50.495] Processing tuple e2cb58f1-ffeb-4949-be03-da019f6b4ea6 with type: locationbased
Task Details:
    Task ID: e2cb58f1-ffeb-4949-be03-da019f6b4ea6
    Node: N/A
    Timing Metrics:
        Total Time: 0.00ms
        Response Time: 0.00ms
        Processing Time: 0.00ms
        Queue Time: 0.00ms
        Transmission Time: 0.00ms
    Resource Usage:
        Memory Used: 0MB
        Bandwidth Used: 0Mbps
        RAM Required: 0MB
        Task Size: 0MB
    Network Metrics:
        Distance: 0.00km
        Queue Size: 0
----------------------------------------------------------------------------------------------------
[2025-05-26 14:19:50.495] Attempting Fog for locationbased data (Attempt 1/3)
Task Details:
    Task ID: e2cb58f1-ffeb-4949-be03-da019f6b4ea6
    Node: N/A
    Timing Metrics:
        Total Time: 0.00ms
        Response Time: 0.00ms
        Processing Time: 0.00ms
        Queue Time: 0.00ms
        Transmission Time: 0.00ms
    Resource Usage:
        Memory Used: 0MB
        Bandwidth Used: 0Mbps
        RAM Required: 0MB
        Task Size: 0MB
    Network Metrics:
        Distance: 0.00km
        Queue Size: 0
----------------------------------------------------------------------------------------------------
[2025-05-26 14:19:50.496] Scheduling task 5
Task Details:
    Task ID: 5
    Node: N/A
    Timing Metrics:
        Total Time: 0.00ms
        Response Time: 0.00ms
        Processing Time: 0.00ms
        Queue Time: 0.00ms
        Transmission Time: 0.00ms
    Resource Usage:
        Memory Used: 0MB
        Bandwidth Used: 0Mbps
        RAM Required: 0MB
        Task Size: 130MB
    Network Metrics:
        Distance: 0.00km
        Queue Size: 0
----------------------------------------------------------------------------------------------------
[2025-05-26 14:19:50.496] Distance to Fog-SG1: 15236.92km
----------------------------------------------------------------------------------------------------
[2025-05-26 14:19:50.496] Distance to Fog-SG2: 14434.56km
----------------------------------------------------------------------------------------------------
[2025-05-26 14:19:50.496] Distance to Fog-KC1: 1586.32km
----------------------------------------------------------------------------------------------------
[2025-05-26 14:19:50.496] Distance to Fog-KC2: 752.68km
----------------------------------------------------------------------------------------------------
[2025-05-26 14:19:50.496] Distance to Cloud-NA: 1005.24km
----------------------------------------------------------------------------------------------------
[2025-05-26 14:19:50.496] Distance to Cloud-AS: 15517.01km
----------------------------------------------------------------------------------------------------
[2025-05-26 14:19:50.496] Selected nearest node: Fog-KC2 (Distance: 752.68km)
----------------------------------------------------------------------------------------------------
[2025-05-26 14:19:50.496] Task 5 added to queue of Fog-KC2
Task Details:
    Task ID: 5
    Node: Fog-KC2
    Timing Metrics:
        Total Time: 0.00ms
        Response Time: 0.00ms
        Processing Time: 0.00ms
        Queue Time: 0.00ms
        Transmission Time: 0.00ms
    Resource Usage:
        Memory Used: 0MB
        Bandwidth Used: 0Mbps
        RAM Required: 0MB
        Task Size: 130MB
    Network Metrics:
        Distance: 0.00km
        Queue Size: 0
----------------------------------------------------------------------------------------------------
[2025-05-26 14:19:50.496] Processing tuple c65b0962-f60b-4c97-9eae-8eacf5d6d973 with type: abrupt
Task Details:
    Task ID: c65b0962-f60b-4c97-9eae-8eacf5d6d973
    Node: N/A
    Timing Metrics:
        Total Time: 0.00ms
        Response Time: 0.00ms
        Processing Time: 0.00ms
        Queue Time: 0.00ms
        Transmission Time: 0.00ms
    Resource Usage:
        Memory Used: 0MB
        Bandwidth Used: 0Mbps
        RAM Required: 0MB
        Task Size: 0MB
    Network Metrics:
        Distance: 0.00km
        Queue Size: 0
----------------------------------------------------------------------------------------------------
[2025-05-26 14:19:50.496] Attempting Fog for abrupt data (Attempt 1/3)
Task Details:
    Task ID: c65b0962-f60b-4c97-9eae-8eacf5d6d973
    Node: N/A
    Timing Metrics:
        Total Time: 0.00ms
        Response Time: 0.00ms
        Processing Time: 0.00ms
        Queue Time: 0.00ms
        Transmission Time: 0.00ms
    Resource Usage:
        Memory Used: 0MB
        Bandwidth Used: 0Mbps
        RAM Required: 0MB
        Task Size: 0MB
    Network Metrics:
        Distance: 0.00km
        Queue Size: 0
----------------------------------------------------------------------------------------------------
[2025-05-26 14:19:50.496] Scheduling task 6
Task Details:
    Task ID: 6
    Node: N/A
    Timing Metrics:
        Total Time: 0.00ms
        Response Time: 0.00ms
        Processing Time: 0.00ms
        Queue Time: 0.00ms
        Transmission Time: 0.00ms
    Resource Usage:
        Memory Used: 0MB
        Bandwidth Used: 0Mbps
        RAM Required: 0MB
        Task Size: 126MB
    Network Metrics:
        Distance: 0.00km
        Queue Size: 0
----------------------------------------------------------------------------------------------------
[2025-05-26 14:19:50.496] Distance to Fog-SG1: 2520.47km
----------------------------------------------------------------------------------------------------
[2025-05-26 14:19:50.496] Distance to Fog-SG2: 1228.84km
----------------------------------------------------------------------------------------------------
[2025-05-26 14:19:50.496] Distance to Fog-KC1: 13817.43km
----------------------------------------------------------------------------------------------------
[2025-05-26 14:19:50.496] Distance to Fog-KC2: 13403.01km
----------------------------------------------------------------------------------------------------
[2025-05-26 14:19:50.496] Distance to Cloud-NA: 13516.54km
----------------------------------------------------------------------------------------------------
[2025-05-26 14:19:50.496] Distance to Cloud-AS: 2018.03km
----------------------------------------------------------------------------------------------------
[2025-05-26 14:19:50.496] Selected nearest node: Fog-SG2 (Distance: 1228.84km)
----------------------------------------------------------------------------------------------------
[2025-05-26 14:19:50.496] Task 6 added to queue of Fog-SG2
Task Details:
    Task ID: 6
    Node: Fog-SG2
    Timing Metrics:
        Total Time: 0.00ms
        Response Time: 0.00ms
        Processing Time: 0.00ms
        Queue Time: 0.00ms
        Transmission Time: 0.00ms
    Resource Usage:
        Memory Used: 0MB
        Bandwidth Used: 0Mbps
        RAM Required: 0MB
        Task Size: 126MB
    Network Metrics:
        Distance: 0.00km
        Queue Size: 0
----------------------------------------------------------------------------------------------------
[2025-05-26 14:19:50.496] Processing tuple 85b4422a-6130-4b76-be02-d989fa9f59d5 with type: bulk
Task Details:
    Task ID: 85b4422a-6130-4b76-be02-d989fa9f59d5
    Node: N/A
    Timing Metrics:
        Total Time: 0.00ms
        Response Time: 0.00ms
        Processing Time: 0.00ms
        Queue Time: 0.00ms
        Transmission Time: 0.00ms
    Resource Usage:
        Memory Used: 0MB
        Bandwidth Used: 0Mbps
        RAM Required: 0MB
        Task Size: 0MB
    Network Metrics:
        Distance: 0.00km
        Queue Size: 0
----------------------------------------------------------------------------------------------------
[2025-05-26 14:19:50.496] Routing bulk data to Cloud
Task Details:
    Task ID: 85b4422a-6130-4b76-be02-d989fa9f59d5
    Node: N/A
    Timing Metrics:
        Total Time: 0.00ms
        Response Time: 0.00ms
        Processing Time: 0.00ms
        Queue Time: 0.00ms
        Transmission Time: 0.00ms
    Resource Usage:
        Memory Used: 0MB
        Bandwidth Used: 0Mbps
        RAM Required: 0MB
        Task Size: 0MB
    Network Metrics:
        Distance: 0.00km
        Queue Size: 0
----------------------------------------------------------------------------------------------------
[2025-05-26 14:19:50.496] Scheduling task 7
Task Details:
    Task ID: 7
    Node: N/A
    Timing Metrics:
        Total Time: 0.00ms
        Response Time: 0.00ms
        Processing Time: 0.00ms
        Queue Time: 0.00ms
        Transmission Time: 0.00ms
    Resource Usage:
        Memory Used: 0MB
        Bandwidth Used: 0Mbps
        RAM Required: 0MB
        Task Size: 170MB
    Network Metrics:
        Distance: 0.00km
        Queue Size: 0
----------------------------------------------------------------------------------------------------
[2025-05-26 14:19:50.496] Distance to Fog-SG1: 8354.04km
----------------------------------------------------------------------------------------------------
[2025-05-26 14:19:50.496] Distance to Fog-SG2: 6974.24km
----------------------------------------------------------------------------------------------------
[2025-05-26 14:19:50.496] Distance to Fog-KC1: 7987.33km
----------------------------------------------------------------------------------------------------
[2025-05-26 14:19:50.496] Distance to Fog-KC2: 8236.72km
----------------------------------------------------------------------------------------------------
[2025-05-26 14:19:50.496] Distance to Cloud-NA: 7930.68km
----------------------------------------------------------------------------------------------------
[2025-05-26 14:19:50.496] Distance to Cloud-AS: 7992.13km
----------------------------------------------------------------------------------------------------
[2025-05-26 14:19:50.496] Selected nearest node: Cloud-NA (Distance: 7930.68km)
----------------------------------------------------------------------------------------------------
[2025-05-26 14:19:50.496] Task 7 added to queue of Cloud-NA
Task Details:
    Task ID: 7
    Node: Cloud-NA
    Timing Metrics:
        Total Time: 0.00ms
        Response Time: 0.00ms
        Processing Time: 0.00ms
        Queue Time: 0.00ms
        Transmission Time: 0.00ms
    Resource Usage:
        Memory Used: 0MB
        Bandwidth Used: 0Mbps
        RAM Required: 0MB
        Task Size: 170MB
    Network Metrics:
        Distance: 0.00km
        Queue Size: 0
----------------------------------------------------------------------------------------------------
[2025-05-26 14:19:50.497] Processing tuple 108cab39-4e30-4d5a-b20a-3d52d5470766 with type: medical
Task Details:
    Task ID: 108cab39-4e30-4d5a-b20a-3d52d5470766
    Node: N/A
    Timing Metrics:
        Total Time: 0.00ms
        Response Time: 0.00ms
        Processing Time: 0.00ms
        Queue Time: 0.00ms
        Transmission Time: 0.00ms
    Resource Usage:
        Memory Used: 0MB
        Bandwidth Used: 0Mbps
        RAM Required: 0MB
        Task Size: 0MB
    Network Metrics:
        Distance: 0.00km
        Queue Size: 0
----------------------------------------------------------------------------------------------------
[2025-05-26 14:19:50.497] Attempting Fog for medical data (Attempt 1/3)
Task Details:
    Task ID: 108cab39-4e30-4d5a-b20a-3d52d5470766
    Node: N/A
    Timing Metrics:
        Total Time: 0.00ms
        Response Time: 0.00ms
        Processing Time: 0.00ms
        Queue Time: 0.00ms
        Transmission Time: 0.00ms
    Resource Usage:
        Memory Used: 0MB
        Bandwidth Used: 0Mbps
        RAM Required: 0MB
        Task Size: 0MB
    Network Metrics:
        Distance: 0.00km
        Queue Size: 0
----------------------------------------------------------------------------------------------------
[2025-05-26 14:19:50.497] Scheduling task 8
Task Details:
    Task ID: 8
    Node: N/A
    Timing Metrics:
        Total Time: 0.00ms
        Response Time: 0.00ms
        Processing Time: 0.00ms
        Queue Time: 0.00ms
        Transmission Time: 0.00ms
    Resource Usage:
        Memory Used: 0MB
        Bandwidth Used: 0Mbps
        RAM Required: 0MB
        Task Size: 170MB
    Network Metrics:
        Distance: 0.00km
        Queue Size: 0
----------------------------------------------------------------------------------------------------
[2025-05-26 14:19:50.497] Distance to Fog-SG1: 4973.02km
----------------------------------------------------------------------------------------------------
[2025-05-26 14:19:50.497] Distance to Fog-SG2: 6192.23km
----------------------------------------------------------------------------------------------------
[2025-05-26 14:19:50.497] Distance to Fog-KC1: 19213.01km
----------------------------------------------------------------------------------------------------
[2025-05-26 14:19:50.497] Distance to Fog-KC2: 17800.26km
----------------------------------------------------------------------------------------------------
[2025-05-26 14:19:50.497] Distance to Cloud-NA: 18761.63km
----------------------------------------------------------------------------------------------------
[2025-05-26 14:19:50.497] Distance to Cloud-AS: 5058.38km
----------------------------------------------------------------------------------------------------
[2025-05-26 14:19:50.497] Selected nearest node: Fog-SG1 (Distance: 4973.02km)
----------------------------------------------------------------------------------------------------
[2025-05-26 14:19:50.497] Task 8 added to queue of Fog-SG1
Task Details:
    Task ID: 8
    Node: Fog-SG1
    Timing Metrics:
        Total Time: 0.00ms
        Response Time: 0.00ms
        Processing Time: 0.00ms
        Queue Time: 0.00ms
        Transmission Time: 0.00ms
    Resource Usage:
        Memory Used: 0MB
        Bandwidth Used: 0Mbps
        RAM Required: 0MB
        Task Size: 170MB
    Network Metrics:
        Distance: 0.00km
        Queue Size: 0
----------------------------------------------------------------------------------------------------
[2025-05-26 14:19:50.497] Processing tuple 7ad589b5-bc7a-445a-b94a-3355766e5376 with type: smalltextual
Task Details:
    Task ID: 7ad589b5-bc7a-445a-b94a-3355766e5376
    Node: N/A
    Timing Metrics:
        Total Time: 0.00ms
        Response Time: 0.00ms
        Processing Time: 0.00ms
        Queue Time: 0.00ms
        Transmission Time: 0.00ms
    Resource Usage:
        Memory Used: 0MB
        Bandwidth Used: 0Mbps
        RAM Required: 0MB
        Task Size: 0MB
    Network Metrics:
        Distance: 0.00km
        Queue Size: 0
----------------------------------------------------------------------------------------------------
[2025-05-26 14:19:50.497] Attempting Fog for smalltextual data (Attempt 1/3)
Task Details:
    Task ID: 7ad589b5-bc7a-445a-b94a-3355766e5376
    Node: N/A
    Timing Metrics:
        Total Time: 0.00ms
        Response Time: 0.00ms
        Processing Time: 0.00ms
        Queue Time: 0.00ms
        Transmission Time: 0.00ms
    Resource Usage:
        Memory Used: 0MB
        Bandwidth Used: 0Mbps
        RAM Required: 0MB
        Task Size: 0MB
    Network Metrics:
        Distance: 0.00km
        Queue Size: 0
----------------------------------------------------------------------------------------------------
[2025-05-26 14:19:50.497] Scheduling task 9
Task Details:
    Task ID: 9
    Node: N/A
    Timing Metrics:
        Total Time: 0.00ms
        Response Time: 0.00ms
        Processing Time: 0.00ms
        Queue Time: 0.00ms
        Transmission Time: 0.00ms
    Resource Usage:
        Memory Used: 0MB
        Bandwidth Used: 0Mbps
        RAM Required: 0MB
        Task Size: 300MB
    Network Metrics:
        Distance: 0.00km
        Queue Size: 0
----------------------------------------------------------------------------------------------------
[2025-05-26 14:19:50.497] Distance to Fog-SG1: 4151.79km
----------------------------------------------------------------------------------------------------
[2025-05-26 14:19:50.497] Distance to Fog-SG2: 4474.01km
----------------------------------------------------------------------------------------------------
[2025-05-26 14:19:50.497] Distance to Fog-KC1: 12645.23km
----------------------------------------------------------------------------------------------------
[2025-05-26 14:19:50.497] Distance to Fog-KC2: 10990.33km
----------------------------------------------------------------------------------------------------
[2025-05-26 14:19:50.497] Distance to Cloud-NA: 11819.33km
----------------------------------------------------------------------------------------------------
[2025-05-26 14:19:50.497] Distance to Cloud-AS: 4818.10km
----------------------------------------------------------------------------------------------------
[2025-05-26 14:19:50.497] Selected nearest node: Fog-SG1 (Distance: 4151.79km)
----------------------------------------------------------------------------------------------------
[2025-05-26 14:19:50.497] Task 9 added to queue of Fog-SG1
Task Details:
    Task ID: 9
    Node: Fog-SG1
    Timing Metrics:
        Total Time: 0.00ms
        Response Time: 0.00ms
        Processing Time: 0.00ms
        Queue Time: 0.00ms
        Transmission Time: 0.00ms
    Resource Usage:
        Memory Used: 0MB
        Bandwidth Used: 0Mbps
        RAM Required: 0MB
        Task Size: 300MB
    Network Metrics:
        Distance: 0.00km
        Queue Size: 0
----------------------------------------------------------------------------------------------------
[2025-05-26 14:19:50.497] Processing tuple 119ab867-cb46-4153-9fd1-1204111fb383 with type: locationbased
Task Details:
    Task ID: 119ab867-cb46-4153-9fd1-1204111fb383
    Node: N/A
    Timing Metrics:
        Total Time: 0.00ms
        Response Time: 0.00ms
        Processing Time: 0.00ms
        Queue Time: 0.00ms
        Transmission Time: 0.00ms
    Resource Usage:
        Memory Used: 0MB
        Bandwidth Used: 0Mbps
        RAM Required: 0MB
        Task Size: 0MB
    Network Metrics:
        Distance: 0.00km
        Queue Size: 0
----------------------------------------------------------------------------------------------------
[2025-05-26 14:19:50.497] Attempting Fog for locationbased data (Attempt 1/3)
Task Details:
    Task ID: 119ab867-cb46-4153-9fd1-1204111fb383
    Node: N/A
    Timing Metrics:
        Total Time: 0.00ms
        Response Time: 0.00ms
        Processing Time: 0.00ms
        Queue Time: 0.00ms
        Transmission Time: 0.00ms
    Resource Usage:
        Memory Used: 0MB
        Bandwidth Used: 0Mbps
        RAM Required: 0MB
        Task Size: 0MB
    Network Metrics:
        Distance: 0.00km
        Queue Size: 0
----------------------------------------------------------------------------------------------------
[2025-05-26 14:19:50.497] Scheduling task 10
Task Details:
    Task ID: 10
    Node: N/A
    Timing Metrics:
        Total Time: 0.00ms
        Response Time: 0.00ms
        Processing Time: 0.00ms
        Queue Time: 0.00ms
        Transmission Time: 0.00ms
    Resource Usage:
        Memory Used: 0MB
        Bandwidth Used: 0Mbps
        RAM Required: 0MB
        Task Size: 170MB
    Network Metrics:
        Distance: 0.00km
        Queue Size: 0
----------------------------------------------------------------------------------------------------
[2025-05-26 14:19:50.497] Distance to Fog-SG1: 15671.17km
----------------------------------------------------------------------------------------------------
[2025-05-26 14:19:50.497] Distance to Fog-SG2: 14583.56km
----------------------------------------------------------------------------------------------------
[2025-05-26 14:19:50.498] Distance to Fog-KC1: 286.95km
----------------------------------------------------------------------------------------------------
[2025-05-26 14:19:50.498] Distance to Fog-KC2: 1636.10km
----------------------------------------------------------------------------------------------------
[2025-05-26 14:19:50.498] Distance to Cloud-NA: 729.91km
----------------------------------------------------------------------------------------------------
[2025-05-26 14:19:50.498] Distance to Cloud-AS: 15726.09km
----------------------------------------------------------------------------------------------------
[2025-05-26 14:19:50.498] Selected nearest node: Fog-KC1 (Distance: 286.95km)
----------------------------------------------------------------------------------------------------
[2025-05-26 14:19:50.498] Task 10 added to queue of Fog-KC1
Task Details:
    Task ID: 10
    Node: Fog-KC1
    Timing Metrics:
        Total Time: 0.00ms
        Response Time: 0.00ms
        Processing Time: 0.00ms
        Queue Time: 0.00ms
        Transmission Time: 0.00ms
    Resource Usage:
        Memory Used: 0MB
        Bandwidth Used: 0Mbps
        RAM Required: 0MB
        Task Size: 170MB
    Network Metrics:
        Distance: 0.00km
        Queue Size: 0
----------------------------------------------------------------------------------------------------
[2025-05-26 14:19:50.608] Task 7 completed on Cloud-NA
Task Details:
    ID: 7
    Size: 170MB
    Memory Required: 512MB
    Bandwidth Required: 100Mbps
Timing Metrics:
    Queue Time: 111.16ms
    Processing Time: 98.41ms
    Transmission Time: 282.23ms
    Total Time: 380.69ms
    Response Time: 209.57ms
Resource Usage:
    Memory Used: 3125MB
    Bandwidth Used: 4818.805930994614Mbps
    Distance: 7930.68km
Power Consumption:
    CPU Power: 88.57W
    Memory Power: 5.67W
    Network Power: 0.71W
    Total Power: 94.95W
    Energy Consumed: 0.0100kWh
Task Details:
    Task ID: 7
    Node: Cloud-NA
    Timing Metrics:
        Total Time: 380.69ms
        Response Time: 209.57ms
        Processing Time: 98.41ms
        Queue Time: 111.16ms
        Transmission Time: 282.23ms
    Resource Usage:
        Memory Used: 3125MB
        Bandwidth Used: 4818.805930994614Mbps
        RAM Required: 0MB
        Task Size: 170MB
    Network Metrics:
        Distance: 7930.68km
        Queue Size: 1
----------------------------------------------------------------------------------------------------
[2025-05-26 14:19:50.625] Task 5 completed on Fog-KC2
Task Details:
    ID: 5
    Size: 130MB
    Memory Required: 512MB
    Bandwidth Required: 100Mbps
Timing Metrics:
    Queue Time: 129.42ms
    Processing Time: 109.91ms
    Transmission Time: 42.53ms
    Total Time: 152.49ms
    Response Time: 239.33ms
Resource Usage:
    Memory Used: 1454MB
    Bandwidth Used: 24450.881386861132Mbps
    Distance: 752.68km
Power Consumption:
    CPU Power: 43.96W
    Memory Power: 8.33W
    Network Power: 0.27W
    Total Power: 52.56W
    Energy Consumed: 0.0022kWh
Task Details:
    Task ID: 5
    Node: Fog-KC2
    Timing Metrics:
        Total Time: 152.49ms
        Response Time: 239.33ms
        Processing Time: 109.91ms
        Queue Time: 129.42ms
        Transmission Time: 42.53ms
    Resource Usage:
        Memory Used: 1454MB
        Bandwidth Used: 24450.881386861132Mbps
        RAM Required: 0MB
        Task Size: 130MB
    Network Metrics:
        Distance: 752.68km
        Queue Size: 1
----------------------------------------------------------------------------------------------------
[2025-05-26 14:19:50.625] Task 1 completed on Cloud-NA
Task Details:
    ID: 1
    Size: 270MB
    Memory Required: 512MB
    Bandwidth Required: 100Mbps
Timing Metrics:
    Queue Time: 131.15ms
    Processing Time: 125.17ms
    Transmission Time: 53.41ms
    Total Time: 178.64ms
    Response Time: 256.32ms
Resource Usage:
    Memory Used: 4779MB
    Bandwidth Used: 40443.311898275715Mbps
    Distance: 1100.60km
Power Consumption:
    CPU Power: 112.65W
    Memory Power: 5.67W
    Network Power: 0.13W
    Total Power: 118.46W
    Energy Consumed: 0.0059kWh
Task Details:
    Task ID: 1
    Node: Cloud-NA
    Timing Metrics:
        Total Time: 178.64ms
        Response Time: 256.32ms
        Processing Time: 125.17ms
        Queue Time: 131.15ms
        Transmission Time: 53.41ms
    Resource Usage:
        Memory Used: 4779MB
        Bandwidth Used: 40443.311898275715Mbps
        RAM Required: 0MB
        Task Size: 270MB
    Network Metrics:
        Distance: 1100.60km
        Queue Size: 0
----------------------------------------------------------------------------------------------------
[2025-05-26 14:19:50.625] Task 71fac031-74d8-4d69-a47b-67a41db9d59e completed successfully
----------------------------------------------------------------------------------------------------
[2025-05-26 14:19:50.641] Task 6 completed on Fog-SG2
Task Details:
    ID: 6
    Size: 126MB
    Memory Required: 512MB
    Bandwidth Required: 100Mbps
Timing Metrics:
    Queue Time: 144.92ms
    Processing Time: 134.16ms
    Transmission Time: 47.07ms
    Total Time: 181.26ms
    Response Time: 279.07ms
Resource Usage:
    Memory Used: 4654MB
    Bandwidth Used: 21417.1316190789Mbps
    Distance: 1228.84km
Power Consumption:
    CPU Power: 53.66W
    Memory Power: 8.33W
    Network Power: 0.29W
    Total Power: 62.29W
    Energy Consumed: 0.0031kWh
Task Details:
    Task ID: 6
    Node: Fog-SG2
    Timing Metrics:
        Total Time: 181.26ms
        Response Time: 279.07ms
        Processing Time: 134.16ms
        Queue Time: 144.92ms
        Transmission Time: 47.07ms
    Resource Usage:
        Memory Used: 4654MB
        Bandwidth Used: 21417.1316190789Mbps
        RAM Required: 0MB
        Task Size: 126MB
    Network Metrics:
        Distance: 1228.84km
        Queue Size: 0
----------------------------------------------------------------------------------------------------
[2025-05-26 14:19:50.657] Task 4 completed on Cloud-AS
Task Details:
    ID: 4
    Size: 300MB
    Memory Required: 512MB
    Bandwidth Required: 100Mbps
Timing Metrics:
    Queue Time: 161.53ms
    Processing Time: 143.22ms
    Transmission Time: 130.75ms
    Total Time: 274.02ms
    Response Time: 304.75ms
Resource Usage:
    Memory Used: 3718MB
    Bandwidth Used: 18355.722280661455Mbps
    Distance: 4817.13km
Power Consumption:
    CPU Power: 128.90W
    Memory Power: 5.67W
    Network Power: 0.07W
    Total Power: 134.64W
    Energy Consumed: 0.0102kWh
Task Details:
    Task ID: 4
    Node: Cloud-AS
    Timing Metrics:
        Total Time: 274.02ms
        Response Time: 304.75ms
        Processing Time: 143.22ms
        Queue Time: 161.53ms
        Transmission Time: 130.75ms
    Resource Usage:
        Memory Used: 3718MB
        Bandwidth Used: 18355.722280661455Mbps
        RAM Required: 0MB
        Task Size: 300MB
    Network Metrics:
        Distance: 4817.13km
        Queue Size: 0
----------------------------------------------------------------------------------------------------
[2025-05-26 14:19:50.657] Task 10 completed on Fog-KC1
Task Details:
    ID: 10
    Size: 170MB
    Memory Required: 512MB
    Bandwidth Required: 100Mbps
Timing Metrics:
    Queue Time: 159.49ms
    Processing Time: 146.35ms
    Transmission Time: 37.95ms
    Total Time: 184.35ms
    Response Time: 305.84ms
Resource Usage:
    Memory Used: 4823MB
    Bandwidth Used: 35832.15372406945Mbps
    Distance: 286.95km
Power Consumption:
    CPU Power: 73.18W
    Memory Power: 6.25W
    Network Power: 0.19W
    Total Power: 79.62W
    Energy Consumed: 0.0041kWh
Task Details:
    Task ID: 10
    Node: Fog-KC1
    Timing Metrics:
        Total Time: 184.35ms
        Response Time: 305.84ms
        Processing Time: 146.35ms
        Queue Time: 159.49ms
        Transmission Time: 37.95ms
    Resource Usage:
        Memory Used: 4823MB
        Bandwidth Used: 35832.15372406945Mbps
        RAM Required: 0MB
        Task Size: 170MB
    Network Metrics:
        Distance: 286.95km
        Queue Size: 0
----------------------------------------------------------------------------------------------------
[2025-05-26 14:19:50.690] Task 2 completed on Fog-SG1
Task Details:
    ID: 2
    Size: 80MB
    Memory Required: 512MB
    Bandwidth Required: 100Mbps
Timing Metrics:
    Queue Time: 195.65ms
    Processing Time: 185.41ms
    Transmission Time: 52.96ms
    Total Time: 238.43ms
    Response Time: 381.06ms
Resource Usage:
    Memory Used: 1462MB
    Bandwidth Used: 12085.010046772883Mbps
    Distance: 1651.28km
Power Consumption:
    CPU Power: 18.54W
    Memory Power: 25.00W
    Network Power: 0.26W
    Total Power: 43.81W
    Energy Consumed: 0.0029kWh
Task Details:
    Task ID: 2
    Node: Fog-SG1
    Timing Metrics:
        Total Time: 238.43ms
        Response Time: 381.06ms
        Processing Time: 185.41ms
        Queue Time: 195.65ms
        Transmission Time: 52.96ms
    Resource Usage:
        Memory Used: 1462MB
        Bandwidth Used: 12085.010046772883Mbps
        RAM Required: 0MB
        Task Size: 80MB
    Network Metrics:
        Distance: 1651.28km
        Queue Size: 2
----------------------------------------------------------------------------------------------------
[2025-05-26 14:19:50.690] Task 3 completed on Fog-KC2
Task Details:
    ID: 3
    Size: 300MB
    Memory Required: 512MB
    Bandwidth Required: 100Mbps
Timing Metrics:
    Queue Time: 195.52ms
    Processing Time: 189.10ms
    Transmission Time: 74.98ms
    Total Time: 264.13ms
    Response Time: 384.62ms
Resource Usage:
    Memory Used: 2094MB
    Bandwidth Used: 32007.29046949611Mbps
    Distance: 1661.24km
Power Consumption:
    CPU Power: 75.64W
    Memory Power: 8.33W
    Network Power: 0.47W
    Total Power: 84.44W
    Energy Consumed: 0.0062kWh
Task Details:
    Task ID: 3
    Node: Fog-KC2
    Timing Metrics:
        Total Time: 264.13ms
        Response Time: 384.62ms
        Processing Time: 189.10ms
        Queue Time: 195.52ms
        Transmission Time: 74.98ms
    Resource Usage:
        Memory Used: 2094MB
        Bandwidth Used: 32007.29046949611Mbps
        RAM Required: 0MB
        Task Size: 300MB
    Network Metrics:
        Distance: 1661.24km
        Queue Size: 0
----------------------------------------------------------------------------------------------------
[2025-05-26 14:19:50.691] Task b9ef1785-8a7e-45bc-bf84-3721ee2a63fb completed successfully
----------------------------------------------------------------------------------------------------
[2025-05-26 14:19:50.691] Task cb061c3c-fc7b-4ea2-8de3-bd31a19ac169 completed successfully
----------------------------------------------------------------------------------------------------
[2025-05-26 14:19:50.691] Task aad61e68-b0e4-49e7-94ad-88fd4190c142 completed successfully
----------------------------------------------------------------------------------------------------
[2025-05-26 14:19:50.691] Task e2cb58f1-ffeb-4949-be03-da019f6b4ea6 completed successfully
----------------------------------------------------------------------------------------------------
[2025-05-26 14:19:50.691] Task c65b0962-f60b-4c97-9eae-8eacf5d6d973 completed successfully
----------------------------------------------------------------------------------------------------
[2025-05-26 14:19:50.691] Task 85b4422a-6130-4b76-be02-d989fa9f59d5 completed successfully
----------------------------------------------------------------------------------------------------
[2025-05-26 14:20:00.500] Timeout while processing task 8 on Fog-SG1
----------------------------------------------------------------------------------------------------
[2025-05-26 14:20:00.500] Error in _schedule_task: Task processing timeout on Fog-SG1
----------------------------------------------------------------------------------------------------
[2025-05-26 14:20:00.500] Failed on fog node Fog-SG1, trying next nearest fog node
Task Details:
    Task ID: 108cab39-4e30-4d5a-b20a-3d52d5470766
    Node: N/A
    Timing Metrics:
        Total Time: 0.00ms
        Response Time: 0.00ms
        Processing Time: 0.00ms
        Queue Time: 0.00ms
        Transmission Time: 0.00ms
    Resource Usage:
        Memory Used: 0MB
        Bandwidth Used: 0Mbps
        RAM Required: 0MB
        Task Size: 0MB
    Network Metrics:
        Distance: 0.00km
        Queue Size: 0
----------------------------------------------------------------------------------------------------
[2025-05-26 14:20:00.500] Attempting Fog for medical data (Attempt 2/3)
Task Details:
    Task ID: 108cab39-4e30-4d5a-b20a-3d52d5470766
    Node: N/A
    Timing Metrics:
        Total Time: 0.00ms
        Response Time: 0.00ms
        Processing Time: 0.00ms
        Queue Time: 0.00ms
        Transmission Time: 0.00ms
    Resource Usage:
        Memory Used: 0MB
        Bandwidth Used: 0Mbps
        RAM Required: 0MB
        Task Size: 0MB
    Network Metrics:
        Distance: 0.00km
        Queue Size: 0
----------------------------------------------------------------------------------------------------
[2025-05-26 14:20:00.500] Scheduling task 11
Task Details:
    Task ID: 11
    Node: N/A
    Timing Metrics:
        Total Time: 0.00ms
        Response Time: 0.00ms
        Processing Time: 0.00ms
        Queue Time: 0.00ms
        Transmission Time: 0.00ms
    Resource Usage:
        Memory Used: 0MB
        Bandwidth Used: 0Mbps
        RAM Required: 0MB
        Task Size: 170MB
    Network Metrics:
        Distance: 0.00km
        Queue Size: 0
----------------------------------------------------------------------------------------------------
[2025-05-26 14:20:00.500] Distance to Fog-SG1: 4973.02km
----------------------------------------------------------------------------------------------------
[2025-05-26 14:20:00.501] Distance to Fog-SG2: 6192.23km
----------------------------------------------------------------------------------------------------
[2025-05-26 14:20:00.501] Distance to Fog-KC1: 19213.01km
----------------------------------------------------------------------------------------------------
[2025-05-26 14:20:00.501] Distance to Fog-KC2: 17800.26km
----------------------------------------------------------------------------------------------------
[2025-05-26 14:20:00.501] Distance to Cloud-NA: 18761.63km
----------------------------------------------------------------------------------------------------
[2025-05-26 14:20:00.501] Distance to Cloud-AS: 5058.38km
----------------------------------------------------------------------------------------------------
[2025-05-26 14:20:00.501] Selected nearest node: Fog-SG2 (Distance: 6192.23km)
----------------------------------------------------------------------------------------------------
[2025-05-26 14:20:00.501] Task 11 added to queue of Fog-SG2
Task Details:
    Task ID: 11
    Node: Fog-SG2
    Timing Metrics:
        Total Time: 0.00ms
        Response Time: 0.00ms
        Processing Time: 0.00ms
        Queue Time: 0.00ms
        Transmission Time: 0.00ms
    Resource Usage:
        Memory Used: 0MB
        Bandwidth Used: 0Mbps
        RAM Required: 0MB
        Task Size: 170MB
    Network Metrics:
        Distance: 0.00km
        Queue Size: 0
----------------------------------------------------------------------------------------------------
[2025-05-26 14:20:00.502] Timeout while processing task 9 on Fog-SG1
----------------------------------------------------------------------------------------------------
[2025-05-26 14:20:00.502] Error in _schedule_task: Task processing timeout on Fog-SG1
----------------------------------------------------------------------------------------------------
[2025-05-26 14:20:00.502] Failed on fog node Fog-SG1, trying next nearest fog node
Task Details:
    Task ID: 7ad589b5-bc7a-445a-b94a-3355766e5376
    Node: N/A
    Timing Metrics:
        Total Time: 0.00ms
        Response Time: 0.00ms
        Processing Time: 0.00ms
        Queue Time: 0.00ms
        Transmission Time: 0.00ms
    Resource Usage:
        Memory Used: 0MB
        Bandwidth Used: 0Mbps
        RAM Required: 0MB
        Task Size: 0MB
    Network Metrics:
        Distance: 0.00km
        Queue Size: 0
----------------------------------------------------------------------------------------------------
[2025-05-26 14:20:00.502] Attempting Fog for smalltextual data (Attempt 2/3)
Task Details:
    Task ID: 7ad589b5-bc7a-445a-b94a-3355766e5376
    Node: N/A
    Timing Metrics:
        Total Time: 0.00ms
        Response Time: 0.00ms
        Processing Time: 0.00ms
        Queue Time: 0.00ms
        Transmission Time: 0.00ms
    Resource Usage:
        Memory Used: 0MB
        Bandwidth Used: 0Mbps
        RAM Required: 0MB
        Task Size: 0MB
    Network Metrics:
        Distance: 0.00km
        Queue Size: 0
----------------------------------------------------------------------------------------------------
[2025-05-26 14:20:00.502] Scheduling task 12
Task Details:
    Task ID: 12
    Node: N/A
    Timing Metrics:
        Total Time: 0.00ms
        Response Time: 0.00ms
        Processing Time: 0.00ms
        Queue Time: 0.00ms
        Transmission Time: 0.00ms
    Resource Usage:
        Memory Used: 0MB
        Bandwidth Used: 0Mbps
        RAM Required: 0MB
        Task Size: 300MB
    Network Metrics:
        Distance: 0.00km
        Queue Size: 0
----------------------------------------------------------------------------------------------------
[2025-05-26 14:20:00.502] Distance to Fog-SG1: 4151.79km
----------------------------------------------------------------------------------------------------
[2025-05-26 14:20:00.502] Distance to Fog-SG2: 4474.01km
----------------------------------------------------------------------------------------------------
[2025-05-26 14:20:00.502] Distance to Fog-KC1: 12645.23km
----------------------------------------------------------------------------------------------------
[2025-05-26 14:20:00.502] Distance to Fog-KC2: 10990.33km
----------------------------------------------------------------------------------------------------
[2025-05-26 14:20:00.502] Distance to Cloud-NA: 11819.33km
----------------------------------------------------------------------------------------------------
[2025-05-26 14:20:00.502] Distance to Cloud-AS: 4818.10km
----------------------------------------------------------------------------------------------------
[2025-05-26 14:20:00.502] Selected nearest node: Fog-SG2 (Distance: 4474.01km)
----------------------------------------------------------------------------------------------------
[2025-05-26 14:20:00.503] Task 12 added to queue of Fog-SG2
Task Details:
    Task ID: 12
    Node: Fog-SG2
    Timing Metrics:
        Total Time: 0.00ms
        Response Time: 0.00ms
        Processing Time: 0.00ms
        Queue Time: 0.00ms
        Transmission Time: 0.00ms
    Resource Usage:
        Memory Used: 0MB
        Bandwidth Used: 0Mbps
        RAM Required: 0MB
        Task Size: 300MB
    Network Metrics:
        Distance: 0.00km
        Queue Size: 0
----------------------------------------------------------------------------------------------------
[2025-05-26 14:20:00.638] Task 11 completed on Fog-SG2
Task Details:
    ID: 11
    Size: 170MB
    Memory Required: 512MB
    Bandwidth Required: 100Mbps
Timing Metrics:
    Queue Time: 136.97ms
    Processing Time: 121.36ms
    Transmission Time: 196.34ms
    Total Time: 317.89ms
    Response Time: 258.33ms
Resource Usage:
    Memory Used: 1924MB
    Bandwidth Used: 6926.712560574495Mbps
    Distance: 6192.23km
Power Consumption:
    CPU Power: 48.54W
    Memory Power: 8.33W
    Network Power: 1.23W
    Total Power: 58.10W
    Energy Consumed: 0.0051kWh
Task Details:
    Task ID: 11
    Node: Fog-SG2
    Timing Metrics:
        Total Time: 317.89ms
        Response Time: 258.33ms
        Processing Time: 121.36ms
        Queue Time: 136.97ms
        Transmission Time: 196.34ms
    Resource Usage:
        Memory Used: 1924MB
        Bandwidth Used: 6926.712560574495Mbps
        RAM Required: 0MB
        Task Size: 170MB
    Network Metrics:
        Distance: 6192.23km
        Queue Size: 1
----------------------------------------------------------------------------------------------------
[2025-05-26 14:20:00.638] Task 108cab39-4e30-4d5a-b20a-3d52d5470766 completed successfully
----------------------------------------------------------------------------------------------------
[2025-05-26 14:20:00.651] Task 12 completed on Fog-SG2
Task Details:
    ID: 12
    Size: 300MB
    Memory Required: 512MB
    Bandwidth Required: 100Mbps
Timing Metrics:
    Queue Time: 148.13ms
    Processing Time: 137.56ms
    Transmission Time: 115.24ms
    Total Time: 252.95ms
    Response Time: 285.69ms
Resource Usage:
    Memory Used: 1785MB
    Bandwidth Used: 20826.422441959836Mbps
    Distance: 4474.01km
Power Consumption:
    CPU Power: 55.03W
    Memory Power: 8.33W
    Network Power: 0.72W
    Total Power: 64.08W
    Energy Consumed: 0.0045kWh
Task Details:
    Task ID: 12
    Node: Fog-SG2
    Timing Metrics:
        Total Time: 252.95ms
        Response Time: 285.69ms
        Processing Time: 137.56ms
        Queue Time: 148.13ms
        Transmission Time: 115.24ms
    Resource Usage:
        Memory Used: 1785MB
        Bandwidth Used: 20826.422441959836Mbps
        RAM Required: 0MB
        Task Size: 300MB
    Network Metrics:
        Distance: 4474.01km
        Queue Size: 0
----------------------------------------------------------------------------------------------------
[2025-05-26 14:20:00.651] Task 7ad589b5-bc7a-445a-b94a-3355766e5376 completed successfully
----------------------------------------------------------------------------------------------------
[2025-05-26 14:20:00.651] Task 119ab867-cb46-4153-9fd1-1204111fb383 completed successfully
----------------------------------------------------------------------------------------------------
[2025-05-26 14:20:00.651] Processing complete!
----------------------------------------------------------------------------------------------------
[2025-05-26 14:20:00.651] System Status Update
System-wide Statistics:
    Total Tasks Processed: 10
    Tasks Processed by Cloud: 3
    Tasks Processed by Fog: 7

Power Consumption:
    Total System Power: 792.95W
    Total Energy Consumed: 0.05kWh

Node Status:
    Cloud-NA:
        Tasks Processed: 2
        Average Processing Time: 111.79ms
        Average Queue Time: 121.16ms
        Average Response Time: 232.95ms
        Current Power: 213.41W
        Total Energy: 0.02kWh
    Cloud-AS:
        Tasks Processed: 1
        Average Processing Time: 143.22ms
        Average Queue Time: 161.53ms
        Average Response Time: 304.75ms
        Current Power: 134.64W
        Total Energy: 0.01kWh
    Fog-SG1:
        Tasks Processed: 1
        Average Processing Time: 185.41ms
        Average Queue Time: 195.65ms
        Average Response Time: 381.06ms
        Current Power: 43.81W
        Total Energy: 0.00kWh
    Fog-SG2:
        Tasks Processed: 3
        Average Processing Time: 131.03ms
        Average Queue Time: 143.34ms
        Average Response Time: 274.36ms
        Current Power: 184.47W
        Total Energy: 0.01kWh
    Fog-KC1:
        Tasks Processed: 1
        Average Processing Time: 146.35ms
        Average Queue Time: 159.49ms
        Average Response Time: 305.84ms
        Current Power: 79.62W
        Total Energy: 0.00kWh
    Fog-KC2:
        Tasks Processed: 2
        Average Processing Time: 149.51ms
        Average Queue Time: 162.47ms
        Average Response Time: 311.98ms
        Current Power: 137.01W
        Total Energy: 0.01kWh

Final Statistics Summary:
    Total Tasks Completed: 10
    Cloud Tasks: 3 (30.0%)
    Fog Tasks: 7 (70.0%)

    Average Metrics Across All Tasks:
        Average Processing Time: 139.06ms
        Average Queue Time: 151.39ms
        Average Response Time: 290.46ms
        Average Power Consumption: 79.30W

    Performance Metrics:
        Fastest Processing Time: 98.41ms
        Slowest Processing Time: 189.10ms
        Fastest Response Time: 209.57ms
        Slowest Response Time: 384.62ms

    Energy Efficiency:
        Energy per Task: 0.0008kWh
        Energy per Second: 0.0061kWh

----------------------------------------------------------------------------------------------------