
====================================================================================================
Scheduler Log - CLOUD Mode
Started at: 2025-05-23 20:48:37
Configuration:
    Number of Nodes: 2
    Node Types: Cloud-NA, Cloud-AS
    Cloud Nodes: 2
    Fog Nodes: 0
====================================================================================================

[2025-05-23 20:48:37.606] Scheduling task 1
Task Details:
    Task ID: 1
    Node: N/A
    Timing Metrics:
        Total Time: 0.00ms
        Response Time: 0.00ms
        Processing Time: 0.00ms
        Queue Time: 0.00ms
        Transmission Time: 0.00ms
    Resource Usage:
        Memory Used: 0MB
        Bandwidth Used: 0Mbps
        RAM Required: 0MB
        Task Size: 270MB
    Network Metrics:
        Distance: 0.00km
        Queue Size: 0
    System Load:
        System Load: 0.0%
        Bandwidth Utilization: 0.0%
        MIPS Utilization: 0.0%
----------------------------------------------------------------------------------------------------
[2025-05-23 20:48:37.608] Calculated distance: 11823.72km between locations
----------------------------------------------------------------------------------------------------
[2025-05-23 20:48:37.609] Calculated distance: 4825.17km between locations
----------------------------------------------------------------------------------------------------
[2025-05-23 20:48:37.609] Node Cloud-AS score: 10.72 (Distance: 4825.17km)
----------------------------------------------------------------------------------------------------
[2025-05-23 20:48:37.609] Node Cloud-NA score: 118.24 (Distance: 11823.72km)
----------------------------------------------------------------------------------------------------
[2025-05-23 20:48:37.609] Selected node: Cloud-AS with score: 10.72
----------------------------------------------------------------------------------------------------
[2025-05-23 20:48:37.609] Task 1 added to queue of Cloud-AS
Task Details:
    Task ID: 1
    Node: Cloud-AS
    Timing Metrics:
        Total Time: 0.00ms
        Response Time: 0.00ms
        Processing Time: 0.00ms
        Queue Time: 0.00ms
        Transmission Time: 0.00ms
    Resource Usage:
        Memory Used: 0MB
        Bandwidth Used: 0Mbps
        RAM Required: 0MB
        Task Size: 270MB
    Network Metrics:
        Distance: 0.00km
        Queue Size: 0
    System Load:
        System Load: 0.0%
        Bandwidth Utilization: 0.0%
        MIPS Utilization: 0.0%
----------------------------------------------------------------------------------------------------
[2025-05-23 20:48:37.610] Scheduling task 2
Task Details:
    Task ID: 2
    Node: N/A
    Timing Metrics:
        Total Time: 0.00ms
        Response Time: 0.00ms
        Processing Time: 0.00ms
        Queue Time: 0.00ms
        Transmission Time: 0.00ms
    Resource Usage:
        Memory Used: 0MB
        Bandwidth Used: 0Mbps
        RAM Required: 0MB
        Task Size: 80MB
    Network Metrics:
        Distance: 0.00km
        Queue Size: 0
    System Load:
        System Load: 0.0%
        Bandwidth Utilization: 0.0%
        MIPS Utilization: 0.0%
----------------------------------------------------------------------------------------------------
[2025-05-23 20:48:37.610] Calculated distance: 11813.83km between locations
----------------------------------------------------------------------------------------------------
[2025-05-23 20:48:37.611] Calculated distance: 4825.67km between locations
----------------------------------------------------------------------------------------------------
[2025-05-23 20:48:37.611] Node Cloud-AS score: 10.72 (Distance: 4825.67km)
----------------------------------------------------------------------------------------------------
[2025-05-23 20:48:37.611] Node Cloud-NA score: 118.14 (Distance: 11813.83km)
----------------------------------------------------------------------------------------------------
[2025-05-23 20:48:37.611] Selected node: Cloud-AS with score: 10.72
----------------------------------------------------------------------------------------------------
[2025-05-23 20:48:37.611] Task 2 added to queue of Cloud-AS
Task Details:
    Task ID: 2
    Node: Cloud-AS
    Timing Metrics:
        Total Time: 0.00ms
        Response Time: 0.00ms
        Processing Time: 0.00ms
        Queue Time: 0.00ms
        Transmission Time: 0.00ms
    Resource Usage:
        Memory Used: 0MB
        Bandwidth Used: 0Mbps
        RAM Required: 0MB
        Task Size: 80MB
    Network Metrics:
        Distance: 0.00km
        Queue Size: 0
    System Load:
        System Load: 0.0%
        Bandwidth Utilization: 0.0%
        MIPS Utilization: 0.0%
----------------------------------------------------------------------------------------------------
[2025-05-23 20:48:37.612] Scheduling task 3
Task Details:
    Task ID: 3
    Node: N/A
    Timing Metrics:
        Total Time: 0.00ms
        Response Time: 0.00ms
        Processing Time: 0.00ms
        Queue Time: 0.00ms
        Transmission Time: 0.00ms
    Resource Usage:
        Memory Used: 0MB
        Bandwidth Used: 0Mbps
        RAM Required: 0MB
        Task Size: 300MB
    Network Metrics:
        Distance: 0.00km
        Queue Size: 0
    System Load:
        System Load: 0.0%
        Bandwidth Utilization: 0.0%
        MIPS Utilization: 0.0%
----------------------------------------------------------------------------------------------------
[2025-05-23 20:48:37.612] Calculated distance: 2019.22km between locations
----------------------------------------------------------------------------------------------------
[2025-05-23 20:48:37.612] Calculated distance: 16099.08km between locations
----------------------------------------------------------------------------------------------------
[2025-05-23 20:48:37.612] Node Cloud-NA score: 20.19 (Distance: 2019.22km)
----------------------------------------------------------------------------------------------------
[2025-05-23 20:48:37.613] Node Cloud-AS score: 35.78 (Distance: 16099.08km)
----------------------------------------------------------------------------------------------------
[2025-05-23 20:48:37.613] Selected node: Cloud-NA with score: 20.19
----------------------------------------------------------------------------------------------------
[2025-05-23 20:48:37.613] Task 3 added to queue of Cloud-NA
Task Details:
    Task ID: 3
    Node: Cloud-NA
    Timing Metrics:
        Total Time: 0.00ms
        Response Time: 0.00ms
        Processing Time: 0.00ms
        Queue Time: 0.00ms
        Transmission Time: 0.00ms
    Resource Usage:
        Memory Used: 0MB
        Bandwidth Used: 0Mbps
        RAM Required: 0MB
        Task Size: 300MB
    Network Metrics:
        Distance: 0.00km
        Queue Size: 0
    System Load:
        System Load: 0.0%
        Bandwidth Utilization: 0.0%
        MIPS Utilization: 0.0%
----------------------------------------------------------------------------------------------------
[2025-05-23 20:48:37.613] Scheduling task 4
Task Details:
    Task ID: 4
    Node: N/A
    Timing Metrics:
        Total Time: 0.00ms
        Response Time: 0.00ms
        Processing Time: 0.00ms
        Queue Time: 0.00ms
        Transmission Time: 0.00ms
    Resource Usage:
        Memory Used: 0MB
        Bandwidth Used: 0Mbps
        RAM Required: 0MB
        Task Size: 300MB
    Network Metrics:
        Distance: 0.00km
        Queue Size: 0
    System Load:
        System Load: 0.0%
        Bandwidth Utilization: 0.0%
        MIPS Utilization: 0.0%
----------------------------------------------------------------------------------------------------
[2025-05-23 20:48:37.614] Calculated distance: 11819.66km between locations
----------------------------------------------------------------------------------------------------
[2025-05-23 20:48:37.614] Calculated distance: 4817.13km between locations
----------------------------------------------------------------------------------------------------
[2025-05-23 20:48:37.614] Node Cloud-AS score: 10.70 (Distance: 4817.13km)
----------------------------------------------------------------------------------------------------
[2025-05-23 20:48:37.614] Node Cloud-NA score: 118.20 (Distance: 11819.66km)
----------------------------------------------------------------------------------------------------
[2025-05-23 20:48:37.615] Selected node: Cloud-AS with score: 10.70
----------------------------------------------------------------------------------------------------
[2025-05-23 20:48:37.615] Task 4 added to queue of Cloud-AS
Task Details:
    Task ID: 4
    Node: Cloud-AS
    Timing Metrics:
        Total Time: 0.00ms
        Response Time: 0.00ms
        Processing Time: 0.00ms
        Queue Time: 0.00ms
        Transmission Time: 0.00ms
    Resource Usage:
        Memory Used: 0MB
        Bandwidth Used: 0Mbps
        RAM Required: 0MB
        Task Size: 300MB
    Network Metrics:
        Distance: 0.00km
        Queue Size: 0
    System Load:
        System Load: 0.0%
        Bandwidth Utilization: 0.0%
        MIPS Utilization: 0.0%
----------------------------------------------------------------------------------------------------
[2025-05-23 20:48:37.616] Scheduling task 5
Task Details:
    Task ID: 5
    Node: N/A
    Timing Metrics:
        Total Time: 0.00ms
        Response Time: 0.00ms
        Processing Time: 0.00ms
        Queue Time: 0.00ms
        Transmission Time: 0.00ms
    Resource Usage:
        Memory Used: 0MB
        Bandwidth Used: 0Mbps
        RAM Required: 0MB
        Task Size: 130MB
    Network Metrics:
        Distance: 0.00km
        Queue Size: 0
    System Load:
        System Load: 0.0%
        Bandwidth Utilization: 0.0%
        MIPS Utilization: 0.0%
----------------------------------------------------------------------------------------------------
[2025-05-23 20:48:37.616] Calculated distance: 1005.24km between locations
----------------------------------------------------------------------------------------------------
[2025-05-23 20:48:37.616] Calculated distance: 15517.01km between locations
----------------------------------------------------------------------------------------------------
[2025-05-23 20:48:37.616] Node Cloud-NA score: 10.05 (Distance: 1005.24km)
----------------------------------------------------------------------------------------------------
[2025-05-23 20:48:37.617] Node Cloud-AS score: 34.48 (Distance: 15517.01km)
----------------------------------------------------------------------------------------------------
[2025-05-23 20:48:37.617] Selected node: Cloud-NA with score: 10.05
----------------------------------------------------------------------------------------------------
[2025-05-23 20:48:37.617] Task 5 added to queue of Cloud-NA
Task Details:
    Task ID: 5
    Node: Cloud-NA
    Timing Metrics:
        Total Time: 0.00ms
        Response Time: 0.00ms
        Processing Time: 0.00ms
        Queue Time: 0.00ms
        Transmission Time: 0.00ms
    Resource Usage:
        Memory Used: 0MB
        Bandwidth Used: 0Mbps
        RAM Required: 0MB
        Task Size: 130MB
    Network Metrics:
        Distance: 0.00km
        Queue Size: 0
    System Load:
        System Load: 0.0%
        Bandwidth Utilization: 0.0%
        MIPS Utilization: 0.0%
----------------------------------------------------------------------------------------------------
[2025-05-23 20:48:37.617] Scheduling task 6
Task Details:
    Task ID: 6
    Node: N/A
    Timing Metrics:
        Total Time: 0.00ms
        Response Time: 0.00ms
        Processing Time: 0.00ms
        Queue Time: 0.00ms
        Transmission Time: 0.00ms
    Resource Usage:
        Memory Used: 0MB
        Bandwidth Used: 0Mbps
        RAM Required: 0MB
        Task Size: 126MB
    Network Metrics:
        Distance: 0.00km
        Queue Size: 0
    System Load:
        System Load: 0.0%
        Bandwidth Utilization: 0.0%
        MIPS Utilization: 0.0%
----------------------------------------------------------------------------------------------------
[2025-05-23 20:48:37.618] Calculated distance: 11819.66km between locations
----------------------------------------------------------------------------------------------------
[2025-05-23 20:48:37.618] Calculated distance: 4817.13km between locations
----------------------------------------------------------------------------------------------------
[2025-05-23 20:48:37.618] Node Cloud-AS score: 10.70 (Distance: 4817.13km)
----------------------------------------------------------------------------------------------------
[2025-05-23 20:48:37.618] Node Cloud-NA score: 118.20 (Distance: 11819.66km)
----------------------------------------------------------------------------------------------------
[2025-05-23 20:48:37.618] Selected node: Cloud-AS with score: 10.70
----------------------------------------------------------------------------------------------------
[2025-05-23 20:48:37.619] Task 6 added to queue of Cloud-AS
Task Details:
    Task ID: 6
    Node: Cloud-AS
    Timing Metrics:
        Total Time: 0.00ms
        Response Time: 0.00ms
        Processing Time: 0.00ms
        Queue Time: 0.00ms
        Transmission Time: 0.00ms
    Resource Usage:
        Memory Used: 0MB
        Bandwidth Used: 0Mbps
        RAM Required: 0MB
        Task Size: 126MB
    Network Metrics:
        Distance: 0.00km
        Queue Size: 0
    System Load:
        System Load: 0.0%
        Bandwidth Utilization: 0.0%
        MIPS Utilization: 0.0%
----------------------------------------------------------------------------------------------------
[2025-05-23 20:48:37.619] Scheduling task 7
Task Details:
    Task ID: 7
    Node: N/A
    Timing Metrics:
        Total Time: 0.00ms
        Response Time: 0.00ms
        Processing Time: 0.00ms
        Queue Time: 0.00ms
        Transmission Time: 0.00ms
    Resource Usage:
        Memory Used: 0MB
        Bandwidth Used: 0Mbps
        RAM Required: 0MB
        Task Size: 170MB
    Network Metrics:
        Distance: 0.00km
        Queue Size: 0
    System Load:
        System Load: 0.0%
        Bandwidth Utilization: 0.0%
        MIPS Utilization: 0.0%
----------------------------------------------------------------------------------------------------
[2025-05-23 20:48:37.619] Calculated distance: 11823.72km between locations
----------------------------------------------------------------------------------------------------
[2025-05-23 20:48:37.620] Calculated distance: 4825.17km between locations
----------------------------------------------------------------------------------------------------
[2025-05-23 20:48:37.620] Node Cloud-AS score: 10.72 (Distance: 4825.17km)
----------------------------------------------------------------------------------------------------
[2025-05-23 20:48:37.620] Node Cloud-NA score: 118.24 (Distance: 11823.72km)
----------------------------------------------------------------------------------------------------
[2025-05-23 20:48:37.620] Selected node: Cloud-AS with score: 10.72
----------------------------------------------------------------------------------------------------
[2025-05-23 20:48:37.620] Task 7 added to queue of Cloud-AS
Task Details:
    Task ID: 7
    Node: Cloud-AS
    Timing Metrics:
        Total Time: 0.00ms
        Response Time: 0.00ms
        Processing Time: 0.00ms
        Queue Time: 0.00ms
        Transmission Time: 0.00ms
    Resource Usage:
        Memory Used: 0MB
        Bandwidth Used: 0Mbps
        RAM Required: 0MB
        Task Size: 170MB
    Network Metrics:
        Distance: 0.00km
        Queue Size: 0
    System Load:
        System Load: 0.0%
        Bandwidth Utilization: 0.0%
        MIPS Utilization: 0.0%
----------------------------------------------------------------------------------------------------
[2025-05-23 20:48:37.621] Scheduling task 8
Task Details:
    Task ID: 8
    Node: N/A
    Timing Metrics:
        Total Time: 0.00ms
        Response Time: 0.00ms
        Processing Time: 0.00ms
        Queue Time: 0.00ms
        Transmission Time: 0.00ms
    Resource Usage:
        Memory Used: 0MB
        Bandwidth Used: 0Mbps
        RAM Required: 0MB
        Task Size: 170MB
    Network Metrics:
        Distance: 0.00km
        Queue Size: 0
    System Load:
        System Load: 0.0%
        Bandwidth Utilization: 0.0%
        MIPS Utilization: 0.0%
----------------------------------------------------------------------------------------------------
[2025-05-23 20:48:37.621] Calculated distance: 11813.16km between locations
----------------------------------------------------------------------------------------------------
[2025-05-23 20:48:37.621] Calculated distance: 4819.59km between locations
----------------------------------------------------------------------------------------------------
[2025-05-23 20:48:37.622] Node Cloud-AS score: 10.71 (Distance: 4819.59km)
----------------------------------------------------------------------------------------------------
[2025-05-23 20:48:37.622] Node Cloud-NA score: 118.13 (Distance: 11813.16km)
----------------------------------------------------------------------------------------------------
[2025-05-23 20:48:37.622] Selected node: Cloud-AS with score: 10.71
----------------------------------------------------------------------------------------------------
[2025-05-23 20:48:37.622] Task 8 added to queue of Cloud-AS
Task Details:
    Task ID: 8
    Node: Cloud-AS
    Timing Metrics:
        Total Time: 0.00ms
        Response Time: 0.00ms
        Processing Time: 0.00ms
        Queue Time: 0.00ms
        Transmission Time: 0.00ms
    Resource Usage:
        Memory Used: 0MB
        Bandwidth Used: 0Mbps
        RAM Required: 0MB
        Task Size: 170MB
    Network Metrics:
        Distance: 0.00km
        Queue Size: 0
    System Load:
        System Load: 0.0%
        Bandwidth Utilization: 0.0%
        MIPS Utilization: 0.0%
----------------------------------------------------------------------------------------------------
[2025-05-23 20:48:37.623] Scheduling task 9
Task Details:
    Task ID: 9
    Node: N/A
    Timing Metrics:
        Total Time: 0.00ms
        Response Time: 0.00ms
        Processing Time: 0.00ms
        Queue Time: 0.00ms
        Transmission Time: 0.00ms
    Resource Usage:
        Memory Used: 0MB
        Bandwidth Used: 0Mbps
        RAM Required: 0MB
        Task Size: 300MB
    Network Metrics:
        Distance: 0.00km
        Queue Size: 0
    System Load:
        System Load: 0.0%
        Bandwidth Utilization: 0.0%
        MIPS Utilization: 0.0%
----------------------------------------------------------------------------------------------------
[2025-05-23 20:48:37.623] Calculated distance: 11819.33km between locations
----------------------------------------------------------------------------------------------------
[2025-05-23 20:48:37.623] Calculated distance: 4818.10km between locations
----------------------------------------------------------------------------------------------------
[2025-05-23 20:48:37.623] Node Cloud-AS score: 10.71 (Distance: 4818.10km)
----------------------------------------------------------------------------------------------------
[2025-05-23 20:48:37.623] Node Cloud-NA score: 118.19 (Distance: 11819.33km)
----------------------------------------------------------------------------------------------------
[2025-05-23 20:48:37.624] Selected node: Cloud-AS with score: 10.71
----------------------------------------------------------------------------------------------------
[2025-05-23 20:48:37.624] Task 9 added to queue of Cloud-AS
Task Details:
    Task ID: 9
    Node: Cloud-AS
    Timing Metrics:
        Total Time: 0.00ms
        Response Time: 0.00ms
        Processing Time: 0.00ms
        Queue Time: 0.00ms
        Transmission Time: 0.00ms
    Resource Usage:
        Memory Used: 0MB
        Bandwidth Used: 0Mbps
        RAM Required: 0MB
        Task Size: 300MB
    Network Metrics:
        Distance: 0.00km
        Queue Size: 0
    System Load:
        System Load: 0.0%
        Bandwidth Utilization: 0.0%
        MIPS Utilization: 0.0%
----------------------------------------------------------------------------------------------------
[2025-05-23 20:48:37.624] Scheduling task 10
Task Details:
    Task ID: 10
    Node: N/A
    Timing Metrics:
        Total Time: 0.00ms
        Response Time: 0.00ms
        Processing Time: 0.00ms
        Queue Time: 0.00ms
        Transmission Time: 0.00ms
    Resource Usage:
        Memory Used: 0MB
        Bandwidth Used: 0Mbps
        RAM Required: 0MB
        Task Size: 170MB
    Network Metrics:
        Distance: 0.00km
        Queue Size: 0
    System Load:
        System Load: 0.0%
        Bandwidth Utilization: 0.0%
        MIPS Utilization: 0.0%
----------------------------------------------------------------------------------------------------
[2025-05-23 20:48:37.625] Calculated distance: 11833.05km between locations
----------------------------------------------------------------------------------------------------
[2025-05-23 20:48:37.625] Calculated distance: 4806.07km between locations
----------------------------------------------------------------------------------------------------
[2025-05-23 20:48:37.625] Node Cloud-AS score: 10.68 (Distance: 4806.07km)
----------------------------------------------------------------------------------------------------
[2025-05-23 20:48:37.625] Node Cloud-NA score: 118.33 (Distance: 11833.05km)
----------------------------------------------------------------------------------------------------
[2025-05-23 20:48:37.626] Selected node: Cloud-AS with score: 10.68
----------------------------------------------------------------------------------------------------
[2025-05-23 20:48:37.626] Task 10 added to queue of Cloud-AS
Task Details:
    Task ID: 10
    Node: Cloud-AS
    Timing Metrics:
        Total Time: 0.00ms
        Response Time: 0.00ms
        Processing Time: 0.00ms
        Queue Time: 0.00ms
        Transmission Time: 0.00ms
    Resource Usage:
        Memory Used: 0MB
        Bandwidth Used: 0Mbps
        RAM Required: 0MB
        Task Size: 170MB
    Network Metrics:
        Distance: 0.00km
        Queue Size: 0
    System Load:
        System Load: 0.0%
        Bandwidth Utilization: 0.0%
        MIPS Utilization: 0.0%
----------------------------------------------------------------------------------------------------
[2025-05-23 20:48:37.706] Task 5 completed on Cloud-NA
Task Details:
    ID: 5
    Size: 130MB
    Memory Required: 512MB
    Bandwidth Required: 100Mbps
Timing Metrics:
    Queue Time: 89.23ms
    Processing Time: 77.42ms
    Transmission Time: 43.41ms
    Total Time: 120.95ms
    Response Time: 166.65ms
Resource Usage:
    Memory Used: 2355MB
    Bandwidth Used: 23955.534483239688Mbps
    Distance: 1005.24km
Task Details:
    Task ID: 5
    Node: Cloud-NA
    Timing Metrics:
        Total Time: 120.95ms
        Response Time: 166.65ms
        Processing Time: 77.42ms
        Queue Time: 89.23ms
        Transmission Time: 43.41ms
    Resource Usage:
        Memory Used: 2355MB
        Bandwidth Used: 23955.534483239688Mbps
        RAM Required: 0MB
        Task Size: 130MB
    Network Metrics:
        Distance: 1005.24km
        Queue Size: 1
    System Load:
        System Load: 37.5%
        Bandwidth Utilization: 2170.7%
        MIPS Utilization: 8601.8%
----------------------------------------------------------------------------------------------------
[2025-05-23 20:48:37.738] Task 2 completed on Cloud-AS
Task Details:
    ID: 2
    Size: 80MB
    Memory Required: 512MB
    Bandwidth Required: 100Mbps
Timing Metrics:
    Queue Time: 126.91ms
    Processing Time: 108.57ms
    Transmission Time: 102.18ms
    Total Time: 210.85ms
    Response Time: 235.48ms
Resource Usage:
    Memory Used: 4346MB
    Bandwidth Used: 6263.551495272019Mbps
    Distance: 4825.67km
Task Details:
    Task ID: 2
    Node: Cloud-AS
    Timing Metrics:
        Total Time: 210.85ms
        Response Time: 235.48ms
        Processing Time: 108.57ms
        Queue Time: 126.91ms
        Transmission Time: 102.18ms
    Resource Usage:
        Memory Used: 4346MB
        Bandwidth Used: 6263.551495272019Mbps
        RAM Required: 0MB
        Task Size: 80MB
    Network Metrics:
        Distance: 4825.67km
        Queue Size: 7
    System Load:
        System Load: 85.9%
        Bandwidth Utilization: 1135.3%
        MIPS Utilization: 12062.9%
----------------------------------------------------------------------------------------------------
[2025-05-23 20:48:37.739] Task 3 completed on Cloud-NA
Task Details:
    ID: 3
    Size: 300MB
    Memory Required: 512MB
    Bandwidth Required: 100Mbps
Timing Metrics:
    Queue Time: 126.12ms
    Processing Time: 110.22ms
    Transmission Time: 79.99ms
    Total Time: 190.30ms
    Response Time: 236.34ms
Resource Usage:
    Memory Used: 3382MB
    Bandwidth Used: 30003.713977108167Mbps
    Distance: 2019.22km
Task Details:
    Task ID: 3
    Node: Cloud-NA
    Timing Metrics:
        Total Time: 190.30ms
        Response Time: 236.34ms
        Processing Time: 110.22ms
        Queue Time: 126.12ms
        Transmission Time: 79.99ms
    Resource Usage:
        Memory Used: 3382MB
        Bandwidth Used: 30003.713977108167Mbps
        RAM Required: 0MB
        Task Size: 300MB
    Network Metrics:
        Distance: 2019.22km
        Queue Size: 0
    System Load:
        System Load: 0.0%
        Bandwidth Utilization: 0.0%
        MIPS Utilization: 0.0%
----------------------------------------------------------------------------------------------------
[2025-05-23 20:48:37.772] Task 1 completed on Cloud-AS
Task Details:
    ID: 1
    Size: 270MB
    Memory Required: 512MB
    Bandwidth Required: 100Mbps
Timing Metrics:
    Queue Time: 162.14ms
    Processing Time: 130.73ms
    Transmission Time: 121.61ms
    Total Time: 252.44ms
    Response Time: 292.87ms
Resource Usage:
    Memory Used: 3788MB
    Bandwidth Used: 17761.79707920958Mbps
    Distance: 4825.17km
Task Details:
    Task ID: 1
    Node: Cloud-AS
    Timing Metrics:
        Total Time: 252.44ms
        Response Time: 292.87ms
        Processing Time: 130.73ms
        Queue Time: 162.14ms
        Transmission Time: 121.61ms
    Resource Usage:
        Memory Used: 3788MB
        Bandwidth Used: 17761.79707920958Mbps
        RAM Required: 0MB
        Task Size: 270MB
    Network Metrics:
        Distance: 4825.17km
        Queue Size: 6
    System Load:
        System Load: 96.2%
        Bandwidth Utilization: 1243.3%
        MIPS Utilization: 13294.0%
----------------------------------------------------------------------------------------------------
[2025-05-23 20:48:37.818] Task 6 completed on Cloud-AS
Task Details:
    ID: 6
    Size: 126MB
    Memory Required: 512MB
    Bandwidth Required: 100Mbps
Timing Metrics:
    Queue Time: 199.55ms
    Processing Time: 83.11ms
    Transmission Time: 110.86ms
    Total Time: 296.24ms
    Response Time: 282.66ms
Resource Usage:
    Memory Used: 1410MB
    Bandwidth Used: 9092.263900540953Mbps
    Distance: 4817.13km
Task Details:
    Task ID: 6
    Node: Cloud-AS
    Timing Metrics:
        Total Time: 296.24ms
        Response Time: 282.66ms
        Processing Time: 83.11ms
        Queue Time: 199.55ms
        Transmission Time: 110.86ms
    Resource Usage:
        Memory Used: 1410MB
        Bandwidth Used: 9092.263900540953Mbps
        RAM Required: 0MB
        Task Size: 126MB
    Network Metrics:
        Distance: 4817.13km
        Queue Size: 5
    System Load:
        System Load: 80.6%
        Bandwidth Utilization: 1239.4%
        MIPS Utilization: 11940.7%
----------------------------------------------------------------------------------------------------
[2025-05-23 20:48:37.835] Task 8 completed on Cloud-AS
Task Details:
    ID: 8
    Size: 170MB
    Memory Required: 512MB
    Bandwidth Required: 100Mbps
Timing Metrics:
    Queue Time: 212.68ms
    Processing Time: 106.08ms
    Transmission Time: 129.57ms
    Total Time: 334.57ms
    Response Time: 318.76ms
Resource Usage:
    Memory Used: 2556MB
    Bandwidth Used: 10496.440444493115Mbps
    Distance: 4819.59km
Task Details:
    Task ID: 8
    Node: Cloud-AS
    Timing Metrics:
        Total Time: 334.57ms
        Response Time: 318.76ms
        Processing Time: 106.08ms
        Queue Time: 212.68ms
        Transmission Time: 129.57ms
    Resource Usage:
        Memory Used: 2556MB
        Bandwidth Used: 10496.440444493115Mbps
        RAM Required: 0MB
        Task Size: 170MB
    Network Metrics:
        Distance: 4819.59km
        Queue Size: 4
    System Load:
        System Load: 91.9%
        Bandwidth Utilization: 1289.5%
        MIPS Utilization: 11902.3%
----------------------------------------------------------------------------------------------------
[2025-05-23 20:48:37.898] Task 7 completed on Cloud-AS
Task Details:
    ID: 7
    Size: 170MB
    Memory Required: 512MB
    Bandwidth Required: 100Mbps
Timing Metrics:
    Queue Time: 277.69ms
    Processing Time: 128.48ms
    Transmission Time: 111.57ms
    Total Time: 373.45ms
    Response Time: 406.17ms
Resource Usage:
    Memory Used: 4717MB
    Bandwidth Used: 12189.558554734815Mbps
    Distance: 4825.17km
Task Details:
    Task ID: 7
    Node: Cloud-AS
    Timing Metrics:
        Total Time: 373.45ms
        Response Time: 406.17ms
        Processing Time: 128.48ms
        Queue Time: 277.69ms
        Transmission Time: 111.57ms
    Resource Usage:
        Memory Used: 4717MB
        Bandwidth Used: 12189.558554734815Mbps
        RAM Required: 0MB
        Task Size: 170MB
    Network Metrics:
        Distance: 4825.17km
        Queue Size: 3
    System Load:
        System Load: 60.2%
        Bandwidth Utilization: 1279.5%
        MIPS Utilization: 12377.0%
----------------------------------------------------------------------------------------------------
[2025-05-23 20:48:37.977] Task 10 completed on Cloud-AS
Task Details:
    ID: 10
    Size: 170MB
    Memory Required: 512MB
    Bandwidth Required: 100Mbps
Timing Metrics:
    Queue Time: 350.18ms
    Processing Time: 131.45ms
    Transmission Time: 120.32ms
    Total Time: 458.43ms
    Response Time: 481.63ms
Resource Usage:
    Memory Used: 3575MB
    Bandwidth Used: 11302.910835628014Mbps
    Distance: 4806.07km
Task Details:
    Task ID: 10
    Node: Cloud-AS
    Timing Metrics:
        Total Time: 458.43ms
        Response Time: 481.63ms
        Processing Time: 131.45ms
        Queue Time: 350.18ms
        Transmission Time: 120.32ms
    Resource Usage:
        Memory Used: 3575MB
        Bandwidth Used: 11302.910835628014Mbps
        RAM Required: 0MB
        Task Size: 170MB
    Network Metrics:
        Distance: 4806.07km
        Queue Size: 2
    System Load:
        System Load: 20.6%
        Bandwidth Utilization: 1289.1%
        MIPS Utilization: 12748.3%
----------------------------------------------------------------------------------------------------
[2025-05-23 20:48:38.024] Task 4 completed on Cloud-AS
Task Details:
    ID: 4
    Size: 300MB
    Memory Required: 512MB
    Bandwidth Required: 100Mbps
Timing Metrics:
    Queue Time: 408.86ms
    Processing Time: 119.62ms
    Transmission Time: 123.82ms
    Total Time: 525.57ms
    Response Time: 528.48ms
Resource Usage:
    Memory Used: 1860MB
    Bandwidth Used: 19383.218951095332Mbps
    Distance: 4817.13km
Task Details:
    Task ID: 4
    Node: Cloud-AS
    Timing Metrics:
        Total Time: 525.57ms
        Response Time: 528.48ms
        Processing Time: 119.62ms
        Queue Time: 408.86ms
        Transmission Time: 123.82ms
    Resource Usage:
        Memory Used: 1860MB
        Bandwidth Used: 19383.218951095332Mbps
        RAM Required: 0MB
        Task Size: 300MB
    Network Metrics:
        Distance: 4817.13km
        Queue Size: 1
    System Load:
        System Load: 54.2%
        Bandwidth Utilization: 1301.5%
        MIPS Utilization: 12825.8%
----------------------------------------------------------------------------------------------------
[2025-05-23 20:48:38.136] Task 9 completed on Cloud-AS
Task Details:
    ID: 9
    Size: 300MB
    Memory Required: 512MB
    Bandwidth Required: 100Mbps
Timing Metrics:
    Queue Time: 511.81ms
    Processing Time: 147.92ms
    Transmission Time: 130.22ms
    Total Time: 631.94ms
    Response Time: 659.73ms
Resource Usage:
    Memory Used: 4893MB
    Bandwidth Used: 18430.792568031633Mbps
    Distance: 4818.10km
Task Details:
    Task ID: 9
    Node: Cloud-AS
    Timing Metrics:
        Total Time: 631.94ms
        Response Time: 659.73ms
        Processing Time: 147.92ms
        Queue Time: 511.81ms
        Transmission Time: 130.22ms
    Resource Usage:
        Memory Used: 4893MB
        Bandwidth Used: 18430.792568031633Mbps
        RAM Required: 0MB
        Task Size: 300MB
    Network Metrics:
        Distance: 4818.10km
        Queue Size: 0
    System Load:
        System Load: 0.0%
        Bandwidth Utilization: 0.0%
        MIPS Utilization: 0.0%
----------------------------------------------------------------------------------------------------
[2025-05-23 20:48:38.148] Stats for Cloud-NA: {'node_id': 0, 'name': 'Cloud-NA', 'total_processed': 2, 'avg_processing_time': 93.816378516844, 'avg_transmission_time': 61.70193230179336, 'avg_queue_time': 107.67662525177002, 'memory_utilization': 0.0, 'mips_utilization': 0, 'bandwidth_utilization': 0, 'current_tasks': 0, 'queue_size': 0, 'system_load': 0, 'used_memory': 0, 'used_mips': 0, 'used_bandwidth': 0, 'available_memory': 9024, 'available_mips': 9000, 'available_bandwidth': 2000, 'power_consumption': {'current_power': 75.07984794897665, 'cpu_power': 45.07984794897665, 'memory_power': 20.0, 'network_power': 10.0, 'total_energy': 0.013179390280713056, 'average_power': 122.5683754142909, 'peak_power': 163.00484263306737}, 'avg_response_time': 201.49300376861402, 'avg_total_time': 155.6250031327853, 'min_processing_time': 77.41587168009949, 'max_processing_time': 110.21688535358851, 'min_queue_time': 89.22934532165527, 'max_queue_time': 126.12390518188477, 'min_response_time': 166.64521700175476, 'max_response_time': 236.34079053547327, 'avg_power': 0, 'total_energy': 0.013179390280713056}
----------------------------------------------------------------------------------------------------
[2025-05-23 20:48:38.149] Stats for Cloud-AS: {'node_id': 1, 'name': 'Cloud-AS', 'total_processed': 8, 'avg_processing_time': 119.49308255886139, 'avg_transmission_time': 118.76852172905853, 'avg_queue_time': 281.22854232788086, 'memory_utilization': 0.0, 'mips_utilization': 0, 'bandwidth_utilization': 0, 'current_tasks': 0, 'queue_size': 0, 'system_load': 0, 'used_memory': 0, 'used_mips': 0, 'used_bandwidth': 0, 'available_memory': 9024, 'available_mips': 9000, 'available_bandwidth': 9000, 'power_consumption': {'current_power': 80.0, 'cpu_power': 50.00000000000001, 'memory_power': 20.0, 'network_power': 10.0, 'total_energy': 0.022808848031194467, 'average_power': 174.75471069062738, 'peak_power': 205.96093458360306}, 'avg_response_time': 400.72162488674223, 'avg_total_time': 385.4367673185443, 'min_processing_time': 83.10694142082862, 'max_processing_time': 147.9163340017521, 'min_queue_time': 126.90997123718262, 'max_queue_time': 511.8136405944824, 'min_response_time': 235.47628659594162, 'max_response_time': 659.7299745962346, 'avg_power': 0, 'total_energy': 0.022808848031194467}
----------------------------------------------------------------------------------------------------
====================================================================================================
SCHEDULER SUMMARY REPORT - CLOUD Mode
====================================================================================================

System-wide Statistics:
    Total Tasks Processed: 10
    Total Processing Time: 1143.58ms
    Total Queue Time: 2465.18ms
    Total Transmission Time: 1073.55ms
    Total Response Time: 3608.76ms

Power Consumption Summary:
    Total System Power: 155.08W
    Total Energy Consumed: 0.04kWh
    Average Power per Node: 77.54W
    Average Energy per Node: 0.02kWh

Average Metrics:
    Processing Time: 114.36ms
    Queue Time: 246.52ms
    Transmission Time: 107.36ms
    Response Time: 360.88ms

Node Performance:

    Cloud-NA:
        Tasks Processed: 2
        Average Processing Time: 93.82ms
        Average Queue Time: 107.68ms
        Average Response Time: 201.49ms
        Current Queue Size: 0
        System Load: 0.0%
        Memory Utilization: 0.0%
        MIPS Utilization: 0.0%
        Bandwidth Utilization: 0.0%
        Current Power: 75.08W
        Total Energy: 0.01kWh

    Cloud-AS:
        Tasks Processed: 8
        Average Processing Time: 119.49ms
        Average Queue Time: 281.23ms
        Average Response Time: 400.72ms
        Current Queue Size: 0
        System Load: 0.0%
        Memory Utilization: 0.0%
        MIPS Utilization: 0.0%
        Bandwidth Utilization: 0.0%
        Current Power: 80.00W
        Total Energy: 0.02kWh

====================================================================================================