
====================================================================================================
Scheduler Log - CLOUD Mode
Started at: 2025-05-23 20:48:37
Configuration:
    Number of Nodes: 2
    Node Types: Cloud-NA, Cloud-AS
    Cloud Nodes: 2
    Fog Nodes: 0
====================================================================================================

[2025-05-23 20:48:37.607] System Status Update
System-wide Statistics:
    Total Tasks in Queue: 0
    Total Tasks Processed: 0
    Active Nodes: 0

Power Consumption:
    Total System Power: 160.00W
    Total Energy Consumed: 0.00kWh

Node Status:
    Cloud-NA:
        Queue Size: 0
        Tasks Processed: 0
        Average Processing Time: 0.00ms
        Average Queue Time: 0.00ms
        Average Response Time: 0.00ms
        Average Total Time: 0.00ms
        Current Power: 80.00W
        Total Energy: 0.00kWh
        CPU Power: 50.00W
        Memory Power: 20.00W
        Network Power: 10.00W
    Cloud-AS:
        Queue Size: 0
        Tasks Processed: 0
        Average Processing Time: 0.00ms
        Average Queue Time: 0.00ms
        Average Response Time: 0.00ms
        Average Total Time: 0.00ms
        Current Power: 80.00W
        Total Energy: 0.00kWh
        CPU Power: 50.00W
        Memory Power: 20.00W
        Network Power: 10.00W

----------------------------------------------------------------------------------------------------
[2025-05-23 20:48:37.608] System Status Update
System-wide Statistics:
    Total Tasks in Queue: 0
    Total Tasks Processed: 0
    Active Nodes: 0

Power Consumption:
    Total System Power: 160.00W
    Total Energy Consumed: 0.00kWh

Node Status:
    Cloud-NA:
        Queue Size: 0
        Tasks Processed: 0
        Average Processing Time: 0.00ms
        Average Queue Time: 0.00ms
        Average Response Time: 0.00ms
        Average Total Time: 0.00ms
        Current Power: 80.00W
        Total Energy: 0.00kWh
        CPU Power: 50.00W
        Memory Power: 20.00W
        Network Power: 10.00W
    Cloud-AS:
        Queue Size: 0
        Tasks Processed: 0
        Average Processing Time: 0.00ms
        Average Queue Time: 0.00ms
        Average Response Time: 0.00ms
        Average Total Time: 0.00ms
        Current Power: 80.00W
        Total Energy: 0.00kWh
        CPU Power: 50.00W
        Memory Power: 20.00W
        Network Power: 10.00W

----------------------------------------------------------------------------------------------------
[2025-05-23 20:48:37.609] System Status Update
System-wide Statistics:
    Total Tasks in Queue: 0
    Total Tasks Processed: 0
    Active Nodes: 0

Power Consumption:
    Total System Power: 160.00W
    Total Energy Consumed: 0.00kWh

Node Status:
    Cloud-NA:
        Queue Size: 0
        Tasks Processed: 0
        Average Processing Time: 0.00ms
        Average Queue Time: 0.00ms
        Average Response Time: 0.00ms
        Average Total Time: 0.00ms
        Current Power: 80.00W
        Total Energy: 0.00kWh
        CPU Power: 50.00W
        Memory Power: 20.00W
        Network Power: 10.00W
    Cloud-AS:
        Queue Size: 0
        Tasks Processed: 0
        Average Processing Time: 0.00ms
        Average Queue Time: 0.00ms
        Average Response Time: 0.00ms
        Average Total Time: 0.00ms
        Current Power: 80.00W
        Total Energy: 0.00kWh
        CPU Power: 50.00W
        Memory Power: 20.00W
        Network Power: 10.00W

----------------------------------------------------------------------------------------------------
[2025-05-23 20:48:37.609] System Status Update
System-wide Statistics:
    Total Tasks in Queue: 0
    Total Tasks Processed: 0
    Active Nodes: 0

Power Consumption:
    Total System Power: 160.00W
    Total Energy Consumed: 0.00kWh

Node Status:
    Cloud-NA:
        Queue Size: 0
        Tasks Processed: 0
        Average Processing Time: 0.00ms
        Average Queue Time: 0.00ms
        Average Response Time: 0.00ms
        Average Total Time: 0.00ms
        Current Power: 80.00W
        Total Energy: 0.00kWh
        CPU Power: 50.00W
        Memory Power: 20.00W
        Network Power: 10.00W
    Cloud-AS:
        Queue Size: 0
        Tasks Processed: 0
        Average Processing Time: 0.00ms
        Average Queue Time: 0.00ms
        Average Response Time: 0.00ms
        Average Total Time: 0.00ms
        Current Power: 80.00W
        Total Energy: 0.00kWh
        CPU Power: 50.00W
        Memory Power: 20.00W
        Network Power: 10.00W

----------------------------------------------------------------------------------------------------
[2025-05-23 20:48:37.609] System Status Update
System-wide Statistics:
    Total Tasks in Queue: 0
    Total Tasks Processed: 0
    Active Nodes: 0

Power Consumption:
    Total System Power: 160.00W
    Total Energy Consumed: 0.00kWh

Node Status:
    Cloud-NA:
        Queue Size: 0
        Tasks Processed: 0
        Average Processing Time: 0.00ms
        Average Queue Time: 0.00ms
        Average Response Time: 0.00ms
        Average Total Time: 0.00ms
        Current Power: 80.00W
        Total Energy: 0.00kWh
        CPU Power: 50.00W
        Memory Power: 20.00W
        Network Power: 10.00W
    Cloud-AS:
        Queue Size: 0
        Tasks Processed: 0
        Average Processing Time: 0.00ms
        Average Queue Time: 0.00ms
        Average Response Time: 0.00ms
        Average Total Time: 0.00ms
        Current Power: 80.00W
        Total Energy: 0.00kWh
        CPU Power: 50.00W
        Memory Power: 20.00W
        Network Power: 10.00W

----------------------------------------------------------------------------------------------------
[2025-05-23 20:48:37.609] System Status Update
System-wide Statistics:
    Total Tasks in Queue: 0
    Total Tasks Processed: 0
    Active Nodes: 0

Power Consumption:
    Total System Power: 160.00W
    Total Energy Consumed: 0.00kWh

Node Status:
    Cloud-NA:
        Queue Size: 0
        Tasks Processed: 0
        Average Processing Time: 0.00ms
        Average Queue Time: 0.00ms
        Average Response Time: 0.00ms
        Average Total Time: 0.00ms
        Current Power: 80.00W
        Total Energy: 0.00kWh
        CPU Power: 50.00W
        Memory Power: 20.00W
        Network Power: 10.00W
    Cloud-AS:
        Queue Size: 0
        Tasks Processed: 0
        Average Processing Time: 0.00ms
        Average Queue Time: 0.00ms
        Average Response Time: 0.00ms
        Average Total Time: 0.00ms
        Current Power: 80.00W
        Total Energy: 0.00kWh
        CPU Power: 50.00W
        Memory Power: 20.00W
        Network Power: 10.00W

----------------------------------------------------------------------------------------------------
[2025-05-23 20:48:37.609] System Status Update
System-wide Statistics:
    Total Tasks in Queue: 1
    Total Tasks Processed: 0
    Active Nodes: 1

Power Consumption:
    Total System Power: 160.00W
    Total Energy Consumed: 0.00kWh

Node Status:
    Cloud-NA:
        Queue Size: 0
        Tasks Processed: 0
        Average Processing Time: 0.00ms
        Average Queue Time: 0.00ms
        Average Response Time: 0.00ms
        Average Total Time: 0.00ms
        Current Power: 80.00W
        Total Energy: 0.00kWh
        CPU Power: 50.00W
        Memory Power: 20.00W
        Network Power: 10.00W
    Cloud-AS:
        Queue Size: 1
        Tasks Processed: 0
        Average Processing Time: 0.00ms
        Average Queue Time: 0.00ms
        Average Response Time: 0.00ms
        Average Total Time: 0.00ms
        Current Power: 80.00W
        Total Energy: 0.00kWh
        CPU Power: 50.00W
        Memory Power: 20.00W
        Network Power: 10.00W

----------------------------------------------------------------------------------------------------
[2025-05-23 20:48:37.610] System Status Update
System-wide Statistics:
    Total Tasks in Queue: 1
    Total Tasks Processed: 0
    Active Nodes: 1

Power Consumption:
    Total System Power: 213.63W
    Total Energy Consumed: 0.00kWh

Node Status:
    Cloud-NA:
        Queue Size: 0
        Tasks Processed: 0
        Average Processing Time: 0.00ms
        Average Queue Time: 0.00ms
        Average Response Time: 0.00ms
        Average Total Time: 0.00ms
        Current Power: 80.00W
        Total Energy: 0.00kWh
        CPU Power: 50.00W
        Memory Power: 20.00W
        Network Power: 10.00W
    Cloud-AS:
        Queue Size: 1
        Tasks Processed: 0
        Average Processing Time: 0.00ms
        Average Queue Time: 0.00ms
        Average Response Time: 0.00ms
        Average Total Time: 0.00ms
        Current Power: 133.63W
        Total Energy: 0.00kWh
        CPU Power: 69.61W
        Memory Power: 53.58W
        Network Power: 10.44W

----------------------------------------------------------------------------------------------------
[2025-05-23 20:48:37.610] System Status Update
System-wide Statistics:
    Total Tasks in Queue: 1
    Total Tasks Processed: 0
    Active Nodes: 1

Power Consumption:
    Total System Power: 213.63W
    Total Energy Consumed: 0.00kWh

Node Status:
    Cloud-NA:
        Queue Size: 0
        Tasks Processed: 0
        Average Processing Time: 0.00ms
        Average Queue Time: 0.00ms
        Average Response Time: 0.00ms
        Average Total Time: 0.00ms
        Current Power: 80.00W
        Total Energy: 0.00kWh
        CPU Power: 50.00W
        Memory Power: 20.00W
        Network Power: 10.00W
    Cloud-AS:
        Queue Size: 1
        Tasks Processed: 0
        Average Processing Time: 0.00ms
        Average Queue Time: 0.00ms
        Average Response Time: 0.00ms
        Average Total Time: 0.00ms
        Current Power: 133.63W
        Total Energy: 0.00kWh
        CPU Power: 69.61W
        Memory Power: 53.58W
        Network Power: 10.44W

----------------------------------------------------------------------------------------------------
[2025-05-23 20:48:37.611] System Status Update
System-wide Statistics:
    Total Tasks in Queue: 1
    Total Tasks Processed: 0
    Active Nodes: 1

Power Consumption:
    Total System Power: 213.63W
    Total Energy Consumed: 0.00kWh

Node Status:
    Cloud-NA:
        Queue Size: 0
        Tasks Processed: 0
        Average Processing Time: 0.00ms
        Average Queue Time: 0.00ms
        Average Response Time: 0.00ms
        Average Total Time: 0.00ms
        Current Power: 80.00W
        Total Energy: 0.00kWh
        CPU Power: 50.00W
        Memory Power: 20.00W
        Network Power: 10.00W
    Cloud-AS:
        Queue Size: 1
        Tasks Processed: 0
        Average Processing Time: 0.00ms
        Average Queue Time: 0.00ms
        Average Response Time: 0.00ms
        Average Total Time: 0.00ms
        Current Power: 133.63W
        Total Energy: 0.00kWh
        CPU Power: 69.61W
        Memory Power: 53.58W
        Network Power: 10.44W

----------------------------------------------------------------------------------------------------
[2025-05-23 20:48:37.611] System Status Update
System-wide Statistics:
    Total Tasks in Queue: 1
    Total Tasks Processed: 0
    Active Nodes: 1

Power Consumption:
    Total System Power: 213.63W
    Total Energy Consumed: 0.00kWh

Node Status:
    Cloud-NA:
        Queue Size: 0
        Tasks Processed: 0
        Average Processing Time: 0.00ms
        Average Queue Time: 0.00ms
        Average Response Time: 0.00ms
        Average Total Time: 0.00ms
        Current Power: 80.00W
        Total Energy: 0.00kWh
        CPU Power: 50.00W
        Memory Power: 20.00W
        Network Power: 10.00W
    Cloud-AS:
        Queue Size: 1
        Tasks Processed: 0
        Average Processing Time: 0.00ms
        Average Queue Time: 0.00ms
        Average Response Time: 0.00ms
        Average Total Time: 0.00ms
        Current Power: 133.63W
        Total Energy: 0.00kWh
        CPU Power: 69.61W
        Memory Power: 53.58W
        Network Power: 10.44W

----------------------------------------------------------------------------------------------------
[2025-05-23 20:48:37.611] System Status Update
System-wide Statistics:
    Total Tasks in Queue: 1
    Total Tasks Processed: 0
    Active Nodes: 1

Power Consumption:
    Total System Power: 213.63W
    Total Energy Consumed: 0.00kWh

Node Status:
    Cloud-NA:
        Queue Size: 0
        Tasks Processed: 0
        Average Processing Time: 0.00ms
        Average Queue Time: 0.00ms
        Average Response Time: 0.00ms
        Average Total Time: 0.00ms
        Current Power: 80.00W
        Total Energy: 0.00kWh
        CPU Power: 50.00W
        Memory Power: 20.00W
        Network Power: 10.00W
    Cloud-AS:
        Queue Size: 1
        Tasks Processed: 0
        Average Processing Time: 0.00ms
        Average Queue Time: 0.00ms
        Average Response Time: 0.00ms
        Average Total Time: 0.00ms
        Current Power: 133.63W
        Total Energy: 0.00kWh
        CPU Power: 69.61W
        Memory Power: 53.58W
        Network Power: 10.44W

----------------------------------------------------------------------------------------------------
[2025-05-23 20:48:37.611] System Status Update
System-wide Statistics:
    Total Tasks in Queue: 1
    Total Tasks Processed: 0
    Active Nodes: 1

Power Consumption:
    Total System Power: 213.63W
    Total Energy Consumed: 0.00kWh

Node Status:
    Cloud-NA:
        Queue Size: 0
        Tasks Processed: 0
        Average Processing Time: 0.00ms
        Average Queue Time: 0.00ms
        Average Response Time: 0.00ms
        Average Total Time: 0.00ms
        Current Power: 80.00W
        Total Energy: 0.00kWh
        CPU Power: 50.00W
        Memory Power: 20.00W
        Network Power: 10.00W
    Cloud-AS:
        Queue Size: 1
        Tasks Processed: 0
        Average Processing Time: 0.00ms
        Average Queue Time: 0.00ms
        Average Response Time: 0.00ms
        Average Total Time: 0.00ms
        Current Power: 133.63W
        Total Energy: 0.00kWh
        CPU Power: 69.61W
        Memory Power: 53.58W
        Network Power: 10.44W

----------------------------------------------------------------------------------------------------
[2025-05-23 20:48:37.611] System Status Update
System-wide Statistics:
    Total Tasks in Queue: 2
    Total Tasks Processed: 0
    Active Nodes: 1

Power Consumption:
    Total System Power: 213.63W
    Total Energy Consumed: 0.00kWh

Node Status:
    Cloud-NA:
        Queue Size: 0
        Tasks Processed: 0
        Average Processing Time: 0.00ms
        Average Queue Time: 0.00ms
        Average Response Time: 0.00ms
        Average Total Time: 0.00ms
        Current Power: 80.00W
        Total Energy: 0.00kWh
        CPU Power: 50.00W
        Memory Power: 20.00W
        Network Power: 10.00W
    Cloud-AS:
        Queue Size: 2
        Tasks Processed: 0
        Average Processing Time: 0.00ms
        Average Queue Time: 0.00ms
        Average Response Time: 0.00ms
        Average Total Time: 0.00ms
        Current Power: 133.63W
        Total Energy: 0.00kWh
        CPU Power: 69.61W
        Memory Power: 53.58W
        Network Power: 10.44W

----------------------------------------------------------------------------------------------------
[2025-05-23 20:48:37.612] System Status Update
System-wide Statistics:
    Total Tasks in Queue: 2
    Total Tasks Processed: 0
    Active Nodes: 1

Power Consumption:
    Total System Power: 268.89W
    Total Energy Consumed: 0.00kWh

Node Status:
    Cloud-NA:
        Queue Size: 0
        Tasks Processed: 0
        Average Processing Time: 0.00ms
        Average Queue Time: 0.00ms
        Average Response Time: 0.00ms
        Average Total Time: 0.00ms
        Current Power: 80.00W
        Total Energy: 0.00kWh
        CPU Power: 50.00W
        Memory Power: 20.00W
        Network Power: 10.00W
    Cloud-AS:
        Queue Size: 2
        Tasks Processed: 0
        Average Processing Time: 0.00ms
        Average Queue Time: 0.00ms
        Average Response Time: 0.00ms
        Average Total Time: 0.00ms
        Current Power: 188.89W
        Total Energy: 0.00kWh
        CPU Power: 85.89W
        Memory Power: 92.11W
        Network Power: 10.89W

----------------------------------------------------------------------------------------------------
[2025-05-23 20:48:37.612] System Status Update
System-wide Statistics:
    Total Tasks in Queue: 2
    Total Tasks Processed: 0
    Active Nodes: 1

Power Consumption:
    Total System Power: 268.89W
    Total Energy Consumed: 0.00kWh

Node Status:
    Cloud-NA:
        Queue Size: 0
        Tasks Processed: 0
        Average Processing Time: 0.00ms
        Average Queue Time: 0.00ms
        Average Response Time: 0.00ms
        Average Total Time: 0.00ms
        Current Power: 80.00W
        Total Energy: 0.00kWh
        CPU Power: 50.00W
        Memory Power: 20.00W
        Network Power: 10.00W
    Cloud-AS:
        Queue Size: 2
        Tasks Processed: 0
        Average Processing Time: 0.00ms
        Average Queue Time: 0.00ms
        Average Response Time: 0.00ms
        Average Total Time: 0.00ms
        Current Power: 188.89W
        Total Energy: 0.00kWh
        CPU Power: 85.89W
        Memory Power: 92.11W
        Network Power: 10.89W

----------------------------------------------------------------------------------------------------
[2025-05-23 20:48:37.612] System Status Update
System-wide Statistics:
    Total Tasks in Queue: 2
    Total Tasks Processed: 0
    Active Nodes: 1

Power Consumption:
    Total System Power: 268.89W
    Total Energy Consumed: 0.00kWh

Node Status:
    Cloud-NA:
        Queue Size: 0
        Tasks Processed: 0
        Average Processing Time: 0.00ms
        Average Queue Time: 0.00ms
        Average Response Time: 0.00ms
        Average Total Time: 0.00ms
        Current Power: 80.00W
        Total Energy: 0.00kWh
        CPU Power: 50.00W
        Memory Power: 20.00W
        Network Power: 10.00W
    Cloud-AS:
        Queue Size: 2
        Tasks Processed: 0
        Average Processing Time: 0.00ms
        Average Queue Time: 0.00ms
        Average Response Time: 0.00ms
        Average Total Time: 0.00ms
        Current Power: 188.89W
        Total Energy: 0.00kWh
        CPU Power: 85.89W
        Memory Power: 92.11W
        Network Power: 10.89W

----------------------------------------------------------------------------------------------------
[2025-05-23 20:48:37.612] System Status Update
System-wide Statistics:
    Total Tasks in Queue: 2
    Total Tasks Processed: 0
    Active Nodes: 1

Power Consumption:
    Total System Power: 268.89W
    Total Energy Consumed: 0.00kWh

Node Status:
    Cloud-NA:
        Queue Size: 0
        Tasks Processed: 0
        Average Processing Time: 0.00ms
        Average Queue Time: 0.00ms
        Average Response Time: 0.00ms
        Average Total Time: 0.00ms
        Current Power: 80.00W
        Total Energy: 0.00kWh
        CPU Power: 50.00W
        Memory Power: 20.00W
        Network Power: 10.00W
    Cloud-AS:
        Queue Size: 2
        Tasks Processed: 0
        Average Processing Time: 0.00ms
        Average Queue Time: 0.00ms
        Average Response Time: 0.00ms
        Average Total Time: 0.00ms
        Current Power: 188.89W
        Total Energy: 0.00kWh
        CPU Power: 85.89W
        Memory Power: 92.11W
        Network Power: 10.89W

----------------------------------------------------------------------------------------------------
[2025-05-23 20:48:37.613] System Status Update
System-wide Statistics:
    Total Tasks in Queue: 2
    Total Tasks Processed: 0
    Active Nodes: 1

Power Consumption:
    Total System Power: 268.89W
    Total Energy Consumed: 0.00kWh

Node Status:
    Cloud-NA:
        Queue Size: 0
        Tasks Processed: 0
        Average Processing Time: 0.00ms
        Average Queue Time: 0.00ms
        Average Response Time: 0.00ms
        Average Total Time: 0.00ms
        Current Power: 80.00W
        Total Energy: 0.00kWh
        CPU Power: 50.00W
        Memory Power: 20.00W
        Network Power: 10.00W
    Cloud-AS:
        Queue Size: 2
        Tasks Processed: 0
        Average Processing Time: 0.00ms
        Average Queue Time: 0.00ms
        Average Response Time: 0.00ms
        Average Total Time: 0.00ms
        Current Power: 188.89W
        Total Energy: 0.00kWh
        CPU Power: 85.89W
        Memory Power: 92.11W
        Network Power: 10.89W

----------------------------------------------------------------------------------------------------
[2025-05-23 20:48:37.613] System Status Update
System-wide Statistics:
    Total Tasks in Queue: 2
    Total Tasks Processed: 0
    Active Nodes: 1

Power Consumption:
    Total System Power: 268.89W
    Total Energy Consumed: 0.00kWh

Node Status:
    Cloud-NA:
        Queue Size: 0
        Tasks Processed: 0
        Average Processing Time: 0.00ms
        Average Queue Time: 0.00ms
        Average Response Time: 0.00ms
        Average Total Time: 0.00ms
        Current Power: 80.00W
        Total Energy: 0.00kWh
        CPU Power: 50.00W
        Memory Power: 20.00W
        Network Power: 10.00W
    Cloud-AS:
        Queue Size: 2
        Tasks Processed: 0
        Average Processing Time: 0.00ms
        Average Queue Time: 0.00ms
        Average Response Time: 0.00ms
        Average Total Time: 0.00ms
        Current Power: 188.89W
        Total Energy: 0.00kWh
        CPU Power: 85.89W
        Memory Power: 92.11W
        Network Power: 10.89W

----------------------------------------------------------------------------------------------------
[2025-05-23 20:48:37.613] System Status Update
System-wide Statistics:
    Total Tasks in Queue: 3
    Total Tasks Processed: 0
    Active Nodes: 2

Power Consumption:
    Total System Power: 268.89W
    Total Energy Consumed: 0.00kWh

Node Status:
    Cloud-NA:
        Queue Size: 1
        Tasks Processed: 0
        Average Processing Time: 0.00ms
        Average Queue Time: 0.00ms
        Average Response Time: 0.00ms
        Average Total Time: 0.00ms
        Current Power: 80.00W
        Total Energy: 0.00kWh
        CPU Power: 50.00W
        Memory Power: 20.00W
        Network Power: 10.00W
    Cloud-AS:
        Queue Size: 2
        Tasks Processed: 0
        Average Processing Time: 0.00ms
        Average Queue Time: 0.00ms
        Average Response Time: 0.00ms
        Average Total Time: 0.00ms
        Current Power: 188.89W
        Total Energy: 0.00kWh
        CPU Power: 85.89W
        Memory Power: 92.11W
        Network Power: 10.89W

----------------------------------------------------------------------------------------------------
[2025-05-23 20:48:37.613] System Status Update
System-wide Statistics:
    Total Tasks in Queue: 3
    Total Tasks Processed: 0
    Active Nodes: 2

Power Consumption:
    Total System Power: 317.41W
    Total Energy Consumed: 0.00kWh

Node Status:
    Cloud-NA:
        Queue Size: 1
        Tasks Processed: 0
        Average Processing Time: 0.00ms
        Average Queue Time: 0.00ms
        Average Response Time: 0.00ms
        Average Total Time: 0.00ms
        Current Power: 128.51W
        Total Energy: 0.00kWh
        CPU Power: 66.53W
        Memory Power: 49.98W
        Network Power: 12.00W
    Cloud-AS:
        Queue Size: 2
        Tasks Processed: 0
        Average Processing Time: 0.00ms
        Average Queue Time: 0.00ms
        Average Response Time: 0.00ms
        Average Total Time: 0.00ms
        Current Power: 188.89W
        Total Energy: 0.00kWh
        CPU Power: 85.89W
        Memory Power: 92.11W
        Network Power: 10.89W

----------------------------------------------------------------------------------------------------
[2025-05-23 20:48:37.614] System Status Update
System-wide Statistics:
    Total Tasks in Queue: 3
    Total Tasks Processed: 0
    Active Nodes: 2

Power Consumption:
    Total System Power: 317.41W
    Total Energy Consumed: 0.00kWh

Node Status:
    Cloud-NA:
        Queue Size: 1
        Tasks Processed: 0
        Average Processing Time: 0.00ms
        Average Queue Time: 0.00ms
        Average Response Time: 0.00ms
        Average Total Time: 0.00ms
        Current Power: 128.51W
        Total Energy: 0.00kWh
        CPU Power: 66.53W
        Memory Power: 49.98W
        Network Power: 12.00W
    Cloud-AS:
        Queue Size: 2
        Tasks Processed: 0
        Average Processing Time: 0.00ms
        Average Queue Time: 0.00ms
        Average Response Time: 0.00ms
        Average Total Time: 0.00ms
        Current Power: 188.89W
        Total Energy: 0.00kWh
        CPU Power: 85.89W
        Memory Power: 92.11W
        Network Power: 10.89W

----------------------------------------------------------------------------------------------------
[2025-05-23 20:48:37.614] System Status Update
System-wide Statistics:
    Total Tasks in Queue: 3
    Total Tasks Processed: 0
    Active Nodes: 2

Power Consumption:
    Total System Power: 317.41W
    Total Energy Consumed: 0.00kWh

Node Status:
    Cloud-NA:
        Queue Size: 1
        Tasks Processed: 0
        Average Processing Time: 0.00ms
        Average Queue Time: 0.00ms
        Average Response Time: 0.00ms
        Average Total Time: 0.00ms
        Current Power: 128.51W
        Total Energy: 0.00kWh
        CPU Power: 66.53W
        Memory Power: 49.98W
        Network Power: 12.00W
    Cloud-AS:
        Queue Size: 2
        Tasks Processed: 0
        Average Processing Time: 0.00ms
        Average Queue Time: 0.00ms
        Average Response Time: 0.00ms
        Average Total Time: 0.00ms
        Current Power: 188.89W
        Total Energy: 0.00kWh
        CPU Power: 85.89W
        Memory Power: 92.11W
        Network Power: 10.89W

----------------------------------------------------------------------------------------------------
[2025-05-23 20:48:37.614] System Status Update
System-wide Statistics:
    Total Tasks in Queue: 3
    Total Tasks Processed: 0
    Active Nodes: 2

Power Consumption:
    Total System Power: 317.41W
    Total Energy Consumed: 0.00kWh

Node Status:
    Cloud-NA:
        Queue Size: 1
        Tasks Processed: 0
        Average Processing Time: 0.00ms
        Average Queue Time: 0.00ms
        Average Response Time: 0.00ms
        Average Total Time: 0.00ms
        Current Power: 128.51W
        Total Energy: 0.00kWh
        CPU Power: 66.53W
        Memory Power: 49.98W
        Network Power: 12.00W
    Cloud-AS:
        Queue Size: 2
        Tasks Processed: 0
        Average Processing Time: 0.00ms
        Average Queue Time: 0.00ms
        Average Response Time: 0.00ms
        Average Total Time: 0.00ms
        Current Power: 188.89W
        Total Energy: 0.00kWh
        CPU Power: 85.89W
        Memory Power: 92.11W
        Network Power: 10.89W

----------------------------------------------------------------------------------------------------
[2025-05-23 20:48:37.614] System Status Update
System-wide Statistics:
    Total Tasks in Queue: 3
    Total Tasks Processed: 0
    Active Nodes: 2

Power Consumption:
    Total System Power: 317.41W
    Total Energy Consumed: 0.00kWh

Node Status:
    Cloud-NA:
        Queue Size: 1
        Tasks Processed: 0
        Average Processing Time: 0.00ms
        Average Queue Time: 0.00ms
        Average Response Time: 0.00ms
        Average Total Time: 0.00ms
        Current Power: 128.51W
        Total Energy: 0.00kWh
        CPU Power: 66.53W
        Memory Power: 49.98W
        Network Power: 12.00W
    Cloud-AS:
        Queue Size: 2
        Tasks Processed: 0
        Average Processing Time: 0.00ms
        Average Queue Time: 0.00ms
        Average Response Time: 0.00ms
        Average Total Time: 0.00ms
        Current Power: 188.89W
        Total Energy: 0.00kWh
        CPU Power: 85.89W
        Memory Power: 92.11W
        Network Power: 10.89W

----------------------------------------------------------------------------------------------------
[2025-05-23 20:48:37.615] System Status Update
System-wide Statistics:
    Total Tasks in Queue: 3
    Total Tasks Processed: 0
    Active Nodes: 2

Power Consumption:
    Total System Power: 317.41W
    Total Energy Consumed: 0.00kWh

Node Status:
    Cloud-NA:
        Queue Size: 1
        Tasks Processed: 0
        Average Processing Time: 0.00ms
        Average Queue Time: 0.00ms
        Average Response Time: 0.00ms
        Average Total Time: 0.00ms
        Current Power: 128.51W
        Total Energy: 0.00kWh
        CPU Power: 66.53W
        Memory Power: 49.98W
        Network Power: 12.00W
    Cloud-AS:
        Queue Size: 2
        Tasks Processed: 0
        Average Processing Time: 0.00ms
        Average Queue Time: 0.00ms
        Average Response Time: 0.00ms
        Average Total Time: 0.00ms
        Current Power: 188.89W
        Total Energy: 0.00kWh
        CPU Power: 85.89W
        Memory Power: 92.11W
        Network Power: 10.89W

----------------------------------------------------------------------------------------------------
[2025-05-23 20:48:37.615] System Status Update
System-wide Statistics:
    Total Tasks in Queue: 4
    Total Tasks Processed: 0
    Active Nodes: 2

Power Consumption:
    Total System Power: 317.41W
    Total Energy Consumed: 0.00kWh

Node Status:
    Cloud-NA:
        Queue Size: 1
        Tasks Processed: 0
        Average Processing Time: 0.00ms
        Average Queue Time: 0.00ms
        Average Response Time: 0.00ms
        Average Total Time: 0.00ms
        Current Power: 128.51W
        Total Energy: 0.00kWh
        CPU Power: 66.53W
        Memory Power: 49.98W
        Network Power: 12.00W
    Cloud-AS:
        Queue Size: 3
        Tasks Processed: 0
        Average Processing Time: 0.00ms
        Average Queue Time: 0.00ms
        Average Response Time: 0.00ms
        Average Total Time: 0.00ms
        Current Power: 188.89W
        Total Energy: 0.00kWh
        CPU Power: 85.89W
        Memory Power: 92.11W
        Network Power: 10.89W

----------------------------------------------------------------------------------------------------
[2025-05-23 20:48:37.616] System Status Update
System-wide Statistics:
    Total Tasks in Queue: 4
    Total Tasks Processed: 0
    Active Nodes: 2

Power Consumption:
    Total System Power: 317.41W
    Total Energy Consumed: 0.00kWh

Node Status:
    Cloud-NA:
        Queue Size: 1
        Tasks Processed: 0
        Average Processing Time: 0.00ms
        Average Queue Time: 0.00ms
        Average Response Time: 0.00ms
        Average Total Time: 0.00ms
        Current Power: 128.51W
        Total Energy: 0.00kWh
        CPU Power: 66.53W
        Memory Power: 49.98W
        Network Power: 12.00W
    Cloud-AS:
        Queue Size: 3
        Tasks Processed: 0
        Average Processing Time: 0.00ms
        Average Queue Time: 0.00ms
        Average Response Time: 0.00ms
        Average Total Time: 0.00ms
        Current Power: 188.89W
        Total Energy: 0.00kWh
        CPU Power: 85.89W
        Memory Power: 92.11W
        Network Power: 10.89W

----------------------------------------------------------------------------------------------------
[2025-05-23 20:48:37.616] System Status Update
System-wide Statistics:
    Total Tasks in Queue: 4
    Total Tasks Processed: 0
    Active Nodes: 2

Power Consumption:
    Total System Power: 317.41W
    Total Energy Consumed: 0.00kWh

Node Status:
    Cloud-NA:
        Queue Size: 1
        Tasks Processed: 0
        Average Processing Time: 0.00ms
        Average Queue Time: 0.00ms
        Average Response Time: 0.00ms
        Average Total Time: 0.00ms
        Current Power: 128.51W
        Total Energy: 0.00kWh
        CPU Power: 66.53W
        Memory Power: 49.98W
        Network Power: 12.00W
    Cloud-AS:
        Queue Size: 3
        Tasks Processed: 0
        Average Processing Time: 0.00ms
        Average Queue Time: 0.00ms
        Average Response Time: 0.00ms
        Average Total Time: 0.00ms
        Current Power: 188.89W
        Total Energy: 0.00kWh
        CPU Power: 85.89W
        Memory Power: 92.11W
        Network Power: 10.89W

----------------------------------------------------------------------------------------------------
[2025-05-23 20:48:37.616] System Status Update
System-wide Statistics:
    Total Tasks in Queue: 4
    Total Tasks Processed: 0
    Active Nodes: 2

Power Consumption:
    Total System Power: 317.41W
    Total Energy Consumed: 0.00kWh

Node Status:
    Cloud-NA:
        Queue Size: 1
        Tasks Processed: 0
        Average Processing Time: 0.00ms
        Average Queue Time: 0.00ms
        Average Response Time: 0.00ms
        Average Total Time: 0.00ms
        Current Power: 128.51W
        Total Energy: 0.00kWh
        CPU Power: 66.53W
        Memory Power: 49.98W
        Network Power: 12.00W
    Cloud-AS:
        Queue Size: 3
        Tasks Processed: 0
        Average Processing Time: 0.00ms
        Average Queue Time: 0.00ms
        Average Response Time: 0.00ms
        Average Total Time: 0.00ms
        Current Power: 188.89W
        Total Energy: 0.00kWh
        CPU Power: 85.89W
        Memory Power: 92.11W
        Network Power: 10.89W

----------------------------------------------------------------------------------------------------
[2025-05-23 20:48:37.616] System Status Update
System-wide Statistics:
    Total Tasks in Queue: 4
    Total Tasks Processed: 0
    Active Nodes: 2

Power Consumption:
    Total System Power: 317.41W
    Total Energy Consumed: 0.00kWh

Node Status:
    Cloud-NA:
        Queue Size: 1
        Tasks Processed: 0
        Average Processing Time: 0.00ms
        Average Queue Time: 0.00ms
        Average Response Time: 0.00ms
        Average Total Time: 0.00ms
        Current Power: 128.51W
        Total Energy: 0.00kWh
        CPU Power: 66.53W
        Memory Power: 49.98W
        Network Power: 12.00W
    Cloud-AS:
        Queue Size: 3
        Tasks Processed: 0
        Average Processing Time: 0.00ms
        Average Queue Time: 0.00ms
        Average Response Time: 0.00ms
        Average Total Time: 0.00ms
        Current Power: 188.89W
        Total Energy: 0.00kWh
        CPU Power: 85.89W
        Memory Power: 92.11W
        Network Power: 10.89W

----------------------------------------------------------------------------------------------------
[2025-05-23 20:48:37.617] System Status Update
System-wide Statistics:
    Total Tasks in Queue: 4
    Total Tasks Processed: 0
    Active Nodes: 2

Power Consumption:
    Total System Power: 317.41W
    Total Energy Consumed: 0.00kWh

Node Status:
    Cloud-NA:
        Queue Size: 1
        Tasks Processed: 0
        Average Processing Time: 0.00ms
        Average Queue Time: 0.00ms
        Average Response Time: 0.00ms
        Average Total Time: 0.00ms
        Current Power: 128.51W
        Total Energy: 0.00kWh
        CPU Power: 66.53W
        Memory Power: 49.98W
        Network Power: 12.00W
    Cloud-AS:
        Queue Size: 3
        Tasks Processed: 0
        Average Processing Time: 0.00ms
        Average Queue Time: 0.00ms
        Average Response Time: 0.00ms
        Average Total Time: 0.00ms
        Current Power: 188.89W
        Total Energy: 0.00kWh
        CPU Power: 85.89W
        Memory Power: 92.11W
        Network Power: 10.89W

----------------------------------------------------------------------------------------------------
[2025-05-23 20:48:37.617] System Status Update
System-wide Statistics:
    Total Tasks in Queue: 4
    Total Tasks Processed: 0
    Active Nodes: 2

Power Consumption:
    Total System Power: 317.41W
    Total Energy Consumed: 0.00kWh

Node Status:
    Cloud-NA:
        Queue Size: 1
        Tasks Processed: 0
        Average Processing Time: 0.00ms
        Average Queue Time: 0.00ms
        Average Response Time: 0.00ms
        Average Total Time: 0.00ms
        Current Power: 128.51W
        Total Energy: 0.00kWh
        CPU Power: 66.53W
        Memory Power: 49.98W
        Network Power: 12.00W
    Cloud-AS:
        Queue Size: 3
        Tasks Processed: 0
        Average Processing Time: 0.00ms
        Average Queue Time: 0.00ms
        Average Response Time: 0.00ms
        Average Total Time: 0.00ms
        Current Power: 188.89W
        Total Energy: 0.00kWh
        CPU Power: 85.89W
        Memory Power: 92.11W
        Network Power: 10.89W

----------------------------------------------------------------------------------------------------
[2025-05-23 20:48:37.617] System Status Update
System-wide Statistics:
    Total Tasks in Queue: 5
    Total Tasks Processed: 0
    Active Nodes: 2

Power Consumption:
    Total System Power: 317.41W
    Total Energy Consumed: 0.00kWh

Node Status:
    Cloud-NA:
        Queue Size: 2
        Tasks Processed: 0
        Average Processing Time: 0.00ms
        Average Queue Time: 0.00ms
        Average Response Time: 0.00ms
        Average Total Time: 0.00ms
        Current Power: 128.51W
        Total Energy: 0.00kWh
        CPU Power: 66.53W
        Memory Power: 49.98W
        Network Power: 12.00W
    Cloud-AS:
        Queue Size: 3
        Tasks Processed: 0
        Average Processing Time: 0.00ms
        Average Queue Time: 0.00ms
        Average Response Time: 0.00ms
        Average Total Time: 0.00ms
        Current Power: 188.89W
        Total Energy: 0.00kWh
        CPU Power: 85.89W
        Memory Power: 92.11W
        Network Power: 10.89W

----------------------------------------------------------------------------------------------------
[2025-05-23 20:48:37.618] System Status Update
System-wide Statistics:
    Total Tasks in Queue: 5
    Total Tasks Processed: 0
    Active Nodes: 2

Power Consumption:
    Total System Power: 351.90W
    Total Energy Consumed: 0.00kWh

Node Status:
    Cloud-NA:
        Queue Size: 2
        Tasks Processed: 0
        Average Processing Time: 0.00ms
        Average Queue Time: 0.00ms
        Average Response Time: 0.00ms
        Average Total Time: 0.00ms
        Current Power: 163.00W
        Total Energy: 0.00kWh
        CPU Power: 78.14W
        Memory Power: 70.86W
        Network Power: 14.00W
    Cloud-AS:
        Queue Size: 3
        Tasks Processed: 0
        Average Processing Time: 0.00ms
        Average Queue Time: 0.00ms
        Average Response Time: 0.00ms
        Average Total Time: 0.00ms
        Current Power: 188.89W
        Total Energy: 0.00kWh
        CPU Power: 85.89W
        Memory Power: 92.11W
        Network Power: 10.89W

----------------------------------------------------------------------------------------------------
[2025-05-23 20:48:37.618] System Status Update
System-wide Statistics:
    Total Tasks in Queue: 5
    Total Tasks Processed: 0
    Active Nodes: 2

Power Consumption:
    Total System Power: 351.90W
    Total Energy Consumed: 0.00kWh

Node Status:
    Cloud-NA:
        Queue Size: 2
        Tasks Processed: 0
        Average Processing Time: 0.00ms
        Average Queue Time: 0.00ms
        Average Response Time: 0.00ms
        Average Total Time: 0.00ms
        Current Power: 163.00W
        Total Energy: 0.00kWh
        CPU Power: 78.14W
        Memory Power: 70.86W
        Network Power: 14.00W
    Cloud-AS:
        Queue Size: 3
        Tasks Processed: 0
        Average Processing Time: 0.00ms
        Average Queue Time: 0.00ms
        Average Response Time: 0.00ms
        Average Total Time: 0.00ms
        Current Power: 188.89W
        Total Energy: 0.00kWh
        CPU Power: 85.89W
        Memory Power: 92.11W
        Network Power: 10.89W

----------------------------------------------------------------------------------------------------
[2025-05-23 20:48:37.618] System Status Update
System-wide Statistics:
    Total Tasks in Queue: 5
    Total Tasks Processed: 0
    Active Nodes: 2

Power Consumption:
    Total System Power: 351.90W
    Total Energy Consumed: 0.00kWh

Node Status:
    Cloud-NA:
        Queue Size: 2
        Tasks Processed: 0
        Average Processing Time: 0.00ms
        Average Queue Time: 0.00ms
        Average Response Time: 0.00ms
        Average Total Time: 0.00ms
        Current Power: 163.00W
        Total Energy: 0.00kWh
        CPU Power: 78.14W
        Memory Power: 70.86W
        Network Power: 14.00W
    Cloud-AS:
        Queue Size: 3
        Tasks Processed: 0
        Average Processing Time: 0.00ms
        Average Queue Time: 0.00ms
        Average Response Time: 0.00ms
        Average Total Time: 0.00ms
        Current Power: 188.89W
        Total Energy: 0.00kWh
        CPU Power: 85.89W
        Memory Power: 92.11W
        Network Power: 10.89W

----------------------------------------------------------------------------------------------------
[2025-05-23 20:48:37.618] System Status Update
System-wide Statistics:
    Total Tasks in Queue: 5
    Total Tasks Processed: 0
    Active Nodes: 2

Power Consumption:
    Total System Power: 351.90W
    Total Energy Consumed: 0.00kWh

Node Status:
    Cloud-NA:
        Queue Size: 2
        Tasks Processed: 0
        Average Processing Time: 0.00ms
        Average Queue Time: 0.00ms
        Average Response Time: 0.00ms
        Average Total Time: 0.00ms
        Current Power: 163.00W
        Total Energy: 0.00kWh
        CPU Power: 78.14W
        Memory Power: 70.86W
        Network Power: 14.00W
    Cloud-AS:
        Queue Size: 3
        Tasks Processed: 0
        Average Processing Time: 0.00ms
        Average Queue Time: 0.00ms
        Average Response Time: 0.00ms
        Average Total Time: 0.00ms
        Current Power: 188.89W
        Total Energy: 0.00kWh
        CPU Power: 85.89W
        Memory Power: 92.11W
        Network Power: 10.89W

----------------------------------------------------------------------------------------------------
[2025-05-23 20:48:37.618] System Status Update
System-wide Statistics:
    Total Tasks in Queue: 5
    Total Tasks Processed: 0
    Active Nodes: 2

Power Consumption:
    Total System Power: 351.90W
    Total Energy Consumed: 0.00kWh

Node Status:
    Cloud-NA:
        Queue Size: 2
        Tasks Processed: 0
        Average Processing Time: 0.00ms
        Average Queue Time: 0.00ms
        Average Response Time: 0.00ms
        Average Total Time: 0.00ms
        Current Power: 163.00W
        Total Energy: 0.00kWh
        CPU Power: 78.14W
        Memory Power: 70.86W
        Network Power: 14.00W
    Cloud-AS:
        Queue Size: 3
        Tasks Processed: 0
        Average Processing Time: 0.00ms
        Average Queue Time: 0.00ms
        Average Response Time: 0.00ms
        Average Total Time: 0.00ms
        Current Power: 188.89W
        Total Energy: 0.00kWh
        CPU Power: 85.89W
        Memory Power: 92.11W
        Network Power: 10.89W

----------------------------------------------------------------------------------------------------
[2025-05-23 20:48:37.618] System Status Update
System-wide Statistics:
    Total Tasks in Queue: 5
    Total Tasks Processed: 0
    Active Nodes: 2

Power Consumption:
    Total System Power: 351.90W
    Total Energy Consumed: 0.00kWh

Node Status:
    Cloud-NA:
        Queue Size: 2
        Tasks Processed: 0
        Average Processing Time: 0.00ms
        Average Queue Time: 0.00ms
        Average Response Time: 0.00ms
        Average Total Time: 0.00ms
        Current Power: 163.00W
        Total Energy: 0.00kWh
        CPU Power: 78.14W
        Memory Power: 70.86W
        Network Power: 14.00W
    Cloud-AS:
        Queue Size: 3
        Tasks Processed: 0
        Average Processing Time: 0.00ms
        Average Queue Time: 0.00ms
        Average Response Time: 0.00ms
        Average Total Time: 0.00ms
        Current Power: 188.89W
        Total Energy: 0.00kWh
        CPU Power: 85.89W
        Memory Power: 92.11W
        Network Power: 10.89W

----------------------------------------------------------------------------------------------------
[2025-05-23 20:48:37.619] System Status Update
System-wide Statistics:
    Total Tasks in Queue: 6
    Total Tasks Processed: 0
    Active Nodes: 2

Power Consumption:
    Total System Power: 351.90W
    Total Energy Consumed: 0.00kWh

Node Status:
    Cloud-NA:
        Queue Size: 2
        Tasks Processed: 0
        Average Processing Time: 0.00ms
        Average Queue Time: 0.00ms
        Average Response Time: 0.00ms
        Average Total Time: 0.00ms
        Current Power: 163.00W
        Total Energy: 0.00kWh
        CPU Power: 78.14W
        Memory Power: 70.86W
        Network Power: 14.00W
    Cloud-AS:
        Queue Size: 4
        Tasks Processed: 0
        Average Processing Time: 0.00ms
        Average Queue Time: 0.00ms
        Average Response Time: 0.00ms
        Average Total Time: 0.00ms
        Current Power: 188.89W
        Total Energy: 0.00kWh
        CPU Power: 85.89W
        Memory Power: 92.11W
        Network Power: 10.89W

----------------------------------------------------------------------------------------------------
[2025-05-23 20:48:37.619] System Status Update
System-wide Statistics:
    Total Tasks in Queue: 6
    Total Tasks Processed: 0
    Active Nodes: 2

Power Consumption:
    Total System Power: 351.90W
    Total Energy Consumed: 0.00kWh

Node Status:
    Cloud-NA:
        Queue Size: 2
        Tasks Processed: 0
        Average Processing Time: 0.00ms
        Average Queue Time: 0.00ms
        Average Response Time: 0.00ms
        Average Total Time: 0.00ms
        Current Power: 163.00W
        Total Energy: 0.00kWh
        CPU Power: 78.14W
        Memory Power: 70.86W
        Network Power: 14.00W
    Cloud-AS:
        Queue Size: 4
        Tasks Processed: 0
        Average Processing Time: 0.00ms
        Average Queue Time: 0.00ms
        Average Response Time: 0.00ms
        Average Total Time: 0.00ms
        Current Power: 188.89W
        Total Energy: 0.00kWh
        CPU Power: 85.89W
        Memory Power: 92.11W
        Network Power: 10.89W

----------------------------------------------------------------------------------------------------
[2025-05-23 20:48:37.619] System Status Update
System-wide Statistics:
    Total Tasks in Queue: 6
    Total Tasks Processed: 0
    Active Nodes: 2

Power Consumption:
    Total System Power: 351.90W
    Total Energy Consumed: 0.00kWh

Node Status:
    Cloud-NA:
        Queue Size: 2
        Tasks Processed: 0
        Average Processing Time: 0.00ms
        Average Queue Time: 0.00ms
        Average Response Time: 0.00ms
        Average Total Time: 0.00ms
        Current Power: 163.00W
        Total Energy: 0.00kWh
        CPU Power: 78.14W
        Memory Power: 70.86W
        Network Power: 14.00W
    Cloud-AS:
        Queue Size: 4
        Tasks Processed: 0
        Average Processing Time: 0.00ms
        Average Queue Time: 0.00ms
        Average Response Time: 0.00ms
        Average Total Time: 0.00ms
        Current Power: 188.89W
        Total Energy: 0.00kWh
        CPU Power: 85.89W
        Memory Power: 92.11W
        Network Power: 10.89W

----------------------------------------------------------------------------------------------------
[2025-05-23 20:48:37.620] System Status Update
System-wide Statistics:
    Total Tasks in Queue: 6
    Total Tasks Processed: 0
    Active Nodes: 2

Power Consumption:
    Total System Power: 351.90W
    Total Energy Consumed: 0.00kWh

Node Status:
    Cloud-NA:
        Queue Size: 2
        Tasks Processed: 0
        Average Processing Time: 0.00ms
        Average Queue Time: 0.00ms
        Average Response Time: 0.00ms
        Average Total Time: 0.00ms
        Current Power: 163.00W
        Total Energy: 0.00kWh
        CPU Power: 78.14W
        Memory Power: 70.86W
        Network Power: 14.00W
    Cloud-AS:
        Queue Size: 4
        Tasks Processed: 0
        Average Processing Time: 0.00ms
        Average Queue Time: 0.00ms
        Average Response Time: 0.00ms
        Average Total Time: 0.00ms
        Current Power: 188.89W
        Total Energy: 0.00kWh
        CPU Power: 85.89W
        Memory Power: 92.11W
        Network Power: 10.89W

----------------------------------------------------------------------------------------------------
[2025-05-23 20:48:37.620] System Status Update
System-wide Statistics:
    Total Tasks in Queue: 6
    Total Tasks Processed: 0
    Active Nodes: 2

Power Consumption:
    Total System Power: 351.90W
    Total Energy Consumed: 0.00kWh

Node Status:
    Cloud-NA:
        Queue Size: 2
        Tasks Processed: 0
        Average Processing Time: 0.00ms
        Average Queue Time: 0.00ms
        Average Response Time: 0.00ms
        Average Total Time: 0.00ms
        Current Power: 163.00W
        Total Energy: 0.00kWh
        CPU Power: 78.14W
        Memory Power: 70.86W
        Network Power: 14.00W
    Cloud-AS:
        Queue Size: 4
        Tasks Processed: 0
        Average Processing Time: 0.00ms
        Average Queue Time: 0.00ms
        Average Response Time: 0.00ms
        Average Total Time: 0.00ms
        Current Power: 188.89W
        Total Energy: 0.00kWh
        CPU Power: 85.89W
        Memory Power: 92.11W
        Network Power: 10.89W

----------------------------------------------------------------------------------------------------
[2025-05-23 20:48:37.620] System Status Update
System-wide Statistics:
    Total Tasks in Queue: 6
    Total Tasks Processed: 0
    Active Nodes: 2

Power Consumption:
    Total System Power: 351.90W
    Total Energy Consumed: 0.00kWh

Node Status:
    Cloud-NA:
        Queue Size: 2
        Tasks Processed: 0
        Average Processing Time: 0.00ms
        Average Queue Time: 0.00ms
        Average Response Time: 0.00ms
        Average Total Time: 0.00ms
        Current Power: 163.00W
        Total Energy: 0.00kWh
        CPU Power: 78.14W
        Memory Power: 70.86W
        Network Power: 14.00W
    Cloud-AS:
        Queue Size: 4
        Tasks Processed: 0
        Average Processing Time: 0.00ms
        Average Queue Time: 0.00ms
        Average Response Time: 0.00ms
        Average Total Time: 0.00ms
        Current Power: 188.89W
        Total Energy: 0.00kWh
        CPU Power: 85.89W
        Memory Power: 92.11W
        Network Power: 10.89W

----------------------------------------------------------------------------------------------------
[2025-05-23 20:48:37.620] System Status Update
System-wide Statistics:
    Total Tasks in Queue: 6
    Total Tasks Processed: 0
    Active Nodes: 2

Power Consumption:
    Total System Power: 351.90W
    Total Energy Consumed: 0.00kWh

Node Status:
    Cloud-NA:
        Queue Size: 2
        Tasks Processed: 0
        Average Processing Time: 0.00ms
        Average Queue Time: 0.00ms
        Average Response Time: 0.00ms
        Average Total Time: 0.00ms
        Current Power: 163.00W
        Total Energy: 0.00kWh
        CPU Power: 78.14W
        Memory Power: 70.86W
        Network Power: 14.00W
    Cloud-AS:
        Queue Size: 4
        Tasks Processed: 0
        Average Processing Time: 0.00ms
        Average Queue Time: 0.00ms
        Average Response Time: 0.00ms
        Average Total Time: 0.00ms
        Current Power: 188.89W
        Total Energy: 0.00kWh
        CPU Power: 85.89W
        Memory Power: 92.11W
        Network Power: 10.89W

----------------------------------------------------------------------------------------------------
[2025-05-23 20:48:37.620] System Status Update
System-wide Statistics:
    Total Tasks in Queue: 7
    Total Tasks Processed: 0
    Active Nodes: 2

Power Consumption:
    Total System Power: 351.90W
    Total Energy Consumed: 0.00kWh

Node Status:
    Cloud-NA:
        Queue Size: 2
        Tasks Processed: 0
        Average Processing Time: 0.00ms
        Average Queue Time: 0.00ms
        Average Response Time: 0.00ms
        Average Total Time: 0.00ms
        Current Power: 163.00W
        Total Energy: 0.00kWh
        CPU Power: 78.14W
        Memory Power: 70.86W
        Network Power: 14.00W
    Cloud-AS:
        Queue Size: 5
        Tasks Processed: 0
        Average Processing Time: 0.00ms
        Average Queue Time: 0.00ms
        Average Response Time: 0.00ms
        Average Total Time: 0.00ms
        Current Power: 188.89W
        Total Energy: 0.00kWh
        CPU Power: 85.89W
        Memory Power: 92.11W
        Network Power: 10.89W

----------------------------------------------------------------------------------------------------
[2025-05-23 20:48:37.621] System Status Update
System-wide Statistics:
    Total Tasks in Queue: 7
    Total Tasks Processed: 0
    Active Nodes: 2

Power Consumption:
    Total System Power: 351.90W
    Total Energy Consumed: 0.00kWh

Node Status:
    Cloud-NA:
        Queue Size: 2
        Tasks Processed: 0
        Average Processing Time: 0.00ms
        Average Queue Time: 0.00ms
        Average Response Time: 0.00ms
        Average Total Time: 0.00ms
        Current Power: 163.00W
        Total Energy: 0.00kWh
        CPU Power: 78.14W
        Memory Power: 70.86W
        Network Power: 14.00W
    Cloud-AS:
        Queue Size: 5
        Tasks Processed: 0
        Average Processing Time: 0.00ms
        Average Queue Time: 0.00ms
        Average Response Time: 0.00ms
        Average Total Time: 0.00ms
        Current Power: 188.89W
        Total Energy: 0.00kWh
        CPU Power: 85.89W
        Memory Power: 92.11W
        Network Power: 10.89W

----------------------------------------------------------------------------------------------------
[2025-05-23 20:48:37.621] System Status Update
System-wide Statistics:
    Total Tasks in Queue: 7
    Total Tasks Processed: 0
    Active Nodes: 2

Power Consumption:
    Total System Power: 351.90W
    Total Energy Consumed: 0.00kWh

Node Status:
    Cloud-NA:
        Queue Size: 2
        Tasks Processed: 0
        Average Processing Time: 0.00ms
        Average Queue Time: 0.00ms
        Average Response Time: 0.00ms
        Average Total Time: 0.00ms
        Current Power: 163.00W
        Total Energy: 0.00kWh
        CPU Power: 78.14W
        Memory Power: 70.86W
        Network Power: 14.00W
    Cloud-AS:
        Queue Size: 5
        Tasks Processed: 0
        Average Processing Time: 0.00ms
        Average Queue Time: 0.00ms
        Average Response Time: 0.00ms
        Average Total Time: 0.00ms
        Current Power: 188.89W
        Total Energy: 0.00kWh
        CPU Power: 85.89W
        Memory Power: 92.11W
        Network Power: 10.89W

----------------------------------------------------------------------------------------------------
[2025-05-23 20:48:37.622] System Status Update
System-wide Statistics:
    Total Tasks in Queue: 7
    Total Tasks Processed: 0
    Active Nodes: 2

Power Consumption:
    Total System Power: 351.90W
    Total Energy Consumed: 0.00kWh

Node Status:
    Cloud-NA:
        Queue Size: 2
        Tasks Processed: 0
        Average Processing Time: 0.00ms
        Average Queue Time: 0.00ms
        Average Response Time: 0.00ms
        Average Total Time: 0.00ms
        Current Power: 163.00W
        Total Energy: 0.00kWh
        CPU Power: 78.14W
        Memory Power: 70.86W
        Network Power: 14.00W
    Cloud-AS:
        Queue Size: 5
        Tasks Processed: 0
        Average Processing Time: 0.00ms
        Average Queue Time: 0.00ms
        Average Response Time: 0.00ms
        Average Total Time: 0.00ms
        Current Power: 188.89W
        Total Energy: 0.00kWh
        CPU Power: 85.89W
        Memory Power: 92.11W
        Network Power: 10.89W

----------------------------------------------------------------------------------------------------
[2025-05-23 20:48:37.622] System Status Update
System-wide Statistics:
    Total Tasks in Queue: 7
    Total Tasks Processed: 0
    Active Nodes: 2

Power Consumption:
    Total System Power: 351.90W
    Total Energy Consumed: 0.00kWh

Node Status:
    Cloud-NA:
        Queue Size: 2
        Tasks Processed: 0
        Average Processing Time: 0.00ms
        Average Queue Time: 0.00ms
        Average Response Time: 0.00ms
        Average Total Time: 0.00ms
        Current Power: 163.00W
        Total Energy: 0.00kWh
        CPU Power: 78.14W
        Memory Power: 70.86W
        Network Power: 14.00W
    Cloud-AS:
        Queue Size: 5
        Tasks Processed: 0
        Average Processing Time: 0.00ms
        Average Queue Time: 0.00ms
        Average Response Time: 0.00ms
        Average Total Time: 0.00ms
        Current Power: 188.89W
        Total Energy: 0.00kWh
        CPU Power: 85.89W
        Memory Power: 92.11W
        Network Power: 10.89W

----------------------------------------------------------------------------------------------------
[2025-05-23 20:48:37.622] System Status Update
System-wide Statistics:
    Total Tasks in Queue: 7
    Total Tasks Processed: 0
    Active Nodes: 2

Power Consumption:
    Total System Power: 351.90W
    Total Energy Consumed: 0.00kWh

Node Status:
    Cloud-NA:
        Queue Size: 2
        Tasks Processed: 0
        Average Processing Time: 0.00ms
        Average Queue Time: 0.00ms
        Average Response Time: 0.00ms
        Average Total Time: 0.00ms
        Current Power: 163.00W
        Total Energy: 0.00kWh
        CPU Power: 78.14W
        Memory Power: 70.86W
        Network Power: 14.00W
    Cloud-AS:
        Queue Size: 5
        Tasks Processed: 0
        Average Processing Time: 0.00ms
        Average Queue Time: 0.00ms
        Average Response Time: 0.00ms
        Average Total Time: 0.00ms
        Current Power: 188.89W
        Total Energy: 0.00kWh
        CPU Power: 85.89W
        Memory Power: 92.11W
        Network Power: 10.89W

----------------------------------------------------------------------------------------------------
[2025-05-23 20:48:37.622] System Status Update
System-wide Statistics:
    Total Tasks in Queue: 7
    Total Tasks Processed: 0
    Active Nodes: 2

Power Consumption:
    Total System Power: 351.90W
    Total Energy Consumed: 0.00kWh

Node Status:
    Cloud-NA:
        Queue Size: 2
        Tasks Processed: 0
        Average Processing Time: 0.00ms
        Average Queue Time: 0.00ms
        Average Response Time: 0.00ms
        Average Total Time: 0.00ms
        Current Power: 163.00W
        Total Energy: 0.00kWh
        CPU Power: 78.14W
        Memory Power: 70.86W
        Network Power: 14.00W
    Cloud-AS:
        Queue Size: 5
        Tasks Processed: 0
        Average Processing Time: 0.00ms
        Average Queue Time: 0.00ms
        Average Response Time: 0.00ms
        Average Total Time: 0.00ms
        Current Power: 188.89W
        Total Energy: 0.00kWh
        CPU Power: 85.89W
        Memory Power: 92.11W
        Network Power: 10.89W

----------------------------------------------------------------------------------------------------
[2025-05-23 20:48:37.622] System Status Update
System-wide Statistics:
    Total Tasks in Queue: 8
    Total Tasks Processed: 0
    Active Nodes: 2

Power Consumption:
    Total System Power: 351.90W
    Total Energy Consumed: 0.00kWh

Node Status:
    Cloud-NA:
        Queue Size: 2
        Tasks Processed: 0
        Average Processing Time: 0.00ms
        Average Queue Time: 0.00ms
        Average Response Time: 0.00ms
        Average Total Time: 0.00ms
        Current Power: 163.00W
        Total Energy: 0.00kWh
        CPU Power: 78.14W
        Memory Power: 70.86W
        Network Power: 14.00W
    Cloud-AS:
        Queue Size: 6
        Tasks Processed: 0
        Average Processing Time: 0.00ms
        Average Queue Time: 0.00ms
        Average Response Time: 0.00ms
        Average Total Time: 0.00ms
        Current Power: 188.89W
        Total Energy: 0.00kWh
        CPU Power: 85.89W
        Memory Power: 92.11W
        Network Power: 10.89W

----------------------------------------------------------------------------------------------------
[2025-05-23 20:48:37.623] System Status Update
System-wide Statistics:
    Total Tasks in Queue: 8
    Total Tasks Processed: 0
    Active Nodes: 2

Power Consumption:
    Total System Power: 351.90W
    Total Energy Consumed: 0.00kWh

Node Status:
    Cloud-NA:
        Queue Size: 2
        Tasks Processed: 0
        Average Processing Time: 0.00ms
        Average Queue Time: 0.00ms
        Average Response Time: 0.00ms
        Average Total Time: 0.00ms
        Current Power: 163.00W
        Total Energy: 0.00kWh
        CPU Power: 78.14W
        Memory Power: 70.86W
        Network Power: 14.00W
    Cloud-AS:
        Queue Size: 6
        Tasks Processed: 0
        Average Processing Time: 0.00ms
        Average Queue Time: 0.00ms
        Average Response Time: 0.00ms
        Average Total Time: 0.00ms
        Current Power: 188.89W
        Total Energy: 0.00kWh
        CPU Power: 85.89W
        Memory Power: 92.11W
        Network Power: 10.89W

----------------------------------------------------------------------------------------------------
[2025-05-23 20:48:37.623] System Status Update
System-wide Statistics:
    Total Tasks in Queue: 8
    Total Tasks Processed: 0
    Active Nodes: 2

Power Consumption:
    Total System Power: 351.90W
    Total Energy Consumed: 0.00kWh

Node Status:
    Cloud-NA:
        Queue Size: 2
        Tasks Processed: 0
        Average Processing Time: 0.00ms
        Average Queue Time: 0.00ms
        Average Response Time: 0.00ms
        Average Total Time: 0.00ms
        Current Power: 163.00W
        Total Energy: 0.00kWh
        CPU Power: 78.14W
        Memory Power: 70.86W
        Network Power: 14.00W
    Cloud-AS:
        Queue Size: 6
        Tasks Processed: 0
        Average Processing Time: 0.00ms
        Average Queue Time: 0.00ms
        Average Response Time: 0.00ms
        Average Total Time: 0.00ms
        Current Power: 188.89W
        Total Energy: 0.00kWh
        CPU Power: 85.89W
        Memory Power: 92.11W
        Network Power: 10.89W

----------------------------------------------------------------------------------------------------
[2025-05-23 20:48:37.623] System Status Update
System-wide Statistics:
    Total Tasks in Queue: 8
    Total Tasks Processed: 0
    Active Nodes: 2

Power Consumption:
    Total System Power: 351.90W
    Total Energy Consumed: 0.00kWh

Node Status:
    Cloud-NA:
        Queue Size: 2
        Tasks Processed: 0
        Average Processing Time: 0.00ms
        Average Queue Time: 0.00ms
        Average Response Time: 0.00ms
        Average Total Time: 0.00ms
        Current Power: 163.00W
        Total Energy: 0.00kWh
        CPU Power: 78.14W
        Memory Power: 70.86W
        Network Power: 14.00W
    Cloud-AS:
        Queue Size: 6
        Tasks Processed: 0
        Average Processing Time: 0.00ms
        Average Queue Time: 0.00ms
        Average Response Time: 0.00ms
        Average Total Time: 0.00ms
        Current Power: 188.89W
        Total Energy: 0.00kWh
        CPU Power: 85.89W
        Memory Power: 92.11W
        Network Power: 10.89W

----------------------------------------------------------------------------------------------------
[2025-05-23 20:48:37.623] System Status Update
System-wide Statistics:
    Total Tasks in Queue: 8
    Total Tasks Processed: 0
    Active Nodes: 2

Power Consumption:
    Total System Power: 351.90W
    Total Energy Consumed: 0.00kWh

Node Status:
    Cloud-NA:
        Queue Size: 2
        Tasks Processed: 0
        Average Processing Time: 0.00ms
        Average Queue Time: 0.00ms
        Average Response Time: 0.00ms
        Average Total Time: 0.00ms
        Current Power: 163.00W
        Total Energy: 0.00kWh
        CPU Power: 78.14W
        Memory Power: 70.86W
        Network Power: 14.00W
    Cloud-AS:
        Queue Size: 6
        Tasks Processed: 0
        Average Processing Time: 0.00ms
        Average Queue Time: 0.00ms
        Average Response Time: 0.00ms
        Average Total Time: 0.00ms
        Current Power: 188.89W
        Total Energy: 0.00kWh
        CPU Power: 85.89W
        Memory Power: 92.11W
        Network Power: 10.89W

----------------------------------------------------------------------------------------------------
[2025-05-23 20:48:37.623] System Status Update
System-wide Statistics:
    Total Tasks in Queue: 8
    Total Tasks Processed: 0
    Active Nodes: 2

Power Consumption:
    Total System Power: 351.90W
    Total Energy Consumed: 0.00kWh

Node Status:
    Cloud-NA:
        Queue Size: 2
        Tasks Processed: 0
        Average Processing Time: 0.00ms
        Average Queue Time: 0.00ms
        Average Response Time: 0.00ms
        Average Total Time: 0.00ms
        Current Power: 163.00W
        Total Energy: 0.00kWh
        CPU Power: 78.14W
        Memory Power: 70.86W
        Network Power: 14.00W
    Cloud-AS:
        Queue Size: 6
        Tasks Processed: 0
        Average Processing Time: 0.00ms
        Average Queue Time: 0.00ms
        Average Response Time: 0.00ms
        Average Total Time: 0.00ms
        Current Power: 188.89W
        Total Energy: 0.00kWh
        CPU Power: 85.89W
        Memory Power: 92.11W
        Network Power: 10.89W

----------------------------------------------------------------------------------------------------
[2025-05-23 20:48:37.624] System Status Update
System-wide Statistics:
    Total Tasks in Queue: 8
    Total Tasks Processed: 0
    Active Nodes: 2

Power Consumption:
    Total System Power: 351.90W
    Total Energy Consumed: 0.00kWh

Node Status:
    Cloud-NA:
        Queue Size: 2
        Tasks Processed: 0
        Average Processing Time: 0.00ms
        Average Queue Time: 0.00ms
        Average Response Time: 0.00ms
        Average Total Time: 0.00ms
        Current Power: 163.00W
        Total Energy: 0.00kWh
        CPU Power: 78.14W
        Memory Power: 70.86W
        Network Power: 14.00W
    Cloud-AS:
        Queue Size: 6
        Tasks Processed: 0
        Average Processing Time: 0.00ms
        Average Queue Time: 0.00ms
        Average Response Time: 0.00ms
        Average Total Time: 0.00ms
        Current Power: 188.89W
        Total Energy: 0.00kWh
        CPU Power: 85.89W
        Memory Power: 92.11W
        Network Power: 10.89W

----------------------------------------------------------------------------------------------------
[2025-05-23 20:48:37.624] System Status Update
System-wide Statistics:
    Total Tasks in Queue: 9
    Total Tasks Processed: 0
    Active Nodes: 2

Power Consumption:
    Total System Power: 351.90W
    Total Energy Consumed: 0.00kWh

Node Status:
    Cloud-NA:
        Queue Size: 2
        Tasks Processed: 0
        Average Processing Time: 0.00ms
        Average Queue Time: 0.00ms
        Average Response Time: 0.00ms
        Average Total Time: 0.00ms
        Current Power: 163.00W
        Total Energy: 0.00kWh
        CPU Power: 78.14W
        Memory Power: 70.86W
        Network Power: 14.00W
    Cloud-AS:
        Queue Size: 7
        Tasks Processed: 0
        Average Processing Time: 0.00ms
        Average Queue Time: 0.00ms
        Average Response Time: 0.00ms
        Average Total Time: 0.00ms
        Current Power: 188.89W
        Total Energy: 0.00kWh
        CPU Power: 85.89W
        Memory Power: 92.11W
        Network Power: 10.89W

----------------------------------------------------------------------------------------------------
[2025-05-23 20:48:37.624] System Status Update
System-wide Statistics:
    Total Tasks in Queue: 9
    Total Tasks Processed: 0
    Active Nodes: 2

Power Consumption:
    Total System Power: 351.90W
    Total Energy Consumed: 0.00kWh

Node Status:
    Cloud-NA:
        Queue Size: 2
        Tasks Processed: 0
        Average Processing Time: 0.00ms
        Average Queue Time: 0.00ms
        Average Response Time: 0.00ms
        Average Total Time: 0.00ms
        Current Power: 163.00W
        Total Energy: 0.00kWh
        CPU Power: 78.14W
        Memory Power: 70.86W
        Network Power: 14.00W
    Cloud-AS:
        Queue Size: 7
        Tasks Processed: 0
        Average Processing Time: 0.00ms
        Average Queue Time: 0.00ms
        Average Response Time: 0.00ms
        Average Total Time: 0.00ms
        Current Power: 188.89W
        Total Energy: 0.00kWh
        CPU Power: 85.89W
        Memory Power: 92.11W
        Network Power: 10.89W

----------------------------------------------------------------------------------------------------
[2025-05-23 20:48:37.625] System Status Update
System-wide Statistics:
    Total Tasks in Queue: 9
    Total Tasks Processed: 0
    Active Nodes: 2

Power Consumption:
    Total System Power: 351.90W
    Total Energy Consumed: 0.00kWh

Node Status:
    Cloud-NA:
        Queue Size: 2
        Tasks Processed: 0
        Average Processing Time: 0.00ms
        Average Queue Time: 0.00ms
        Average Response Time: 0.00ms
        Average Total Time: 0.00ms
        Current Power: 163.00W
        Total Energy: 0.00kWh
        CPU Power: 78.14W
        Memory Power: 70.86W
        Network Power: 14.00W
    Cloud-AS:
        Queue Size: 7
        Tasks Processed: 0
        Average Processing Time: 0.00ms
        Average Queue Time: 0.00ms
        Average Response Time: 0.00ms
        Average Total Time: 0.00ms
        Current Power: 188.89W
        Total Energy: 0.00kWh
        CPU Power: 85.89W
        Memory Power: 92.11W
        Network Power: 10.89W

----------------------------------------------------------------------------------------------------
[2025-05-23 20:48:37.625] System Status Update
System-wide Statistics:
    Total Tasks in Queue: 9
    Total Tasks Processed: 0
    Active Nodes: 2

Power Consumption:
    Total System Power: 351.90W
    Total Energy Consumed: 0.00kWh

Node Status:
    Cloud-NA:
        Queue Size: 2
        Tasks Processed: 0
        Average Processing Time: 0.00ms
        Average Queue Time: 0.00ms
        Average Response Time: 0.00ms
        Average Total Time: 0.00ms
        Current Power: 163.00W
        Total Energy: 0.00kWh
        CPU Power: 78.14W
        Memory Power: 70.86W
        Network Power: 14.00W
    Cloud-AS:
        Queue Size: 7
        Tasks Processed: 0
        Average Processing Time: 0.00ms
        Average Queue Time: 0.00ms
        Average Response Time: 0.00ms
        Average Total Time: 0.00ms
        Current Power: 188.89W
        Total Energy: 0.00kWh
        CPU Power: 85.89W
        Memory Power: 92.11W
        Network Power: 10.89W

----------------------------------------------------------------------------------------------------
[2025-05-23 20:48:37.625] System Status Update
System-wide Statistics:
    Total Tasks in Queue: 9
    Total Tasks Processed: 0
    Active Nodes: 2

Power Consumption:
    Total System Power: 351.90W
    Total Energy Consumed: 0.00kWh

Node Status:
    Cloud-NA:
        Queue Size: 2
        Tasks Processed: 0
        Average Processing Time: 0.00ms
        Average Queue Time: 0.00ms
        Average Response Time: 0.00ms
        Average Total Time: 0.00ms
        Current Power: 163.00W
        Total Energy: 0.00kWh
        CPU Power: 78.14W
        Memory Power: 70.86W
        Network Power: 14.00W
    Cloud-AS:
        Queue Size: 7
        Tasks Processed: 0
        Average Processing Time: 0.00ms
        Average Queue Time: 0.00ms
        Average Response Time: 0.00ms
        Average Total Time: 0.00ms
        Current Power: 188.89W
        Total Energy: 0.00kWh
        CPU Power: 85.89W
        Memory Power: 92.11W
        Network Power: 10.89W

----------------------------------------------------------------------------------------------------
[2025-05-23 20:48:37.626] System Status Update
System-wide Statistics:
    Total Tasks in Queue: 9
    Total Tasks Processed: 0
    Active Nodes: 2

Power Consumption:
    Total System Power: 351.90W
    Total Energy Consumed: 0.00kWh

Node Status:
    Cloud-NA:
        Queue Size: 2
        Tasks Processed: 0
        Average Processing Time: 0.00ms
        Average Queue Time: 0.00ms
        Average Response Time: 0.00ms
        Average Total Time: 0.00ms
        Current Power: 163.00W
        Total Energy: 0.00kWh
        CPU Power: 78.14W
        Memory Power: 70.86W
        Network Power: 14.00W
    Cloud-AS:
        Queue Size: 7
        Tasks Processed: 0
        Average Processing Time: 0.00ms
        Average Queue Time: 0.00ms
        Average Response Time: 0.00ms
        Average Total Time: 0.00ms
        Current Power: 188.89W
        Total Energy: 0.00kWh
        CPU Power: 85.89W
        Memory Power: 92.11W
        Network Power: 10.89W

----------------------------------------------------------------------------------------------------
[2025-05-23 20:48:37.626] System Status Update
System-wide Statistics:
    Total Tasks in Queue: 9
    Total Tasks Processed: 0
    Active Nodes: 2

Power Consumption:
    Total System Power: 351.90W
    Total Energy Consumed: 0.00kWh

Node Status:
    Cloud-NA:
        Queue Size: 2
        Tasks Processed: 0
        Average Processing Time: 0.00ms
        Average Queue Time: 0.00ms
        Average Response Time: 0.00ms
        Average Total Time: 0.00ms
        Current Power: 163.00W
        Total Energy: 0.00kWh
        CPU Power: 78.14W
        Memory Power: 70.86W
        Network Power: 14.00W
    Cloud-AS:
        Queue Size: 7
        Tasks Processed: 0
        Average Processing Time: 0.00ms
        Average Queue Time: 0.00ms
        Average Response Time: 0.00ms
        Average Total Time: 0.00ms
        Current Power: 188.89W
        Total Energy: 0.00kWh
        CPU Power: 85.89W
        Memory Power: 92.11W
        Network Power: 10.89W

----------------------------------------------------------------------------------------------------
[2025-05-23 20:48:37.627] System Status Update
System-wide Statistics:
    Total Tasks in Queue: 10
    Total Tasks Processed: 0
    Active Nodes: 2

Power Consumption:
    Total System Power: 351.90W
    Total Energy Consumed: 0.00kWh

Node Status:
    Cloud-NA:
        Queue Size: 2
        Tasks Processed: 0
        Average Processing Time: 0.00ms
        Average Queue Time: 0.00ms
        Average Response Time: 0.00ms
        Average Total Time: 0.00ms
        Current Power: 163.00W
        Total Energy: 0.00kWh
        CPU Power: 78.14W
        Memory Power: 70.86W
        Network Power: 14.00W
    Cloud-AS:
        Queue Size: 8
        Tasks Processed: 0
        Average Processing Time: 0.00ms
        Average Queue Time: 0.00ms
        Average Response Time: 0.00ms
        Average Total Time: 0.00ms
        Current Power: 188.89W
        Total Energy: 0.00kWh
        CPU Power: 85.89W
        Memory Power: 92.11W
        Network Power: 10.89W

----------------------------------------------------------------------------------------------------
[2025-05-23 20:48:37.706] System Status Update
System-wide Statistics:
    Total Tasks in Queue: 9
    Total Tasks Processed: 1
    Active Nodes: 2

Power Consumption:
    Total System Power: 312.49W
    Total Energy Consumed: 0.01kWh

Node Status:
    Cloud-NA:
        Queue Size: 1
        Tasks Processed: 1
        Average Processing Time: 77.42ms
        Average Queue Time: 89.23ms
        Average Response Time: 166.65ms
        Average Total Time: 120.95ms
        Current Power: 123.59W
        Total Energy: 0.00kWh
        CPU Power: 61.61W
        Memory Power: 49.98W
        Network Power: 12.00W
    Cloud-AS:
        Queue Size: 8
        Tasks Processed: 0
        Average Processing Time: 0.00ms
        Average Queue Time: 0.00ms
        Average Response Time: 0.00ms
        Average Total Time: 0.00ms
        Current Power: 188.89W
        Total Energy: 0.01kWh
        CPU Power: 85.89W
        Memory Power: 92.11W
        Network Power: 10.89W

----------------------------------------------------------------------------------------------------
[2025-05-23 20:48:37.738] System Status Update
System-wide Statistics:
    Total Tasks in Queue: 8
    Total Tasks Processed: 2
    Active Nodes: 2

Power Consumption:
    Total System Power: 321.66W
    Total Energy Consumed: 0.01kWh

Node Status:
    Cloud-NA:
        Queue Size: 1
        Tasks Processed: 1
        Average Processing Time: 77.42ms
        Average Queue Time: 89.23ms
        Average Response Time: 166.65ms
        Average Total Time: 120.95ms
        Current Power: 123.59W
        Total Energy: 0.00kWh
        CPU Power: 61.61W
        Memory Power: 49.98W
        Network Power: 12.00W
    Cloud-AS:
        Queue Size: 7
        Tasks Processed: 1
        Average Processing Time: 108.57ms
        Average Queue Time: 126.91ms
        Average Response Time: 235.48ms
        Average Total Time: 210.85ms
        Current Power: 198.06W
        Total Energy: 0.01kWh
        CPU Power: 97.99W
        Memory Power: 88.74W
        Network Power: 11.33W

----------------------------------------------------------------------------------------------------
[2025-05-23 20:48:37.739] System Status Update
System-wide Statistics:
    Total Tasks in Queue: 7
    Total Tasks Processed: 3
    Active Nodes: 1

Power Consumption:
    Total System Power: 273.14W
    Total Energy Consumed: 0.01kWh

Node Status:
    Cloud-NA:
        Queue Size: 0
        Tasks Processed: 2
        Average Processing Time: 93.82ms
        Average Queue Time: 107.68ms
        Average Response Time: 201.49ms
        Average Total Time: 155.63ms
        Current Power: 75.08W
        Total Energy: 0.00kWh
        CPU Power: 45.08W
        Memory Power: 20.00W
        Network Power: 10.00W
    Cloud-AS:
        Queue Size: 7
        Tasks Processed: 1
        Average Processing Time: 108.57ms
        Average Queue Time: 126.91ms
        Average Response Time: 235.48ms
        Average Total Time: 210.85ms
        Current Power: 198.06W
        Total Energy: 0.01kWh
        CPU Power: 97.99W
        Memory Power: 88.74W
        Network Power: 11.33W

----------------------------------------------------------------------------------------------------
[2025-05-23 20:48:37.772] System Status Update
System-wide Statistics:
    Total Tasks in Queue: 6
    Total Tasks Processed: 4
    Active Nodes: 1

Power Consumption:
    Total System Power: 281.04W
    Total Energy Consumed: 0.01kWh

Node Status:
    Cloud-NA:
        Queue Size: 0
        Tasks Processed: 2
        Average Processing Time: 93.82ms
        Average Queue Time: 107.68ms
        Average Response Time: 201.49ms
        Average Total Time: 155.63ms
        Current Power: 75.08W
        Total Energy: 0.01kWh
        CPU Power: 45.08W
        Memory Power: 20.00W
        Network Power: 10.00W
    Cloud-AS:
        Queue Size: 6
        Tasks Processed: 2
        Average Processing Time: 119.65ms
        Average Queue Time: 144.53ms
        Average Response Time: 264.17ms
        Average Total Time: 231.65ms
        Current Power: 205.96W
        Total Energy: 0.01kWh
        CPU Power: 97.65W
        Memory Power: 96.98W
        Network Power: 11.33W

----------------------------------------------------------------------------------------------------
[2025-05-23 20:48:37.819] System Status Update
System-wide Statistics:
    Total Tasks in Queue: 5
    Total Tasks Processed: 5
    Active Nodes: 1

Power Consumption:
    Total System Power: 255.63W
    Total Energy Consumed: 0.02kWh

Node Status:
    Cloud-NA:
        Queue Size: 0
        Tasks Processed: 2
        Average Processing Time: 93.82ms
        Average Queue Time: 107.68ms
        Average Response Time: 201.49ms
        Average Total Time: 155.63ms
        Current Power: 75.08W
        Total Energy: 0.01kWh
        CPU Power: 45.08W
        Memory Power: 20.00W
        Network Power: 10.00W
    Cloud-AS:
        Queue Size: 5
        Tasks Processed: 3
        Average Processing Time: 107.47ms
        Average Queue Time: 162.87ms
        Average Response Time: 270.33ms
        Average Total Time: 253.18ms
        Current Power: 180.55W
        Total Energy: 0.01kWh
        CPU Power: 85.18W
        Memory Power: 84.48W
        Network Power: 10.89W

----------------------------------------------------------------------------------------------------
[2025-05-23 20:48:37.835] System Status Update
System-wide Statistics:
    Total Tasks in Queue: 4
    Total Tasks Processed: 6
    Active Nodes: 1

Power Consumption:
    Total System Power: 268.47W
    Total Energy Consumed: 0.02kWh

Node Status:
    Cloud-NA:
        Queue Size: 0
        Tasks Processed: 2
        Average Processing Time: 93.82ms
        Average Queue Time: 107.68ms
        Average Response Time: 201.49ms
        Average Total Time: 155.63ms
        Current Power: 75.08W
        Total Energy: 0.01kWh
        CPU Power: 45.08W
        Memory Power: 20.00W
        Network Power: 10.00W
    Cloud-AS:
        Queue Size: 4
        Tasks Processed: 4
        Average Processing Time: 107.12ms
        Average Queue Time: 175.32ms
        Average Response Time: 282.44ms
        Average Total Time: 273.53ms
        Current Power: 193.39W
        Total Energy: 0.01kWh
        CPU Power: 88.99W
        Memory Power: 93.51W
        Network Power: 10.89W

----------------------------------------------------------------------------------------------------
[2025-05-23 20:48:37.899] System Status Update
System-wide Statistics:
    Total Tasks in Queue: 3
    Total Tasks Processed: 7
    Active Nodes: 1

Power Consumption:
    Total System Power: 241.81W
    Total Energy Consumed: 0.02kWh

Node Status:
    Cloud-NA:
        Queue Size: 0
        Tasks Processed: 2
        Average Processing Time: 93.82ms
        Average Queue Time: 107.68ms
        Average Response Time: 201.49ms
        Average Total Time: 155.63ms
        Current Power: 75.08W
        Total Energy: 0.01kWh
        CPU Power: 45.08W
        Memory Power: 20.00W
        Network Power: 10.00W
    Cloud-AS:
        Queue Size: 3
        Tasks Processed: 5
        Average Processing Time: 111.39ms
        Average Queue Time: 195.79ms
        Average Response Time: 307.19ms
        Average Total Time: 293.51ms
        Current Power: 166.73W
        Total Energy: 0.01kWh
        CPU Power: 87.66W
        Memory Power: 68.18W
        Network Power: 10.89W

----------------------------------------------------------------------------------------------------
[2025-05-23 20:48:37.977] System Status Update
System-wide Statistics:
    Total Tasks in Queue: 2
    Total Tasks Processed: 8
    Active Nodes: 1

Power Consumption:
    Total System Power: 189.96W
    Total Energy Consumed: 0.03kWh

Node Status:
    Cloud-NA:
        Queue Size: 0
        Tasks Processed: 2
        Average Processing Time: 93.82ms
        Average Queue Time: 107.68ms
        Average Response Time: 201.49ms
        Average Total Time: 155.63ms
        Current Power: 75.08W
        Total Energy: 0.01kWh
        CPU Power: 45.08W
        Memory Power: 20.00W
        Network Power: 10.00W
    Cloud-AS:
        Queue Size: 2
        Tasks Processed: 6
        Average Processing Time: 114.74ms
        Average Queue Time: 221.53ms
        Average Response Time: 336.26ms
        Average Total Time: 321.00ms
        Current Power: 114.88W
        Total Energy: 0.02kWh
        CPU Power: 67.94W
        Memory Power: 36.49W
        Network Power: 10.44W

----------------------------------------------------------------------------------------------------
[2025-05-23 20:48:38.024] System Status Update
System-wide Statistics:
    Total Tasks in Queue: 1
    Total Tasks Processed: 9
    Active Nodes: 1

Power Consumption:
    Total System Power: 221.09W
    Total Energy Consumed: 0.03kWh

Node Status:
    Cloud-NA:
        Queue Size: 0
        Tasks Processed: 2
        Average Processing Time: 93.82ms
        Average Queue Time: 107.68ms
        Average Response Time: 201.49ms
        Average Total Time: 155.63ms
        Current Power: 75.08W
        Total Energy: 0.01kWh
        CPU Power: 45.08W
        Memory Power: 20.00W
        Network Power: 10.00W
    Cloud-AS:
        Queue Size: 1
        Tasks Processed: 7
        Average Processing Time: 115.43ms
        Average Queue Time: 248.29ms
        Average Response Time: 363.72ms
        Average Total Time: 350.22ms
        Current Power: 146.01W
        Total Energy: 0.02kWh
        CPU Power: 72.19W
        Memory Power: 63.38W
        Network Power: 10.44W

----------------------------------------------------------------------------------------------------
[2025-05-23 20:48:38.136] System Status Update
System-wide Statistics:
    Total Tasks in Queue: 0
    Total Tasks Processed: 10
    Active Nodes: 0

Power Consumption:
    Total System Power: 155.08W
    Total Energy Consumed: 0.04kWh

Node Status:
    Cloud-NA:
        Queue Size: 0
        Tasks Processed: 2
        Average Processing Time: 93.82ms
        Average Queue Time: 107.68ms
        Average Response Time: 201.49ms
        Average Total Time: 155.63ms
        Current Power: 75.08W
        Total Energy: 0.01kWh
        CPU Power: 45.08W
        Memory Power: 20.00W
        Network Power: 10.00W
    Cloud-AS:
        Queue Size: 0
        Tasks Processed: 8
        Average Processing Time: 119.49ms
        Average Queue Time: 281.23ms
        Average Response Time: 400.72ms
        Average Total Time: 385.44ms
        Current Power: 80.00W
        Total Energy: 0.02kWh
        CPU Power: 50.00W
        Memory Power: 20.00W
        Network Power: 10.00W

----------------------------------------------------------------------------------------------------
[2025-05-23 20:48:38.148] System Status Update
System-wide Statistics:
    Total Tasks in Queue: 0
    Total Tasks Processed: 10
    Active Nodes: 0

Power Consumption:
    Total System Power: 155.08W
    Total Energy Consumed: 0.04kWh

Node Status:
    Cloud-NA:
        Queue Size: 0
        Tasks Processed: 2
        Average Processing Time: 93.82ms
        Average Queue Time: 107.68ms
        Average Response Time: 201.49ms
        Average Total Time: 155.63ms
        Current Power: 75.08W
        Total Energy: 0.01kWh
        CPU Power: 45.08W
        Memory Power: 20.00W
        Network Power: 10.00W
    Cloud-AS:
        Queue Size: 0
        Tasks Processed: 8
        Average Processing Time: 119.49ms
        Average Queue Time: 281.23ms
        Average Response Time: 400.72ms
        Average Total Time: 385.44ms
        Current Power: 80.00W
        Total Energy: 0.02kWh
        CPU Power: 50.00W
        Memory Power: 20.00W
        Network Power: 10.00W

----------------------------------------------------------------------------------------------------
[2025-05-23 20:48:38.149] System Status Update
System-wide Statistics:
    Total Tasks in Queue: 0
    Total Tasks Processed: 10
    Active Nodes: 0

Power Consumption:
    Total System Power: 155.08W
    Total Energy Consumed: 0.04kWh

Node Status:
    Cloud-NA:
        Queue Size: 0
        Tasks Processed: 2
        Average Processing Time: 93.82ms
        Average Queue Time: 107.68ms
        Average Response Time: 201.49ms
        Average Total Time: 155.63ms
        Current Power: 75.08W
        Total Energy: 0.01kWh
        CPU Power: 45.08W
        Memory Power: 20.00W
        Network Power: 10.00W
    Cloud-AS:
        Queue Size: 0
        Tasks Processed: 8
        Average Processing Time: 119.49ms
        Average Queue Time: 281.23ms
        Average Response Time: 400.72ms
        Average Total Time: 385.44ms
        Current Power: 80.00W
        Total Energy: 0.02kWh
        CPU Power: 50.00W
        Memory Power: 20.00W
        Network Power: 10.00W

----------------------------------------------------------------------------------------------------
====================================================================================================
SCHEDULER SUMMARY REPORT - CLOUD Mode
====================================================================================================

System-wide Statistics:
    Total Tasks Processed: 10
    Total Processing Time: 1143.58ms
    Total Queue Time: 2465.18ms
    Total Transmission Time: 1073.55ms
    Total Response Time: 3608.76ms

Power Consumption Summary:
    Total System Power: 155.08W
    Total Energy Consumed: 0.04kWh
    Average Power per Node: 77.54W
    Average Energy per Node: 0.02kWh

Average Metrics:
    Processing Time: 114.36ms
    Queue Time: 246.52ms
    Transmission Time: 107.36ms
    Response Time: 360.88ms

Node Performance:

    Cloud-NA:
        Tasks Processed: 2
        Average Processing Time: 93.82ms
        Average Queue Time: 107.68ms
        Average Response Time: 201.49ms
        Current Queue Size: 0
        System Load: 0.0%
        Memory Utilization: 0.0%
        MIPS Utilization: 0.0%
        Bandwidth Utilization: 0.0%
        Current Power: 75.08W
        Total Energy: 0.01kWh

    Cloud-AS:
        Tasks Processed: 8
        Average Processing Time: 119.49ms
        Average Queue Time: 281.23ms
        Average Response Time: 400.72ms
        Current Queue Size: 0
        System Load: 0.0%
        Memory Utilization: 0.0%
        MIPS Utilization: 0.0%
        Bandwidth Utilization: 0.0%
        Current Power: 80.00W
        Total Energy: 0.02kWh

====================================================================================================