2025-06-03 09:27:48,605 - INFO - Total number of tasks in data structure: 10
2025-06-03 09:27:48,606 - INFO - 
Tuple Details:
2025-06-03 09:27:48,606 - INFO - Name: Tuple-0
2025-06-03 09:27:48,606 - INFO - ID: 71fac031-74d8-4d69-a47b-67a41db9d59e
2025-06-03 09:27:48,606 - INFO - Size: 270
2025-06-03 09:27:48,606 - INFO - MIPS: 900.0
2025-06-03 09:27:48,606 - INFO - RAM: 500
2025-06-03 09:27:48,606 - INFO - BW: 100
2025-06-03 09:27:48,606 - INFO - DataType: Large
2025-06-03 09:27:48,606 - INFO - DeviceType: Mobile
2025-06-03 09:27:48,606 - INFO - CreationTime: 2018-01-22T17:27:40
2025-06-03 09:27:48,606 - INFO - --------------------------------------------------
2025-06-03 09:27:48,606 - INFO - 
Tuple Details:
2025-06-03 09:27:48,606 - INFO - Name: Tuple-1
2025-06-03 09:27:48,606 - INFO - ID: b9ef1785-8a7e-45bc-bf84-3721ee2a63fb
2025-06-03 09:27:48,606 - INFO - Size: 80
2025-06-03 09:27:48,606 - INFO - MIPS: 50.0
2025-06-03 09:27:48,606 - INFO - RAM: 100
2025-06-03 09:27:48,606 - INFO - BW: 20
2025-06-03 09:27:48,606 - INFO - DataType: SmallTextual
2025-06-03 09:27:48,606 - INFO - DeviceType: Nodes
2025-06-03 09:27:48,606 - INFO - CreationTime: 2018-01-22T17:21:40
2025-06-03 09:27:48,606 - INFO - --------------------------------------------------
2025-06-03 09:27:48,606 - INFO - 
Tuple Details:
2025-06-03 09:27:48,606 - INFO - Name: Tuple-3
2025-06-03 09:27:48,606 - INFO - ID: cb061c3c-fc7b-4ea2-8de3-bd31a19ac169
2025-06-03 09:27:48,606 - INFO - Size: 300
2025-06-03 09:27:48,606 - INFO - MIPS: 120.0
2025-06-03 09:27:48,607 - INFO - RAM: 1024
2025-06-03 09:27:48,607 - INFO - BW: 150
2025-06-03 09:27:48,607 - INFO - DataType: Medical
2025-06-03 09:27:48,607 - INFO - DeviceType: DumbObjects
2025-06-03 09:27:48,607 - INFO - CreationTime: 2018-01-22T17:26:40
2025-06-03 09:27:48,607 - INFO - --------------------------------------------------
2025-06-03 09:27:48,607 - INFO - 
Tuple Details:
2025-06-03 09:27:48,607 - INFO - Name: Tuple-4
2025-06-03 09:27:48,607 - INFO - ID: aad61e68-b0e4-49e7-94ad-88fd4190c142
2025-06-03 09:27:48,607 - INFO - Size: 300
2025-06-03 09:27:48,607 - INFO - MIPS: 1200.0
2025-06-03 09:27:48,607 - INFO - RAM: 1024
2025-06-03 09:27:48,607 - INFO - BW: 150
2025-06-03 09:27:48,607 - INFO - DataType: Bulk
2025-06-03 09:27:48,607 - INFO - DeviceType: Nodes
2025-06-03 09:27:48,607 - INFO - CreationTime: 2018-01-22T16:47:40
2025-06-03 09:27:48,607 - INFO - --------------------------------------------------
2025-06-03 09:27:48,607 - INFO - 
Tuple Details:
2025-06-03 09:27:48,607 - INFO - Name: Tuple-5
2025-06-03 09:27:48,607 - INFO - ID: e2cb58f1-ffeb-4949-be03-da019f6b4ea6
2025-06-03 09:27:48,607 - INFO - Size: 130
2025-06-03 09:27:48,607 - INFO - MIPS: 200.0
2025-06-03 09:27:48,607 - INFO - RAM: 500
2025-06-03 09:27:48,607 - INFO - BW: 100
2025-06-03 09:27:48,607 - INFO - DataType: LocationBased
2025-06-03 09:27:48,607 - INFO - DeviceType: DumbObjects
2025-06-03 09:27:48,607 - INFO - CreationTime: 2018-01-22T17:21:40
2025-06-03 09:27:48,607 - INFO - --------------------------------------------------
2025-06-03 09:27:48,607 - INFO - 
Tuple Details:
2025-06-03 09:27:48,607 - INFO - Name: Tuple-9
2025-06-03 09:27:48,607 - INFO - ID: c65b0962-f60b-4c97-9eae-8eacf5d6d973
2025-06-03 09:27:48,608 - INFO - Size: 126
2025-06-03 09:27:48,608 - INFO - MIPS: 200.0
2025-06-03 09:27:48,608 - INFO - RAM: 500
2025-06-03 09:27:48,608 - INFO - BW: 100
2025-06-03 09:27:48,608 - INFO - DataType: Abrupt
2025-06-03 09:27:48,608 - INFO - DeviceType: Mobile
2025-06-03 09:27:48,608 - INFO - CreationTime: 2018-01-22T16:37:40
2025-06-03 09:27:48,608 - INFO - --------------------------------------------------
2025-06-03 09:27:48,608 - INFO - 
Tuple Details:
2025-06-03 09:27:48,608 - INFO - Name: Tuple-7169
2025-06-03 09:27:48,608 - INFO - ID: 85b4422a-6130-4b76-be02-d989fa9f59d5
2025-06-03 09:27:48,608 - INFO - Size: 170
2025-06-03 09:27:48,608 - INFO - MIPS: 700.0
2025-06-03 09:27:48,608 - INFO - RAM: 200
2025-06-03 09:27:48,608 - INFO - BW: 80
2025-06-03 09:27:48,608 - INFO - DataType: Bulk
2025-06-03 09:27:48,608 - INFO - DeviceType: Acuator
2025-06-03 09:27:48,608 - INFO - CreationTime: 2018-01-22T17:10:40
2025-06-03 09:27:48,608 - INFO - --------------------------------------------------
2025-06-03 09:27:48,608 - INFO - 
Tuple Details:
2025-06-03 09:27:48,608 - INFO - Name: Tuple-11620
2025-06-03 09:27:48,608 - INFO - ID: 108cab39-4e30-4d5a-b20a-3d52d5470766
2025-06-03 09:27:48,608 - INFO - Size: 170
2025-06-03 09:27:48,608 - INFO - MIPS: 100.0
2025-06-03 09:27:48,608 - INFO - RAM: 200
2025-06-03 09:27:48,608 - INFO - BW: 80
2025-06-03 09:27:48,608 - INFO - DataType: Medical
2025-06-03 09:27:48,608 - INFO - DeviceType: Nodes
2025-06-03 09:27:48,608 - INFO - CreationTime: 2018-01-22T17:10:40
2025-06-03 09:27:48,608 - INFO - --------------------------------------------------
2025-06-03 09:27:48,609 - INFO - 
Tuple Details:
2025-06-03 09:27:48,609 - INFO - Name: Tuple-1076
2025-06-03 09:27:48,609 - INFO - ID: 7ad589b5-bc7a-445a-b94a-3355766e5376
2025-06-03 09:27:48,609 - INFO - Size: 300
2025-06-03 09:27:48,609 - INFO - MIPS: 250.0
2025-06-03 09:27:48,609 - INFO - RAM: 1024
2025-06-03 09:27:48,609 - INFO - BW: 150
2025-06-03 09:27:48,609 - INFO - DataType: SmallTextual
2025-06-03 09:27:48,609 - INFO - DeviceType: Nodes
2025-06-03 09:27:48,609 - INFO - CreationTime: 2018-01-22T16:55:40
2025-06-03 09:27:48,609 - INFO - --------------------------------------------------
2025-06-03 09:27:48,609 - INFO - 
Tuple Details:
2025-06-03 09:27:48,609 - INFO - Name: Tuple-13823
2025-06-03 09:27:48,609 - INFO - ID: 119ab867-cb46-4153-9fd1-1204111fb383
2025-06-03 09:27:48,609 - INFO - Size: 170
2025-06-03 09:27:48,609 - INFO - MIPS: 100.0
2025-06-03 09:27:48,609 - INFO - RAM: 200
2025-06-03 09:27:48,609 - INFO - BW: 80
2025-06-03 09:27:48,609 - INFO - DataType: LocationBased
2025-06-03 09:27:48,609 - INFO - DeviceType: Nodes
2025-06-03 09:27:48,609 - INFO - CreationTime: 2018-01-22T17:26:40
2025-06-03 09:27:48,609 - INFO - --------------------------------------------------
